Command line invocation:
    /Applications/Xcode.app/Contents/Developer/usr/bin/xcodebuild -target Roots clean build

CreateBuildRequest

SendProjectDescription

CreateBuildOperation

** CLEAN SUCCEEDED **

ComputePackagePrebuildTargetDependencyGraph

Prepare packages

CreateBuildRequest

SendProjectDescription

CreateBuildOperation

ComputeTargetDependencyGraph
note: Building targets in dependency order
note: Target dependency graph (1 target)
    Target 'Roots' in project 'Roots' (no dependencies)

GatherProvisioningInputs

CreateBuildDescription

ExecuteExternalTool /Applications/Xcode.app/Contents/Developer/Toolchains/XcodeDefault.xctoolchain/usr/bin/clang -v -E -dM -isysroot /Applications/Xcode.app/Contents/Developer/Platforms/MacOSX.platform/Developer/SDKs/MacOSX26.1.sdk -x c -c /dev/null

ExecuteExternalTool /Applications/Xcode.app/Contents/Developer/usr/bin/actool --version --output-format xml1

ExecuteExternalTool /Applications/Xcode.app/Contents/Developer/Toolchains/XcodeDefault.xctoolchain/usr/bin/swiftc --version

ExecuteExternalTool /Applications/Xcode.app/Contents/Developer/Toolchains/XcodeDefault.xctoolchain/usr/bin/ld -version_details

Build description signature: 348fbfc435b1834d4706f05f6d046c45
Build description path: /Users/clevelandlewis/Documents/Roots/Roots/build/XCBuildData/348fbfc435b1834d4706f05f6d046c45.xcbuilddata
ClangStatCache /Applications/Xcode.app/Contents/Developer/Toolchains/XcodeDefault.xctoolchain/usr/bin/clang-stat-cache /Applications/Xcode.app/Contents/Developer/Platforms/MacOSX.platform/Developer/SDKs/MacOSX26.1.sdk /var/folders/wr/htbphpwn5x1cvhs4_p2v_vs80000gn/C/com.apple.DeveloperTools/26.1.1-17B100/Xcode/SDKStatCaches.noindex/macosx26.1-25B74-3885c01c3e6b6a337905948deab2002e3ae1261907bdadc328169391a47051a6.sdkstatcache
    cd /Users/clevelandlewis/Documents/Roots/Roots/Roots.xcodeproj
    /Applications/Xcode.app/Contents/Developer/Toolchains/XcodeDefault.xctoolchain/usr/bin/clang-stat-cache /Applications/Xcode.app/Contents/Developer/Platforms/MacOSX.platform/Developer/SDKs/MacOSX26.1.sdk -o /var/folders/wr/htbphpwn5x1cvhs4_p2v_vs80000gn/C/com.apple.DeveloperTools/26.1.1-17B100/Xcode/SDKStatCaches.noindex/macosx26.1-25B74-3885c01c3e6b6a337905948deab2002e3ae1261907bdadc328169391a47051a6.sdkstatcache

CreateBuildDirectory /Users/clevelandlewis/Documents/Roots/Roots/build
    cd /Users/clevelandlewis/Documents/Roots/Roots/Roots.xcodeproj
    builtin-create-build-directory /Users/clevelandlewis/Documents/Roots/Roots/build

CreateBuildDirectory /Users/clevelandlewis/Documents/Roots/Roots/build/Release
    cd /Users/clevelandlewis/Documents/Roots/Roots/Roots.xcodeproj
    builtin-create-build-directory /Users/clevelandlewis/Documents/Roots/Roots/build/Release

CreateBuildDirectory /Users/clevelandlewis/Documents/Roots/Roots/build/SwiftExplicitPrecompiledModules
    cd /Users/clevelandlewis/Documents/Roots/Roots/Roots.xcodeproj
    builtin-create-build-directory /Users/clevelandlewis/Documents/Roots/Roots/build/SwiftExplicitPrecompiledModules

CreateBuildDirectory /Users/clevelandlewis/Documents/Roots/Roots/build/EagerLinkingTBDs/Release
    cd /Users/clevelandlewis/Documents/Roots/Roots/Roots.xcodeproj
    builtin-create-build-directory /Users/clevelandlewis/Documents/Roots/Roots/build/EagerLinkingTBDs/Release

CreateBuildDirectory /Users/clevelandlewis/Documents/Roots/Roots/build/ExplicitPrecompiledModules
    cd /Users/clevelandlewis/Documents/Roots/Roots/Roots.xcodeproj
    builtin-create-build-directory /Users/clevelandlewis/Documents/Roots/Roots/build/ExplicitPrecompiledModules

WriteAuxiliaryFile /Users/clevelandlewis/Documents/Roots/Roots/build/Roots.build/Release/Roots-dbb88d1bbde1b270d3c6601e163097d9-VFS/all-product-headers.yaml
    cd /Users/clevelandlewis/Documents/Roots/Roots/Roots.xcodeproj
    write-file /Users/clevelandlewis/Documents/Roots/Roots/build/Roots.build/Release/Roots-dbb88d1bbde1b270d3c6601e163097d9-VFS/all-product-headers.yaml

WriteAuxiliaryFile /Users/clevelandlewis/Documents/Roots/Roots/build/Roots.build/Release/Roots.build/Roots.hmap (in target 'Roots' from project 'Roots')
    cd /Users/clevelandlewis/Documents/Roots/Roots
    write-file /Users/clevelandlewis/Documents/Roots/Roots/build/Roots.build/Release/Roots.build/Roots.hmap

WriteAuxiliaryFile /Users/clevelandlewis/Documents/Roots/Roots/build/Roots.build/Release/Roots.build/Roots.DependencyStaticMetadataFileList (in target 'Roots' from project 'Roots')
    cd /Users/clevelandlewis/Documents/Roots/Roots
    write-file /Users/clevelandlewis/Documents/Roots/Roots/build/Roots.build/Release/Roots.build/Roots.DependencyStaticMetadataFileList

WriteAuxiliaryFile /Users/clevelandlewis/Documents/Roots/Roots/build/Roots.build/Release/Roots.build/empty-Roots.plist (in target 'Roots' from project 'Roots')
    cd /Users/clevelandlewis/Documents/Roots/Roots
    write-file /Users/clevelandlewis/Documents/Roots/Roots/build/Roots.build/Release/Roots.build/empty-Roots.plist

WriteAuxiliaryFile /Users/clevelandlewis/Documents/Roots/Roots/build/Roots.build/Release/Roots.build/Roots.DependencyMetadataFileList (in target 'Roots' from project 'Roots')
    cd /Users/clevelandlewis/Documents/Roots/Roots
    write-file /Users/clevelandlewis/Documents/Roots/Roots/build/Roots.build/Release/Roots.build/Roots.DependencyMetadataFileList

WriteAuxiliaryFile /Users/clevelandlewis/Documents/Roots/Roots/build/Roots.build/Release/Roots.build/Roots-project-headers.hmap (in target 'Roots' from project 'Roots')
    cd /Users/clevelandlewis/Documents/Roots/Roots
    write-file /Users/clevelandlewis/Documents/Roots/Roots/build/Roots.build/Release/Roots.build/Roots-project-headers.hmap

WriteAuxiliaryFile /Users/clevelandlewis/Documents/Roots/Roots/build/Roots.build/Release/Roots.build/Roots-own-target-headers.hmap (in target 'Roots' from project 'Roots')
    cd /Users/clevelandlewis/Documents/Roots/Roots
    write-file /Users/clevelandlewis/Documents/Roots/Roots/build/Roots.build/Release/Roots.build/Roots-own-target-headers.hmap

WriteAuxiliaryFile /Users/clevelandlewis/Documents/Roots/Roots/build/Roots.build/Release/Roots.build/Roots-generated-files.hmap (in target 'Roots' from project 'Roots')
    cd /Users/clevelandlewis/Documents/Roots/Roots
    write-file /Users/clevelandlewis/Documents/Roots/Roots/build/Roots.build/Release/Roots.build/Roots-generated-files.hmap

WriteAuxiliaryFile /Users/clevelandlewis/Documents/Roots/Roots/build/Roots.build/Release/Roots.build/Roots-all-target-headers.hmap (in target 'Roots' from project 'Roots')
    cd /Users/clevelandlewis/Documents/Roots/Roots
    write-file /Users/clevelandlewis/Documents/Roots/Roots/build/Roots.build/Release/Roots.build/Roots-all-target-headers.hmap

WriteAuxiliaryFile /Users/clevelandlewis/Documents/Roots/Roots/build/Roots.build/Release/Roots.build/Objects-normal/x86_64/Roots_const_extract_protocols.json (in target 'Roots' from project 'Roots')
    cd /Users/clevelandlewis/Documents/Roots/Roots
    write-file /Users/clevelandlewis/Documents/Roots/Roots/build/Roots.build/Release/Roots.build/Objects-normal/x86_64/Roots_const_extract_protocols.json

WriteAuxiliaryFile /Users/clevelandlewis/Documents/Roots/Roots/build/Roots.build/Release/Roots.build/Roots-all-non-framework-target-headers.hmap (in target 'Roots' from project 'Roots')
    cd /Users/clevelandlewis/Documents/Roots/Roots
    write-file /Users/clevelandlewis/Documents/Roots/Roots/build/Roots.build/Release/Roots.build/Roots-all-non-framework-target-headers.hmap

WriteAuxiliaryFile /Users/clevelandlewis/Documents/Roots/Roots/build/Roots.build/Release/Roots.build/Objects-normal/x86_64/Roots.SwiftFileList (in target 'Roots' from project 'Roots')
    cd /Users/clevelandlewis/Documents/Roots/Roots
    write-file /Users/clevelandlewis/Documents/Roots/Roots/build/Roots.build/Release/Roots.build/Objects-normal/x86_64/Roots.SwiftFileList

WriteAuxiliaryFile /Users/clevelandlewis/Documents/Roots/Roots/build/Roots.build/Release/Roots.build/Objects-normal/x86_64/Roots.SwiftConstValuesFileList (in target 'Roots' from project 'Roots')
    cd /Users/clevelandlewis/Documents/Roots/Roots
    write-file /Users/clevelandlewis/Documents/Roots/Roots/build/Roots.build/Release/Roots.build/Objects-normal/x86_64/Roots.SwiftConstValuesFileList

WriteAuxiliaryFile /Users/clevelandlewis/Documents/Roots/Roots/build/Roots.build/Release/Roots.build/Objects-normal/x86_64/Roots.LinkFileList (in target 'Roots' from project 'Roots')
    cd /Users/clevelandlewis/Documents/Roots/Roots
    write-file /Users/clevelandlewis/Documents/Roots/Roots/build/Roots.build/Release/Roots.build/Objects-normal/x86_64/Roots.LinkFileList

WriteAuxiliaryFile /Users/clevelandlewis/Documents/Roots/Roots/build/Roots.build/Release/Roots.build/Objects-normal/x86_64/Roots-OutputFileMap.json (in target 'Roots' from project 'Roots')
    cd /Users/clevelandlewis/Documents/Roots/Roots
    write-file /Users/clevelandlewis/Documents/Roots/Roots/build/Roots.build/Release/Roots.build/Objects-normal/x86_64/Roots-OutputFileMap.json

WriteAuxiliaryFile /Users/clevelandlewis/Documents/Roots/Roots/build/Roots.build/Release/Roots.build/Objects-normal/arm64/Roots_const_extract_protocols.json (in target 'Roots' from project 'Roots')
    cd /Users/clevelandlewis/Documents/Roots/Roots
    write-file /Users/clevelandlewis/Documents/Roots/Roots/build/Roots.build/Release/Roots.build/Objects-normal/arm64/Roots_const_extract_protocols.json

WriteAuxiliaryFile /Users/clevelandlewis/Documents/Roots/Roots/build/Roots.build/Release/Roots.build/Objects-normal/arm64/Roots.SwiftFileList (in target 'Roots' from project 'Roots')
    cd /Users/clevelandlewis/Documents/Roots/Roots
    write-file /Users/clevelandlewis/Documents/Roots/Roots/build/Roots.build/Release/Roots.build/Objects-normal/arm64/Roots.SwiftFileList

WriteAuxiliaryFile /Users/clevelandlewis/Documents/Roots/Roots/build/Roots.build/Release/Roots.build/Objects-normal/arm64/Roots.SwiftConstValuesFileList (in target 'Roots' from project 'Roots')
    cd /Users/clevelandlewis/Documents/Roots/Roots
    write-file /Users/clevelandlewis/Documents/Roots/Roots/build/Roots.build/Release/Roots.build/Objects-normal/arm64/Roots.SwiftConstValuesFileList

WriteAuxiliaryFile /Users/clevelandlewis/Documents/Roots/Roots/build/Roots.build/Release/Roots.build/Objects-normal/arm64/Roots.LinkFileList (in target 'Roots' from project 'Roots')
    cd /Users/clevelandlewis/Documents/Roots/Roots
    write-file /Users/clevelandlewis/Documents/Roots/Roots/build/Roots.build/Release/Roots.build/Objects-normal/arm64/Roots.LinkFileList

WriteAuxiliaryFile /Users/clevelandlewis/Documents/Roots/Roots/build/Roots.build/Release/Roots.build/Objects-normal/arm64/Roots-OutputFileMap.json (in target 'Roots' from project 'Roots')
    cd /Users/clevelandlewis/Documents/Roots/Roots
    write-file /Users/clevelandlewis/Documents/Roots/Roots/build/Roots.build/Release/Roots.build/Objects-normal/arm64/Roots-OutputFileMap.json

WriteAuxiliaryFile /Users/clevelandlewis/Documents/Roots/Roots/build/Roots.build/Release/Roots.build/DerivedSources/Entitlements.plist (in target 'Roots' from project 'Roots')
    cd /Users/clevelandlewis/Documents/Roots/Roots
    write-file /Users/clevelandlewis/Documents/Roots/Roots/build/Roots.build/Release/Roots.build/DerivedSources/Entitlements.plist

MkDir /Users/clevelandlewis/Documents/Roots/Roots/build/Release/Roots.app/Contents/Resources (in target 'Roots' from project 'Roots')
    cd /Users/clevelandlewis/Documents/Roots/Roots
    /bin/mkdir -p /Users/clevelandlewis/Documents/Roots/Roots/build/Release/Roots.app/Contents/Resources

MkDir /Users/clevelandlewis/Documents/Roots/Roots/build/Release/Roots.app/Contents/MacOS (in target 'Roots' from project 'Roots')
    cd /Users/clevelandlewis/Documents/Roots/Roots
    /bin/mkdir -p /Users/clevelandlewis/Documents/Roots/Roots/build/Release/Roots.app/Contents/MacOS

MkDir /Users/clevelandlewis/Documents/Roots/Roots/build/Release/Roots.app/Contents (in target 'Roots' from project 'Roots')
    cd /Users/clevelandlewis/Documents/Roots/Roots
    /bin/mkdir -p /Users/clevelandlewis/Documents/Roots/Roots/build/Release/Roots.app/Contents

MkDir /Users/clevelandlewis/Documents/Roots/Roots/build/Release/Roots.app (in target 'Roots' from project 'Roots')
    cd /Users/clevelandlewis/Documents/Roots/Roots
    /bin/mkdir -p /Users/clevelandlewis/Documents/Roots/Roots/build/Release/Roots.app

ProcessProductPackaging "" /Users/clevelandlewis/Documents/Roots/Roots/build/Roots.build/Release/Roots.build/Roots.app.xcent (in target 'Roots' from project 'Roots')
    cd /Users/clevelandlewis/Documents/Roots/Roots
    
    Entitlements:
    
    {
    "com.apple.security.app-sandbox" = 1;
    "com.apple.security.automation.apple-events" = 1;
    "com.apple.security.files.user-selected.read-only" = 1;
    "com.apple.security.get-task-allow" = 1;
    "com.apple.security.personal-information.calendars" = 1;
}
    
    builtin-productPackagingUtility -entitlements -format xml -o /Users/clevelandlewis/Documents/Roots/Roots/build/Roots.build/Release/Roots.build/Roots.app.xcent

ProcessProductPackagingDER /Users/clevelandlewis/Documents/Roots/Roots/build/Roots.build/Release/Roots.build/Roots.app.xcent /Users/clevelandlewis/Documents/Roots/Roots/build/Roots.build/Release/Roots.build/Roots.app.xcent.der (in target 'Roots' from project 'Roots')
    cd /Users/clevelandlewis/Documents/Roots/Roots
    /usr/bin/derq query -f xml -i /Users/clevelandlewis/Documents/Roots/Roots/build/Roots.build/Release/Roots.build/Roots.app.xcent -o /Users/clevelandlewis/Documents/Roots/Roots/build/Roots.build/Release/Roots.build/Roots.app.xcent.der --raw

GenerateAssetSymbols /Users/clevelandlewis/Documents/Roots/Roots/Roots/Assets.xcassets (in target 'Roots' from project 'Roots')
    cd /Users/clevelandlewis/Documents/Roots/Roots
    /Applications/Xcode.app/Contents/Developer/usr/bin/actool /Users/clevelandlewis/Documents/Roots/Roots/Roots/Assets.xcassets --compile /Users/clevelandlewis/Documents/Roots/Roots/build/Release/Roots.app/Contents/Resources --output-format human-readable-text --notices --warnings --export-dependency-info /Users/clevelandlewis/Documents/Roots/Roots/build/Roots.build/Release/Roots.build/assetcatalog_dependencies --output-partial-info-plist /Users/clevelandlewis/Documents/Roots/Roots/build/Roots.build/Release/Roots.build/assetcatalog_generated_info.plist --app-icon AppIcon --accent-color AccentColor --enable-on-demand-resources NO --development-region en --target-device mac --minimum-deployment-target 26.1 --platform macosx --bundle-identifier clewisiii.Roots --generate-swift-asset-symbols /Users/clevelandlewis/Documents/Roots/Roots/build/Roots.build/Release/Roots.build/DerivedSources/GeneratedAssetSymbols.swift --generate-objc-asset-symbols /Users/clevelandlewis/Documents/Roots/Roots/build/Roots.build/Release/Roots.build/DerivedSources/GeneratedAssetSymbols.h --generate-asset-symbol-index /Users/clevelandlewis/Documents/Roots/Roots/build/Roots.build/Release/Roots.build/DerivedSources/GeneratedAssetSymbols-Index.plist
/* com.apple.actool.compilation-results */
/Users/clevelandlewis/Documents/Roots/Roots/build/Roots.build/Release/Roots.build/DerivedSources/GeneratedAssetSymbols-Index.plist
/Users/clevelandlewis/Documents/Roots/Roots/build/Roots.build/Release/Roots.build/DerivedSources/GeneratedAssetSymbols.h
/Users/clevelandlewis/Documents/Roots/Roots/build/Roots.build/Release/Roots.build/DerivedSources/GeneratedAssetSymbols.swift


MkDir /Users/clevelandlewis/Documents/Roots/Roots/build/Roots.build/Release/Roots.build/assetcatalog_output/thinned (in target 'Roots' from project 'Roots')
    cd /Users/clevelandlewis/Documents/Roots/Roots
    /bin/mkdir -p /Users/clevelandlewis/Documents/Roots/Roots/build/Roots.build/Release/Roots.build/assetcatalog_output/thinned

CpResource /Users/clevelandlewis/Documents/Roots/Roots/build/Release/Roots.app/Contents/Resources/xcodebuild_test_verbose.log /Users/clevelandlewis/Documents/Roots/Roots/Roots/xcodebuild_test_verbose.log (in target 'Roots' from project 'Roots')
    cd /Users/clevelandlewis/Documents/Roots/Roots
    builtin-copy -exclude .DS_Store -exclude CVS -exclude .svn -exclude .git -exclude .hg -resolve-src-symlinks /Users/clevelandlewis/Documents/Roots/Roots/Roots/xcodebuild_test_verbose.log /Users/clevelandlewis/Documents/Roots/Roots/build/Release/Roots.app/Contents/Resources

MkDir /Users/clevelandlewis/Documents/Roots/Roots/build/Roots.build/Release/Roots.build/assetcatalog_output/unthinned (in target 'Roots' from project 'Roots')
    cd /Users/clevelandlewis/Documents/Roots/Roots
    /bin/mkdir -p /Users/clevelandlewis/Documents/Roots/Roots/build/Roots.build/Release/Roots.build/assetcatalog_output/unthinned

CpResource /Users/clevelandlewis/Documents/Roots/Roots/build/Release/Roots.app/Contents/Resources/xcodebuild_list.log /Users/clevelandlewis/Documents/Roots/Roots/Roots/xcodebuild_list.log (in target 'Roots' from project 'Roots')
    cd /Users/clevelandlewis/Documents/Roots/Roots
    builtin-copy -exclude .DS_Store -exclude CVS -exclude .svn -exclude .git -exclude .hg -resolve-src-symlinks /Users/clevelandlewis/Documents/Roots/Roots/Roots/xcodebuild_list.log /Users/clevelandlewis/Documents/Roots/Roots/build/Release/Roots.app/Contents/Resources

CpResource /Users/clevelandlewis/Documents/Roots/Roots/build/Release/Roots.app/Contents/Resources/xcodebuild_after_edit_build.log /Users/clevelandlewis/Documents/Roots/Roots/Roots/xcodebuild_after_edit_build.log (in target 'Roots' from project 'Roots')
    cd /Users/clevelandlewis/Documents/Roots/Roots
    builtin-copy -exclude .DS_Store -exclude CVS -exclude .svn -exclude .git -exclude .hg -resolve-src-symlinks /Users/clevelandlewis/Documents/Roots/Roots/Roots/xcodebuild_after_edit_build.log /Users/clevelandlewis/Documents/Roots/Roots/build/Release/Roots.app/Contents/Resources

CpResource /Users/clevelandlewis/Documents/Roots/Roots/build/Release/Roots.app/Contents/Resources/PrivacyInfo.xcprivacy /Users/clevelandlewis/Documents/Roots/Roots/Roots/PrivacyInfo.xcprivacy (in target 'Roots' from project 'Roots')
    cd /Users/clevelandlewis/Documents/Roots/Roots
    builtin-copy -exclude .DS_Store -exclude CVS -exclude .svn -exclude .git -exclude .hg -resolve-src-symlinks /Users/clevelandlewis/Documents/Roots/Roots/Roots/PrivacyInfo.xcprivacy /Users/clevelandlewis/Documents/Roots/Roots/build/Release/Roots.app/Contents/Resources

CompileAssetCatalogVariant thinned /Users/clevelandlewis/Documents/Roots/Roots/build/Release/Roots.app/Contents/Resources /Users/clevelandlewis/Documents/Roots/Roots/Roots/Assets.xcassets (in target 'Roots' from project 'Roots')
    cd /Users/clevelandlewis/Documents/Roots/Roots
    /Applications/Xcode.app/Contents/Developer/usr/bin/actool /Users/clevelandlewis/Documents/Roots/Roots/Roots/Assets.xcassets --compile /Users/clevelandlewis/Documents/Roots/Roots/build/Roots.build/Release/Roots.build/assetcatalog_output/thinned --output-format human-readable-text --notices --warnings --export-dependency-info /Users/clevelandlewis/Documents/Roots/Roots/build/Roots.build/Release/Roots.build/assetcatalog_dependencies_thinned --output-partial-info-plist /Users/clevelandlewis/Documents/Roots/Roots/build/Roots.build/Release/Roots.build/assetcatalog_generated_info.plist_thinned --app-icon AppIcon --accent-color AccentColor --enable-on-demand-resources NO --development-region en --target-device mac --minimum-deployment-target 26.1 --platform macosx
/* com.apple.actool.compilation-results */
/Users/clevelandlewis/Documents/Roots/Roots/build/Roots.build/Release/Roots.build/assetcatalog_generated_info.plist_thinned


LinkAssetCatalog /Users/clevelandlewis/Documents/Roots/Roots/Roots/Assets.xcassets (in target 'Roots' from project 'Roots')
    cd /Users/clevelandlewis/Documents/Roots/Roots
    builtin-linkAssetCatalog --thinned /Users/clevelandlewis/Documents/Roots/Roots/build/Roots.build/Release/Roots.build/assetcatalog_output/thinned --thinned-dependencies /Users/clevelandlewis/Documents/Roots/Roots/build/Roots.build/Release/Roots.build/assetcatalog_dependencies_thinned --thinned-info-plist-content /Users/clevelandlewis/Documents/Roots/Roots/build/Roots.build/Release/Roots.build/assetcatalog_generated_info.plist_thinned --unthinned /Users/clevelandlewis/Documents/Roots/Roots/build/Roots.build/Release/Roots.build/assetcatalog_output/unthinned --unthinned-dependencies /Users/clevelandlewis/Documents/Roots/Roots/build/Roots.build/Release/Roots.build/assetcatalog_dependencies_unthinned --unthinned-info-plist-content /Users/clevelandlewis/Documents/Roots/Roots/build/Roots.build/Release/Roots.build/assetcatalog_generated_info.plist_unthinned --output /Users/clevelandlewis/Documents/Roots/Roots/build/Release/Roots.app/Contents/Resources --plist-output /Users/clevelandlewis/Documents/Roots/Roots/build/Roots.build/Release/Roots.build/assetcatalog_generated_info.plist

ProcessInfoPlistFile /Users/clevelandlewis/Documents/Roots/Roots/build/Release/Roots.app/Contents/Info.plist /Users/clevelandlewis/Documents/Roots/Roots/build/Roots.build/Release/Roots.build/empty-Roots.plist (in target 'Roots' from project 'Roots')
    cd /Users/clevelandlewis/Documents/Roots/Roots
    builtin-infoPlistUtility /Users/clevelandlewis/Documents/Roots/Roots/build/Roots.build/Release/Roots.build/empty-Roots.plist -producttype com.apple.product-type.application -genpkginfo /Users/clevelandlewis/Documents/Roots/Roots/build/Release/Roots.app/Contents/PkgInfo -expandbuildsettings -platform macosx -additionalcontentfile /Users/clevelandlewis/Documents/Roots/Roots/build/Roots.build/Release/Roots.build/assetcatalog_generated_info.plist -o /Users/clevelandlewis/Documents/Roots/Roots/build/Release/Roots.app/Contents/Info.plist

SwiftDriver Roots normal arm64 com.apple.xcode.tools.swift.compiler (in target 'Roots' from project 'Roots')
    cd /Users/clevelandlewis/Documents/Roots/Roots
    builtin-SwiftDriver -- /Applications/Xcode.app/Contents/Developer/Toolchains/XcodeDefault.xctoolchain/usr/bin/swiftc -module-name Roots -O -whole-module-optimization -enforce-exclusivity\=checked @/Users/clevelandlewis/Documents/Roots/Roots/build/Roots.build/Release/Roots.build/Objects-normal/arm64/Roots.SwiftFileList -default-isolation\=MainActor -enable-bare-slash-regex -enable-upcoming-feature DisableOutwardActorInference -enable-upcoming-feature InferSendableFromCaptures -enable-upcoming-feature GlobalActorIsolatedTypesUsability -enable-upcoming-feature MemberImportVisibility -enable-upcoming-feature InferIsolatedConformances -enable-upcoming-feature NonisolatedNonsendingByDefault -enable-experimental-feature DebugDescriptionMacro -sdk /Applications/Xcode.app/Contents/Developer/Platforms/MacOSX.platform/Developer/SDKs/MacOSX26.1.sdk -target arm64-apple-macos26.1 -g -Xfrontend -serialize-debugging-options -swift-version 5 -I /Users/clevelandlewis/Documents/Roots/Roots/build/Release -F /Users/clevelandlewis/Documents/Roots/Roots/build/Release -emit-localized-strings -emit-localized-strings-path /Users/clevelandlewis/Documents/Roots/Roots/build/Roots.build/Release/Roots.build/Objects-normal/arm64 -c -num-threads 8 -Xcc -ivfsstatcache -Xcc /var/folders/wr/htbphpwn5x1cvhs4_p2v_vs80000gn/C/com.apple.DeveloperTools/26.1.1-17B100/Xcode/SDKStatCaches.noindex/macosx26.1-25B74-3885c01c3e6b6a337905948deab2002e3ae1261907bdadc328169391a47051a6.sdkstatcache -output-file-map /Users/clevelandlewis/Documents/Roots/Roots/build/Roots.build/Release/Roots.build/Objects-normal/arm64/Roots-OutputFileMap.json -use-frontend-parseable-output -save-temps -no-color-diagnostics -explicit-module-build -module-cache-path /Users/clevelandlewis/Documents/Roots/Roots/build/SwiftExplicitPrecompiledModules -serialize-diagnostics -emit-dependencies -emit-module -emit-module-path /Users/clevelandlewis/Documents/Roots/Roots/build/Roots.build/Release/Roots.build/Objects-normal/arm64/Roots.swiftmodule -validate-clang-modules-once -clang-build-session-file /var/folders/wr/htbphpwn5x1cvhs4_p2v_vs80000gn/C/org.llvm.clang/ModuleCache.noindex/Session.modulevalidation -Xcc -I/Users/clevelandlewis/Documents/Roots/Roots/build/Roots.build/Release/Roots.build/swift-overrides.hmap -emit-const-values -Xfrontend -const-gather-protocols-file -Xfrontend /Users/clevelandlewis/Documents/Roots/Roots/build/Roots.build/Release/Roots.build/Objects-normal/arm64/Roots_const_extract_protocols.json -Xcc -iquote -Xcc /Users/clevelandlewis/Documents/Roots/Roots/build/Roots.build/Release/Roots.build/Roots-generated-files.hmap -Xcc -I/Users/clevelandlewis/Documents/Roots/Roots/build/Roots.build/Release/Roots.build/Roots-own-target-headers.hmap -Xcc -I/Users/clevelandlewis/Documents/Roots/Roots/build/Roots.build/Release/Roots.build/Roots-all-target-headers.hmap -Xcc -iquote -Xcc /Users/clevelandlewis/Documents/Roots/Roots/build/Roots.build/Release/Roots.build/Roots-project-headers.hmap -Xcc -I/Users/clevelandlewis/Documents/Roots/Roots/build/Release/include -Xcc -I/Users/clevelandlewis/Documents/Roots/Roots/build/Roots.build/Release/Roots.build/DerivedSources-normal/arm64 -Xcc -I/Users/clevelandlewis/Documents/Roots/Roots/build/Roots.build/Release/Roots.build/DerivedSources/arm64 -Xcc -I/Users/clevelandlewis/Documents/Roots/Roots/build/Roots.build/Release/Roots.build/DerivedSources -emit-objc-header -emit-objc-header-path /Users/clevelandlewis/Documents/Roots/Roots/build/Roots.build/Release/Roots.build/Objects-normal/arm64/Roots-Swift.h -working-directory /Users/clevelandlewis/Documents/Roots/Roots -no-emit-module-separately-wmo

SwiftDriver Roots normal x86_64 com.apple.xcode.tools.swift.compiler (in target 'Roots' from project 'Roots')
    cd /Users/clevelandlewis/Documents/Roots/Roots
    builtin-SwiftDriver -- /Applications/Xcode.app/Contents/Developer/Toolchains/XcodeDefault.xctoolchain/usr/bin/swiftc -module-name Roots -O -whole-module-optimization -enforce-exclusivity\=checked @/Users/clevelandlewis/Documents/Roots/Roots/build/Roots.build/Release/Roots.build/Objects-normal/x86_64/Roots.SwiftFileList -default-isolation\=MainActor -enable-bare-slash-regex -enable-upcoming-feature DisableOutwardActorInference -enable-upcoming-feature InferSendableFromCaptures -enable-upcoming-feature GlobalActorIsolatedTypesUsability -enable-upcoming-feature MemberImportVisibility -enable-upcoming-feature InferIsolatedConformances -enable-upcoming-feature NonisolatedNonsendingByDefault -enable-experimental-feature DebugDescriptionMacro -sdk /Applications/Xcode.app/Contents/Developer/Platforms/MacOSX.platform/Developer/SDKs/MacOSX26.1.sdk -target x86_64-apple-macos26.1 -g -Xfrontend -serialize-debugging-options -swift-version 5 -I /Users/clevelandlewis/Documents/Roots/Roots/build/Release -F /Users/clevelandlewis/Documents/Roots/Roots/build/Release -emit-localized-strings -emit-localized-strings-path /Users/clevelandlewis/Documents/Roots/Roots/build/Roots.build/Release/Roots.build/Objects-normal/x86_64 -c -num-threads 8 -Xcc -ivfsstatcache -Xcc /var/folders/wr/htbphpwn5x1cvhs4_p2v_vs80000gn/C/com.apple.DeveloperTools/26.1.1-17B100/Xcode/SDKStatCaches.noindex/macosx26.1-25B74-3885c01c3e6b6a337905948deab2002e3ae1261907bdadc328169391a47051a6.sdkstatcache -output-file-map /Users/clevelandlewis/Documents/Roots/Roots/build/Roots.build/Release/Roots.build/Objects-normal/x86_64/Roots-OutputFileMap.json -use-frontend-parseable-output -save-temps -no-color-diagnostics -explicit-module-build -module-cache-path /Users/clevelandlewis/Documents/Roots/Roots/build/SwiftExplicitPrecompiledModules -serialize-diagnostics -emit-dependencies -emit-module -emit-module-path /Users/clevelandlewis/Documents/Roots/Roots/build/Roots.build/Release/Roots.build/Objects-normal/x86_64/Roots.swiftmodule -validate-clang-modules-once -clang-build-session-file /var/folders/wr/htbphpwn5x1cvhs4_p2v_vs80000gn/C/org.llvm.clang/ModuleCache.noindex/Session.modulevalidation -Xcc -I/Users/clevelandlewis/Documents/Roots/Roots/build/Roots.build/Release/Roots.build/swift-overrides.hmap -emit-const-values -Xfrontend -const-gather-protocols-file -Xfrontend /Users/clevelandlewis/Documents/Roots/Roots/build/Roots.build/Release/Roots.build/Objects-normal/x86_64/Roots_const_extract_protocols.json -Xcc -iquote -Xcc /Users/clevelandlewis/Documents/Roots/Roots/build/Roots.build/Release/Roots.build/Roots-generated-files.hmap -Xcc -I/Users/clevelandlewis/Documents/Roots/Roots/build/Roots.build/Release/Roots.build/Roots-own-target-headers.hmap -Xcc -I/Users/clevelandlewis/Documents/Roots/Roots/build/Roots.build/Release/Roots.build/Roots-all-target-headers.hmap -Xcc -iquote -Xcc /Users/clevelandlewis/Documents/Roots/Roots/build/Roots.build/Release/Roots.build/Roots-project-headers.hmap -Xcc -I/Users/clevelandlewis/Documents/Roots/Roots/build/Release/include -Xcc -I/Users/clevelandlewis/Documents/Roots/Roots/build/Roots.build/Release/Roots.build/DerivedSources-normal/x86_64 -Xcc -I/Users/clevelandlewis/Documents/Roots/Roots/build/Roots.build/Release/Roots.build/DerivedSources/x86_64 -Xcc -I/Users/clevelandlewis/Documents/Roots/Roots/build/Roots.build/Release/Roots.build/DerivedSources -emit-objc-header -emit-objc-header-path /Users/clevelandlewis/Documents/Roots/Roots/build/Roots.build/Release/Roots.build/Objects-normal/x86_64/Roots-Swift.h -working-directory /Users/clevelandlewis/Documents/Roots/Roots -no-emit-module-separately-wmo

SwiftDriver\ Compilation Roots normal arm64 com.apple.xcode.tools.swift.compiler (in target 'Roots' from project 'Roots')
    cd /Users/clevelandlewis/Documents/Roots/Roots
    builtin-Swift-Compilation -- /Applications/Xcode.app/Contents/Developer/Toolchains/XcodeDefault.xctoolchain/usr/bin/swiftc -module-name Roots -O -whole-module-optimization -enforce-exclusivity\=checked @/Users/clevelandlewis/Documents/Roots/Roots/build/Roots.build/Release/Roots.build/Objects-normal/arm64/Roots.SwiftFileList -default-isolation\=MainActor -enable-bare-slash-regex -enable-upcoming-feature DisableOutwardActorInference -enable-upcoming-feature InferSendableFromCaptures -enable-upcoming-feature GlobalActorIsolatedTypesUsability -enable-upcoming-feature MemberImportVisibility -enable-upcoming-feature InferIsolatedConformances -enable-upcoming-feature NonisolatedNonsendingByDefault -enable-experimental-feature DebugDescriptionMacro -sdk /Applications/Xcode.app/Contents/Developer/Platforms/MacOSX.platform/Developer/SDKs/MacOSX26.1.sdk -target arm64-apple-macos26.1 -g -Xfrontend -serialize-debugging-options -swift-version 5 -I /Users/clevelandlewis/Documents/Roots/Roots/build/Release -F /Users/clevelandlewis/Documents/Roots/Roots/build/Release -emit-localized-strings -emit-localized-strings-path /Users/clevelandlewis/Documents/Roots/Roots/build/Roots.build/Release/Roots.build/Objects-normal/arm64 -c -num-threads 8 -Xcc -ivfsstatcache -Xcc /var/folders/wr/htbphpwn5x1cvhs4_p2v_vs80000gn/C/com.apple.DeveloperTools/26.1.1-17B100/Xcode/SDKStatCaches.noindex/macosx26.1-25B74-3885c01c3e6b6a337905948deab2002e3ae1261907bdadc328169391a47051a6.sdkstatcache -output-file-map /Users/clevelandlewis/Documents/Roots/Roots/build/Roots.build/Release/Roots.build/Objects-normal/arm64/Roots-OutputFileMap.json -use-frontend-parseable-output -save-temps -no-color-diagnostics -explicit-module-build -module-cache-path /Users/clevelandlewis/Documents/Roots/Roots/build/SwiftExplicitPrecompiledModules -serialize-diagnostics -emit-dependencies -emit-module -emit-module-path /Users/clevelandlewis/Documents/Roots/Roots/build/Roots.build/Release/Roots.build/Objects-normal/arm64/Roots.swiftmodule -validate-clang-modules-once -clang-build-session-file /var/folders/wr/htbphpwn5x1cvhs4_p2v_vs80000gn/C/org.llvm.clang/ModuleCache.noindex/Session.modulevalidation -Xcc -I/Users/clevelandlewis/Documents/Roots/Roots/build/Roots.build/Release/Roots.build/swift-overrides.hmap -emit-const-values -Xfrontend -const-gather-protocols-file -Xfrontend /Users/clevelandlewis/Documents/Roots/Roots/build/Roots.build/Release/Roots.build/Objects-normal/arm64/Roots_const_extract_protocols.json -Xcc -iquote -Xcc /Users/clevelandlewis/Documents/Roots/Roots/build/Roots.build/Release/Roots.build/Roots-generated-files.hmap -Xcc -I/Users/clevelandlewis/Documents/Roots/Roots/build/Roots.build/Release/Roots.build/Roots-own-target-headers.hmap -Xcc -I/Users/clevelandlewis/Documents/Roots/Roots/build/Roots.build/Release/Roots.build/Roots-all-target-headers.hmap -Xcc -iquote -Xcc /Users/clevelandlewis/Documents/Roots/Roots/build/Roots.build/Release/Roots.build/Roots-project-headers.hmap -Xcc -I/Users/clevelandlewis/Documents/Roots/Roots/build/Release/include -Xcc -I/Users/clevelandlewis/Documents/Roots/Roots/build/Roots.build/Release/Roots.build/DerivedSources-normal/arm64 -Xcc -I/Users/clevelandlewis/Documents/Roots/Roots/build/Roots.build/Release/Roots.build/DerivedSources/arm64 -Xcc -I/Users/clevelandlewis/Documents/Roots/Roots/build/Roots.build/Release/Roots.build/DerivedSources -emit-objc-header -emit-objc-header-path /Users/clevelandlewis/Documents/Roots/Roots/build/Roots.build/Release/Roots.build/Objects-normal/arm64/Roots-Swift.h -working-directory /Users/clevelandlewis/Documents/Roots/Roots -no-emit-module-separately-wmo

SwiftExplicitDependencyGeneratePcm arm64 /Users/clevelandlewis/Documents/Roots/Roots/build/SwiftExplicitPrecompiledModules/_Builtin_float-D26Z580NAG2PEXABK7PBRD0KF.pcm

SwiftExplicitDependencyGeneratePcm arm64 /Users/clevelandlewis/Documents/Roots/Roots/build/SwiftExplicitPrecompiledModules/_Builtin_stddef-8VGIU57QWMFSMUSCHGARQ8G01.pcm

SwiftExplicitDependencyGeneratePcm arm64 /Users/clevelandlewis/Documents/Roots/Roots/build/SwiftExplicitPrecompiledModules/SwiftShims-CUPMSB2T59HI9NXOEAPA5YTCN.pcm

SwiftExplicitDependencyGeneratePcm arm64 /Users/clevelandlewis/Documents/Roots/Roots/build/SwiftExplicitPrecompiledModules/ptrcheck-6OGDAMKXTBD7WDFONIM45BH31.pcm

SwiftExplicitDependencyGeneratePcm arm64 /Users/clevelandlewis/Documents/Roots/Roots/build/SwiftExplicitPrecompiledModules/_Builtin_stdbool-AMDL9XO7A8072JHDZ966B9XU1.pcm

SwiftExplicitDependencyGeneratePcm arm64 /Users/clevelandlewis/Documents/Roots/Roots/build/SwiftExplicitPrecompiledModules/DeveloperToolsSupport-2BRBFBT5OXRK1KWDXA1IJY54.pcm

SwiftExplicitDependencyGeneratePcm arm64 /Users/clevelandlewis/Documents/Roots/Roots/build/SwiftExplicitPrecompiledModules/_Builtin_stdarg-BT99F8RQOLYWZIAVHMMVSNNO7.pcm

SwiftExplicitDependencyGeneratePcm arm64 /Users/clevelandlewis/Documents/Roots/Roots/build/SwiftExplicitPrecompiledModules/ptrauth-5QYQB5A7BJPT9FIY0R6S6S8MT.pcm

SwiftExplicitDependencyGeneratePcm x86_64 /Users/clevelandlewis/Documents/Roots/Roots/build/SwiftExplicitPrecompiledModules/_Builtin_stddef-A65G9ZISOW93ZM0KWYE8GTP89.pcm

SwiftExplicitDependencyGeneratePcm x86_64 /Users/clevelandlewis/Documents/Roots/Roots/build/SwiftExplicitPrecompiledModules/ptrcheck-464Y09WZTBLI4Z4YEB4KMXCYT.pcm

SwiftExplicitDependencyGeneratePcm x86_64 /Users/clevelandlewis/Documents/Roots/Roots/build/SwiftExplicitPrecompiledModules/DeveloperToolsSupport-75QTUKMULJ73DMJISV301T1E.pcm

SwiftExplicitDependencyGeneratePcm x86_64 /Users/clevelandlewis/Documents/Roots/Roots/build/SwiftExplicitPrecompiledModules/_Builtin_stdbool-5I1C9MDSC5DCFG000GM3ABPCG.pcm

SwiftExplicitDependencyGeneratePcm x86_64 /Users/clevelandlewis/Documents/Roots/Roots/build/SwiftExplicitPrecompiledModules/_SwiftConcurrencyShims-C7WV4KZBBQ0O1VTE04VEBES8E.pcm

SwiftExplicitDependencyGeneratePcm x86_64 /Users/clevelandlewis/Documents/Roots/Roots/build/SwiftExplicitPrecompiledModules/ptrauth-BFTGD3UPKE8HR2RCJM4MNHUAB.pcm

SwiftExplicitDependencyGeneratePcm x86_64 /Users/clevelandlewis/Documents/Roots/Roots/build/SwiftExplicitPrecompiledModules/_AvailabilityInternal-1Q3INGKC19P6IK2XIJGAG1D1O.pcm

SwiftExplicitDependencyGeneratePcm x86_64 /Users/clevelandlewis/Documents/Roots/Roots/build/SwiftExplicitPrecompiledModules/_Builtin_float-68PNJIB9N824YPTFRB0MEFTRK.pcm

SwiftExplicitDependencyGeneratePcm x86_64 /Users/clevelandlewis/Documents/Roots/Roots/build/SwiftExplicitPrecompiledModules/_Builtin_stdarg-7CNLIXPXJ9AKJDCTSJZSQZ4OY.pcm

SwiftExplicitDependencyGeneratePcm arm64 /Users/clevelandlewis/Documents/Roots/Roots/build/SwiftExplicitPrecompiledModules/_AvailabilityInternal-7ZM7QSS9XTJFT72R17PRKEE36.pcm

SwiftExplicitDependencyGeneratePcm arm64 /Users/clevelandlewis/Documents/Roots/Roots/build/SwiftExplicitPrecompiledModules/_SwiftConcurrencyShims-8P0C5ST042YC9WCOCHKLY67SG.pcm

SwiftExplicitDependencyGeneratePcm x86_64 /Users/clevelandlewis/Documents/Roots/Roots/build/SwiftExplicitPrecompiledModules/SwiftShims-8LETXFE2HC9GTTCIE3L9FMH4A.pcm

SwiftDriver\ Compilation Roots normal x86_64 com.apple.xcode.tools.swift.compiler (in target 'Roots' from project 'Roots')
    cd /Users/clevelandlewis/Documents/Roots/Roots
    builtin-Swift-Compilation -- /Applications/Xcode.app/Contents/Developer/Toolchains/XcodeDefault.xctoolchain/usr/bin/swiftc -module-name Roots -O -whole-module-optimization -enforce-exclusivity\=checked @/Users/clevelandlewis/Documents/Roots/Roots/build/Roots.build/Release/Roots.build/Objects-normal/x86_64/Roots.SwiftFileList -default-isolation\=MainActor -enable-bare-slash-regex -enable-upcoming-feature DisableOutwardActorInference -enable-upcoming-feature InferSendableFromCaptures -enable-upcoming-feature GlobalActorIsolatedTypesUsability -enable-upcoming-feature MemberImportVisibility -enable-upcoming-feature InferIsolatedConformances -enable-upcoming-feature NonisolatedNonsendingByDefault -enable-experimental-feature DebugDescriptionMacro -sdk /Applications/Xcode.app/Contents/Developer/Platforms/MacOSX.platform/Developer/SDKs/MacOSX26.1.sdk -target x86_64-apple-macos26.1 -g -Xfrontend -serialize-debugging-options -swift-version 5 -I /Users/clevelandlewis/Documents/Roots/Roots/build/Release -F /Users/clevelandlewis/Documents/Roots/Roots/build/Release -emit-localized-strings -emit-localized-strings-path /Users/clevelandlewis/Documents/Roots/Roots/build/Roots.build/Release/Roots.build/Objects-normal/x86_64 -c -num-threads 8 -Xcc -ivfsstatcache -Xcc /var/folders/wr/htbphpwn5x1cvhs4_p2v_vs80000gn/C/com.apple.DeveloperTools/26.1.1-17B100/Xcode/SDKStatCaches.noindex/macosx26.1-25B74-3885c01c3e6b6a337905948deab2002e3ae1261907bdadc328169391a47051a6.sdkstatcache -output-file-map /Users/clevelandlewis/Documents/Roots/Roots/build/Roots.build/Release/Roots.build/Objects-normal/x86_64/Roots-OutputFileMap.json -use-frontend-parseable-output -save-temps -no-color-diagnostics -explicit-module-build -module-cache-path /Users/clevelandlewis/Documents/Roots/Roots/build/SwiftExplicitPrecompiledModules -serialize-diagnostics -emit-dependencies -emit-module -emit-module-path /Users/clevelandlewis/Documents/Roots/Roots/build/Roots.build/Release/Roots.build/Objects-normal/x86_64/Roots.swiftmodule -validate-clang-modules-once -clang-build-session-file /var/folders/wr/htbphpwn5x1cvhs4_p2v_vs80000gn/C/org.llvm.clang/ModuleCache.noindex/Session.modulevalidation -Xcc -I/Users/clevelandlewis/Documents/Roots/Roots/build/Roots.build/Release/Roots.build/swift-overrides.hmap -emit-const-values -Xfrontend -const-gather-protocols-file -Xfrontend /Users/clevelandlewis/Documents/Roots/Roots/build/Roots.build/Release/Roots.build/Objects-normal/x86_64/Roots_const_extract_protocols.json -Xcc -iquote -Xcc /Users/clevelandlewis/Documents/Roots/Roots/build/Roots.build/Release/Roots.build/Roots-generated-files.hmap -Xcc -I/Users/clevelandlewis/Documents/Roots/Roots/build/Roots.build/Release/Roots.build/Roots-own-target-headers.hmap -Xcc -I/Users/clevelandlewis/Documents/Roots/Roots/build/Roots.build/Release/Roots.build/Roots-all-target-headers.hmap -Xcc -iquote -Xcc /Users/clevelandlewis/Documents/Roots/Roots/build/Roots.build/Release/Roots.build/Roots-project-headers.hmap -Xcc -I/Users/clevelandlewis/Documents/Roots/Roots/build/Release/include -Xcc -I/Users/clevelandlewis/Documents/Roots/Roots/build/Roots.build/Release/Roots.build/DerivedSources-normal/x86_64 -Xcc -I/Users/clevelandlewis/Documents/Roots/Roots/build/Roots.build/Release/Roots.build/DerivedSources/x86_64 -Xcc -I/Users/clevelandlewis/Documents/Roots/Roots/build/Roots.build/Release/Roots.build/DerivedSources -emit-objc-header -emit-objc-header-path /Users/clevelandlewis/Documents/Roots/Roots/build/Roots.build/Release/Roots.build/Objects-normal/x86_64/Roots-Swift.h -working-directory /Users/clevelandlewis/Documents/Roots/Roots -no-emit-module-separately-wmo

SwiftExplicitDependencyGeneratePcm x86_64 /Users/clevelandlewis/Documents/Roots/Roots/build/SwiftExplicitPrecompiledModules/_DarwinFoundation1-E8M4Q0113B4PSSSMDS5Y08NP.pcm

SwiftExplicitDependencyGeneratePcm arm64 /Users/clevelandlewis/Documents/Roots/Roots/build/SwiftExplicitPrecompiledModules/_DarwinFoundation1-863NXDN4OW5TPWEGBD87D5F30.pcm

SwiftExplicitDependencyGeneratePcm x86_64 /Users/clevelandlewis/Documents/Roots/Roots/build/SwiftExplicitPrecompiledModules/_DarwinFoundation2-BPKOF98W9GDFC7IEFNWHM0HI9.pcm

SwiftExplicitDependencyGeneratePcm x86_64 /Users/clevelandlewis/Documents/Roots/Roots/build/SwiftExplicitPrecompiledModules/_Builtin_limits-6A6SB032O0QA4NZVY3SS13S0V.pcm

SwiftExplicitDependencyGeneratePcm arm64 /Users/clevelandlewis/Documents/Roots/Roots/build/SwiftExplicitPrecompiledModules/_DarwinFoundation2-14YE9YV5C2J9WBDN114P94UCN.pcm

SwiftExplicitDependencyGeneratePcm arm64 /Users/clevelandlewis/Documents/Roots/Roots/build/SwiftExplicitPrecompiledModules/_Builtin_limits-DHXPY90BQSLET0NO0HH2FBNOW.pcm

SwiftExplicitDependencyGeneratePcm x86_64 /Users/clevelandlewis/Documents/Roots/Roots/build/SwiftExplicitPrecompiledModules/sys_types-AGKHWGPWK2M2CBE0BRLGX4LKY.pcm

SwiftExplicitDependencyGeneratePcm x86_64 /Users/clevelandlewis/Documents/Roots/Roots/build/SwiftExplicitPrecompiledModules/_Builtin_tgmath-CTMN8M9ZG8EQN3FUB26EZQZMG.pcm

SwiftExplicitDependencyGeneratePcm x86_64 /Users/clevelandlewis/Documents/Roots/Roots/build/SwiftExplicitPrecompiledModules/_Builtin_stdint-3WG029N5AV5QIQ54TCKDMVP5P.pcm

SwiftExplicitDependencyGeneratePcm arm64 /Users/clevelandlewis/Documents/Roots/Roots/build/SwiftExplicitPrecompiledModules/_Builtin_tgmath-EGSUMWHVGNJJM9HDLC9FZAUIT.pcm

SwiftExplicitDependencyGeneratePcm arm64 /Users/clevelandlewis/Documents/Roots/Roots/build/SwiftExplicitPrecompiledModules/sys_types-4744FXK6B1QB8TXFZLBTZYUF9.pcm

SwiftExplicitDependencyGeneratePcm arm64 /Users/clevelandlewis/Documents/Roots/Roots/build/SwiftExplicitPrecompiledModules/_Builtin_stdint-7K8C7EWF72ZU9HO5CHD399X59.pcm

SwiftExplicitDependencyGeneratePcm x86_64 /Users/clevelandlewis/Documents/Roots/Roots/build/SwiftExplicitPrecompiledModules/_Builtin_stdatomic-7MMSZN7J9FGWKG9JADZWH2HZ6.pcm

SwiftExplicitDependencyGeneratePcm x86_64 /Users/clevelandlewis/Documents/Roots/Roots/build/SwiftExplicitPrecompiledModules/_DarwinFoundation3-CNM9EF6YZES81MJ2QOSBZUVLK.pcm

SwiftExplicitDependencyGeneratePcm x86_64 /Users/clevelandlewis/Documents/Roots/Roots/build/SwiftExplicitPrecompiledModules/libDER-12CUS0CR94WKSGHFM00L8VCNA.pcm

SwiftExplicitDependencyGeneratePcm x86_64 /Users/clevelandlewis/Documents/Roots/Roots/build/SwiftExplicitPrecompiledModules/OpenGL-80O1N1EF65FW0BVMF0FKLLJNO.pcm

SwiftExplicitDependencyGeneratePcm arm64 /Users/clevelandlewis/Documents/Roots/Roots/build/SwiftExplicitPrecompiledModules/libDER-8LODJEYYGHIG1K722UR0XBXQT.pcm

SwiftExplicitDependencyGeneratePcm arm64 /Users/clevelandlewis/Documents/Roots/Roots/build/SwiftExplicitPrecompiledModules/_Builtin_stdatomic-7S569M1R64OOGQW7CTJ01RODV.pcm

SwiftExplicitDependencyGeneratePcm arm64 /Users/clevelandlewis/Documents/Roots/Roots/build/SwiftExplicitPrecompiledModules/_Builtin_intrinsics-C0NZ11TJXQ2BBN5S73DSPZ5M4.pcm

SwiftExplicitDependencyGeneratePcm arm64 /Users/clevelandlewis/Documents/Roots/Roots/build/SwiftExplicitPrecompiledModules/_DarwinFoundation3-BPMMJAL0523VDMISF3TYG8KQ7.pcm

SwiftExplicitDependencyGeneratePcm arm64 /Users/clevelandlewis/Documents/Roots/Roots/build/SwiftExplicitPrecompiledModules/OpenGL-9VJWJ5DKSTVHNI08WYXHAB9E2.pcm

SwiftExplicitDependencyGeneratePcm x86_64 /Users/clevelandlewis/Documents/Roots/Roots/build/SwiftExplicitPrecompiledModules/_Builtin_inttypes-9TNKXVZ9OYMRQK41KFWQ48TLY.pcm

SwiftExplicitDependencyGeneratePcm x86_64 /Users/clevelandlewis/Documents/Roots/Roots/build/SwiftExplicitPrecompiledModules/_Builtin_intrinsics-695YJ98UPJI6QHJ45HVW7PB5T.pcm

SwiftExplicitDependencyGeneratePcm arm64 /Users/clevelandlewis/Documents/Roots/Roots/build/SwiftExplicitPrecompiledModules/_Builtin_inttypes-F1L6YFWI3XDJFLEOVU41DSH0E.pcm

SwiftExplicitDependencyGeneratePcm x86_64 /Users/clevelandlewis/Documents/Roots/Roots/build/SwiftExplicitPrecompiledModules/Darwin-5HBNHSN1FX247YVFY3725X72L.pcm

SwiftExplicitDependencyGeneratePcm arm64 /Users/clevelandlewis/Documents/Roots/Roots/build/SwiftExplicitPrecompiledModules/Darwin-8IR88KUH2PXMQ003SZG8JZN8B.pcm

SwiftExplicitDependencyGeneratePcm arm64 /Users/clevelandlewis/Documents/Roots/Roots/build/SwiftExplicitPrecompiledModules/simd-2MV44CE6BYUKO8U0Z72WEUM8N.pcm

SwiftExplicitDependencyGeneratePcm x86_64 /Users/clevelandlewis/Documents/Roots/Roots/build/SwiftExplicitPrecompiledModules/simd-9VNWSM1MMGC70WZV14WLZU84N.pcm

SwiftExplicitDependencyGeneratePcm x86_64 /Users/clevelandlewis/Documents/Roots/Roots/build/SwiftExplicitPrecompiledModules/launch-EDV9ZM2KZ4VI7MSB5TYML2QI0.pcm

SwiftExplicitDependencyGeneratePcm x86_64 /Users/clevelandlewis/Documents/Roots/Roots/build/SwiftExplicitPrecompiledModules/MachO-4KM7UEKX4UM3G6S59G2U4AZSD.pcm

SwiftExplicitDependencyGeneratePcm x86_64 /Users/clevelandlewis/Documents/Roots/Roots/build/SwiftExplicitPrecompiledModules/libkern-8ZZRNHJIJ1UNFCLQ64UI1A885.pcm

SwiftExplicitDependencyGeneratePcm x86_64 /Users/clevelandlewis/Documents/Roots/Roots/build/SwiftExplicitPrecompiledModules/CUPS-E85JIF78YE7P3VD9W4STCC8O7.pcm

SwiftExplicitDependencyGeneratePcm arm64 /Users/clevelandlewis/Documents/Roots/Roots/build/SwiftExplicitPrecompiledModules/MachO-BL220ITARJWWUHEX89O9JI0ZA.pcm

SwiftExplicitDependencyGeneratePcm arm64 /Users/clevelandlewis/Documents/Roots/Roots/build/SwiftExplicitPrecompiledModules/launch-60CYPP2WNGOF99LBV33T2O6WA.pcm

SwiftExplicitDependencyGeneratePcm arm64 /Users/clevelandlewis/Documents/Roots/Roots/build/SwiftExplicitPrecompiledModules/libkern-2ZLF66GPRJPMWFLH19EWLTT29.pcm

SwiftExplicitDependencyGeneratePcm arm64 /Users/clevelandlewis/Documents/Roots/Roots/build/SwiftExplicitPrecompiledModules/CUPS-AMT7QPI7NGHW0HV9MNHF2Z54D.pcm

SwiftExplicitDependencyGeneratePcm arm64 /Users/clevelandlewis/Documents/Roots/Roots/build/SwiftExplicitPrecompiledModules/Spatial-3JOAI74Y3FP92R1EQ71XHNH4I.pcm

SwiftExplicitDependencyGeneratePcm x86_64 /Users/clevelandlewis/Documents/Roots/Roots/build/SwiftExplicitPrecompiledModules/ObjectiveC-18KQR4THN6NCEYMGZ2ZV8YVRE.pcm

SwiftExplicitDependencyGeneratePcm arm64 /Users/clevelandlewis/Documents/Roots/Roots/build/SwiftExplicitPrecompiledModules/ObjectiveC-8VR6MBL37SVAO4NRMJX9ELFF5.pcm

SwiftExplicitDependencyGeneratePcm x86_64 /Users/clevelandlewis/Documents/Roots/Roots/build/SwiftExplicitPrecompiledModules/os_object-2VRIB4M5JGVCH5ELEQDARP99X.pcm

SwiftExplicitDependencyGeneratePcm arm64 /Users/clevelandlewis/Documents/Roots/Roots/build/SwiftExplicitPrecompiledModules/os_object-8GQ3S86BGWYJO5F33QCMX6C5N.pcm

SwiftExplicitDependencyGeneratePcm x86_64 /Users/clevelandlewis/Documents/Roots/Roots/build/SwiftExplicitPrecompiledModules/os_workgroup-B5DUBJ00187Z8LBYV1YCF647M.pcm

SwiftExplicitDependencyGeneratePcm arm64 /Users/clevelandlewis/Documents/Roots/Roots/build/SwiftExplicitPrecompiledModules/os_workgroup-8U6QKIS8QNA6QA4KESFA5UG8B.pcm

SwiftExplicitDependencyGeneratePcm x86_64 /Users/clevelandlewis/Documents/Roots/Roots/build/SwiftExplicitPrecompiledModules/Spatial-85KLTCC8SGE9E24ZM47AQYWXW.pcm

SwiftExplicitDependencyGeneratePcm x86_64 /Users/clevelandlewis/Documents/Roots/Roots/build/SwiftExplicitPrecompiledModules/Dispatch-ASB4V0JY52K5UN3ETBJOPEUMD.pcm

SwiftExplicitDependencyGeneratePcm arm64 /Users/clevelandlewis/Documents/Roots/Roots/build/SwiftExplicitPrecompiledModules/Dispatch-26SX7JYP2PDJJSZGWEY2MS3JG.pcm

SwiftExplicitDependencyGeneratePcm x86_64 /Users/clevelandlewis/Documents/Roots/Roots/build/SwiftExplicitPrecompiledModules/CoreFoundation-7YAB17LK9RSXPZHD8H6OU9BAL.pcm

SwiftExplicitDependencyGeneratePcm x86_64 /Users/clevelandlewis/Documents/Roots/Roots/build/SwiftExplicitPrecompiledModules/XPC-2POF0DVI6IJ7DVX0AVRBU7USE.pcm

SwiftExplicitDependencyGeneratePcm arm64 /Users/clevelandlewis/Documents/Roots/Roots/build/SwiftExplicitPrecompiledModules/XPC-6BLG9DEBPTL8DTGWTHH8RCF7H.pcm

SwiftExplicitDependencyGeneratePcm arm64 /Users/clevelandlewis/Documents/Roots/Roots/build/SwiftExplicitPrecompiledModules/CoreFoundation-D7QSIVD1L89KKBYSC9CUGJ9SU.pcm

SwiftExplicitDependencyGeneratePcm x86_64 /Users/clevelandlewis/Documents/Roots/Roots/build/SwiftExplicitPrecompiledModules/os-F19YENBDLIFD3EJB4BLJD3PBZ.pcm

SwiftExplicitDependencyGeneratePcm arm64 /Users/clevelandlewis/Documents/Roots/Roots/build/SwiftExplicitPrecompiledModules/os-EHE2VHJMLSSZNR9E0W3I36MLH.pcm

SwiftExplicitDependencyGeneratePcm x86_64 /Users/clevelandlewis/Documents/Roots/Roots/build/SwiftExplicitPrecompiledModules/ColorSync-5YG0Z7RX12ZRCHMVUQ6VHLAHG.pcm

SwiftExplicitDependencyGeneratePcm x86_64 /Users/clevelandlewis/Documents/Roots/Roots/build/SwiftExplicitPrecompiledModules/IOKit-AW9B7IP85DK1UPM11QOVL82TC.pcm

SwiftExplicitDependencyGeneratePcm x86_64 /Users/clevelandlewis/Documents/Roots/Roots/build/SwiftExplicitPrecompiledModules/CFNetwork-1ZXUT42JRJ36GJRCI202CY2O7.pcm

SwiftExplicitDependencyGeneratePcm x86_64 /Users/clevelandlewis/Documents/Roots/Roots/build/SwiftExplicitPrecompiledModules/Security-4I786WYQPCIFCQIPSJBKZJ2PJ.pcm

SwiftExplicitDependencyGeneratePcm arm64 /Users/clevelandlewis/Documents/Roots/Roots/build/SwiftExplicitPrecompiledModules/CFNetwork-7T52QPQKMS5S3Q93XDSBX5H6T.pcm

SwiftExplicitDependencyGeneratePcm arm64 /Users/clevelandlewis/Documents/Roots/Roots/build/SwiftExplicitPrecompiledModules/Security-5AODRO99Q1BUWKYY1R8STZ623.pcm

SwiftExplicitDependencyGeneratePcm arm64 /Users/clevelandlewis/Documents/Roots/Roots/build/SwiftExplicitPrecompiledModules/ColorSync-EU2D15GS7RDK75NMRWLIIVHHL.pcm

SwiftExplicitDependencyGeneratePcm arm64 /Users/clevelandlewis/Documents/Roots/Roots/build/SwiftExplicitPrecompiledModules/IOKit-7P55JL09IIM0QPJU56K9L24O5.pcm

SwiftExplicitDependencyGeneratePcm arm64 /Users/clevelandlewis/Documents/Roots/Roots/build/SwiftExplicitPrecompiledModules/DiskArbitration-77Z9CESMX14JMXOBI3VRG3UE5.pcm

SwiftExplicitDependencyGeneratePcm arm64 /Users/clevelandlewis/Documents/Roots/Roots/build/SwiftExplicitPrecompiledModules/CoreGraphics-BOIU4G2K1QVW0B2R38XN20JPB.pcm

SwiftExplicitDependencyGeneratePcm x86_64 /Users/clevelandlewis/Documents/Roots/Roots/build/SwiftExplicitPrecompiledModules/DiskArbitration-AJYE0YO2F41X4VCZ94H4VN3O4.pcm

SwiftExplicitDependencyGeneratePcm x86_64 /Users/clevelandlewis/Documents/Roots/Roots/build/SwiftExplicitPrecompiledModules/CoreGraphics-R92H44TNNW4YGJDX1OIBYA4P.pcm

SwiftExplicitDependencyGeneratePcm x86_64 /Users/clevelandlewis/Documents/Roots/Roots/build/SwiftExplicitPrecompiledModules/CoreServices-8TPTSCUXRBMM3JWKJRWW5232Z.pcm

SwiftExplicitDependencyGeneratePcm arm64 /Users/clevelandlewis/Documents/Roots/Roots/build/SwiftExplicitPrecompiledModules/CoreServices-3ZFEL0YKP5O64034J1GA5TIZH.pcm

SwiftExplicitDependencyGeneratePcm x86_64 /Users/clevelandlewis/Documents/Roots/Roots/build/SwiftExplicitPrecompiledModules/ImageIO-3S19AU89MFIE18U0Z0NXI6W79.pcm

SwiftExplicitDependencyGeneratePcm x86_64 /Users/clevelandlewis/Documents/Roots/Roots/build/SwiftExplicitPrecompiledModules/CoreText-91THINNNIDFKTLX0AWVFEB6LH.pcm

SwiftExplicitDependencyGeneratePcm arm64 /Users/clevelandlewis/Documents/Roots/Roots/build/SwiftExplicitPrecompiledModules/ImageIO-D6SDUCCUR9QR6J70FFA1WDCMM.pcm

SwiftExplicitDependencyGeneratePcm arm64 /Users/clevelandlewis/Documents/Roots/Roots/build/SwiftExplicitPrecompiledModules/CoreText-HSS0RHVDW6WMYHRZOIEJ7J1.pcm

SwiftExplicitDependencyGeneratePcm x86_64 /Users/clevelandlewis/Documents/Roots/Roots/build/SwiftExplicitPrecompiledModules/Foundation-13POO6HETO45024UYDQ77NT64.pcm

SwiftExplicitDependencyGeneratePcm arm64 /Users/clevelandlewis/Documents/Roots/Roots/build/SwiftExplicitPrecompiledModules/Foundation-A232KONFHBC5AAWWGJQGV1S1Q.pcm

SwiftExplicitDependencyGeneratePcm x86_64 /Users/clevelandlewis/Documents/Roots/Roots/build/SwiftExplicitPrecompiledModules/UniformTypeIdentifiers-BWB17WXATZPMYR6SFQXKTGT2O.pcm

SwiftExplicitDependencyGeneratePcm x86_64 /Users/clevelandlewis/Documents/Roots/Roots/build/SwiftExplicitPrecompiledModules/OSLog-ALVCCQE8EHXWZKOQ2CQWQKQ42.pcm

SwiftExplicitDependencyGeneratePcm x86_64 /Users/clevelandlewis/Documents/Roots/Roots/build/SwiftExplicitPrecompiledModules/CoreTransferable-BJKSNZLOT6ZKC6NV1R1FED1NV.pcm

SwiftExplicitDependencyGeneratePcm x86_64 /Users/clevelandlewis/Documents/Roots/Roots/build/SwiftExplicitPrecompiledModules/CoreHaptics-44Q6FY1SSN8B569C7V7FKM9W.pcm

SwiftExplicitDependencyGeneratePcm x86_64 /Users/clevelandlewis/Documents/Roots/Roots/build/SwiftExplicitPrecompiledModules/Symbols-B81OTXA1BRMS0P0V3OR6VK16Y.pcm

SwiftExplicitDependencyGeneratePcm x86_64 /Users/clevelandlewis/Documents/Roots/Roots/build/SwiftExplicitPrecompiledModules/DataDetection-9GSU087LHZ18OUJ86A072IR34.pcm

SwiftExplicitDependencyGeneratePcm x86_64 /Users/clevelandlewis/Documents/Roots/Roots/build/SwiftExplicitPrecompiledModules/ApplicationServices-8QYENF15DQ8U3CKPFWYBKT8B1.pcm

SwiftExplicitDependencyGeneratePcm x86_64 /Users/clevelandlewis/Documents/Roots/Roots/build/SwiftExplicitPrecompiledModules/_LocationEssentials-DI2YULJAU6C8M1X962CAZRLWJ.pcm

SwiftExplicitDependencyGeneratePcm arm64 /Users/clevelandlewis/Documents/Roots/Roots/build/SwiftExplicitPrecompiledModules/DataDetection-2ORMQ4TRC50I9JQKVP2BYOCLQ.pcm

SwiftExplicitDependencyGeneratePcm arm64 /Users/clevelandlewis/Documents/Roots/Roots/build/SwiftExplicitPrecompiledModules/CoreData-1455O5LDQLRE9A01PIEJ9XS5N.pcm

SwiftExplicitDependencyGeneratePcm arm64 /Users/clevelandlewis/Documents/Roots/Roots/build/SwiftExplicitPrecompiledModules/UserNotifications-CG9G8N3DDDEJZPIQ04YV2DZKL.pcm

SwiftExplicitDependencyGeneratePcm arm64 /Users/clevelandlewis/Documents/Roots/Roots/build/SwiftExplicitPrecompiledModules/UniformTypeIdentifiers-BFFUJLRF7MA5EZ3X4O02VJNSZ.pcm

SwiftExplicitDependencyGeneratePcm arm64 /Users/clevelandlewis/Documents/Roots/Roots/build/SwiftExplicitPrecompiledModules/CoreHaptics-7BABDPWI7UZHFRL3JBIOQVOZC.pcm

SwiftExplicitDependencyGeneratePcm arm64 /Users/clevelandlewis/Documents/Roots/Roots/build/SwiftExplicitPrecompiledModules/ApplicationServices-DAMH90IVGAON3R8NAPJL0NA2E.pcm

SwiftExplicitDependencyGeneratePcm x86_64 /Users/clevelandlewis/Documents/Roots/Roots/build/SwiftExplicitPrecompiledModules/CoreLocation-8IAFM9P85DP03DU4RGQH9P470.pcm

SwiftExplicitDependencyGeneratePcm arm64 /Users/clevelandlewis/Documents/Roots/Roots/build/SwiftExplicitPrecompiledModules/Symbols-87A8E0KO25K9RL4TPSG8J5L0R.pcm

SwiftExplicitDependencyGeneratePcm x86_64 /Users/clevelandlewis/Documents/Roots/Roots/build/SwiftExplicitPrecompiledModules/CoreData-86JB650DJ1NLLJXCQMPGRLQBD.pcm

SwiftExplicitDependencyGeneratePcm arm64 /Users/clevelandlewis/Documents/Roots/Roots/build/SwiftExplicitPrecompiledModules/IOSurface-2JVILZ84T4BSAU35U79MINRSG.pcm

SwiftExplicitDependencyGeneratePcm x86_64 /Users/clevelandlewis/Documents/Roots/Roots/build/SwiftExplicitPrecompiledModules/UserNotifications-2XXSQ0ATKZV8PZLMMY693VQOL.pcm

SwiftExplicitDependencyGeneratePcm x86_64 /Users/clevelandlewis/Documents/Roots/Roots/build/SwiftExplicitPrecompiledModules/IOSurface-57ZF417JLJMHE3XMMEBT2EX6W.pcm

SwiftExplicitDependencyGeneratePcm arm64 /Users/clevelandlewis/Documents/Roots/Roots/build/SwiftExplicitPrecompiledModules/_LocationEssentials-D7XQ1XAQGR9JISFIZ6E901SU1.pcm

SwiftExplicitDependencyGeneratePcm x86_64 /Users/clevelandlewis/Documents/Roots/Roots/build/SwiftExplicitPrecompiledModules/Accessibility-CVC2P9Z4265JD4R8Z6J52IC6P.pcm

SwiftExplicitDependencyGeneratePcm arm64 /Users/clevelandlewis/Documents/Roots/Roots/build/SwiftExplicitPrecompiledModules/Accessibility-F3HMFWTB93AVETOOAFBWKYQK4.pcm

SwiftExplicitDependencyGeneratePcm arm64 /Users/clevelandlewis/Documents/Roots/Roots/build/SwiftExplicitPrecompiledModules/OSLog-73VJNTDDLG1BH1GLXQ8AVX3SQ.pcm

SwiftExplicitDependencyGeneratePcm arm64 /Users/clevelandlewis/Documents/Roots/Roots/build/SwiftExplicitPrecompiledModules/CoreLocation-914OKCOHLGPTRFYPEK1K3EZOT.pcm

SwiftExplicitDependencyGeneratePcm arm64 /Users/clevelandlewis/Documents/Roots/Roots/build/SwiftExplicitPrecompiledModules/CoreTransferable-6WVW9NK079M398HX3AL1FLYKN.pcm

SwiftExplicitDependencyGeneratePcm arm64 /Users/clevelandlewis/Documents/Roots/Roots/build/SwiftExplicitPrecompiledModules/Metal-7ZS4507NOAPZ4ITPSSJMUYAR6.pcm

SwiftExplicitDependencyGeneratePcm x86_64 /Users/clevelandlewis/Documents/Roots/Roots/build/SwiftExplicitPrecompiledModules/EventKit-8BJ4C0IH9EO2LBIFJOH8DYM3Q.pcm

SwiftExplicitDependencyGeneratePcm x86_64 /Users/clevelandlewis/Documents/Roots/Roots/build/SwiftExplicitPrecompiledModules/Metal-10WZXZDMV1VM8FSHR93F5YGHS.pcm

SwiftExplicitDependencyGeneratePcm arm64 /Users/clevelandlewis/Documents/Roots/Roots/build/SwiftExplicitPrecompiledModules/EventKit-3JG0DQFF2S21S4UG9QBRHOZRH.pcm

SwiftExplicitDependencyGeneratePcm x86_64 /Users/clevelandlewis/Documents/Roots/Roots/build/SwiftExplicitPrecompiledModules/CoreVideo-BF5ZC3N9NDIHOW34G980SAG0R.pcm

SwiftExplicitDependencyGeneratePcm arm64 /Users/clevelandlewis/Documents/Roots/Roots/build/SwiftExplicitPrecompiledModules/CoreVideo-ACIABHZDN0RK74NUCCMG5059T.pcm

SwiftExplicitDependencyGeneratePcm x86_64 /Users/clevelandlewis/Documents/Roots/Roots/build/SwiftExplicitPrecompiledModules/CoreImage-AWAO9SDBMR1OJW73DG8YLVP23.pcm

SwiftExplicitDependencyGeneratePcm x86_64 /Users/clevelandlewis/Documents/Roots/Roots/build/SwiftExplicitPrecompiledModules/QuartzCore-15CB6USSEQ8YFDJ4S6I9BOGKH.pcm

SwiftExplicitDependencyGeneratePcm arm64 /Users/clevelandlewis/Documents/Roots/Roots/build/SwiftExplicitPrecompiledModules/CoreImage-ETWTZ5ZN1PIQ2WUZVHOYB6084.pcm

SwiftExplicitDependencyGeneratePcm arm64 /Users/clevelandlewis/Documents/Roots/Roots/build/SwiftExplicitPrecompiledModules/QuartzCore-AEQI42LQ7ERCJNEFJJK5GKF03.pcm

SwiftExplicitDependencyGeneratePcm x86_64 /Users/clevelandlewis/Documents/Roots/Roots/build/SwiftExplicitPrecompiledModules/SwiftUICore-2977P3UUV0LG6X9BS6N1CAE0M.pcm

SwiftExplicitDependencyGeneratePcm arm64 /Users/clevelandlewis/Documents/Roots/Roots/build/SwiftExplicitPrecompiledModules/SwiftUICore-AQYOYDEMBWW69KM1QYDD4ZV32.pcm

SwiftExplicitDependencyGeneratePcm x86_64 /Users/clevelandlewis/Documents/Roots/Roots/build/SwiftExplicitPrecompiledModules/AppKit-2MPUBH0ULU3JHODA7FU5EPONA.pcm

SwiftExplicitDependencyGeneratePcm arm64 /Users/clevelandlewis/Documents/Roots/Roots/build/SwiftExplicitPrecompiledModules/AppKit-7IN6S2LQU9YU673RAZX0HUJ6K.pcm

SwiftExplicitDependencyGeneratePcm x86_64 /Users/clevelandlewis/Documents/Roots/Roots/build/SwiftExplicitPrecompiledModules/SwiftUI-8FXDA22Q8SYPMH16XKWIX4WUT.pcm

SwiftExplicitDependencyGeneratePcm arm64 /Users/clevelandlewis/Documents/Roots/Roots/build/SwiftExplicitPrecompiledModules/SwiftUI-71FRSXGDKWL962ZG12AT3MQWA.pcm

SwiftCompile normal x86_64 Compiling\ AppDebugger.swift,\ AttachmentManager.swift,\ AutoScheduler.swift,\ GradeCalculator.swift,\ NotificationManager.swift,\ SyllabusParser.swift,\ ActivityEditorView.swift,\ ActivityListView.swift,\ AdaptiveSchedulerTests.swift,\ AddAssignmentView.swift,\ AddCourseSheet.swift,\ AddEditCourseView.swift,\ AddExamPopup.swift,\ AddSemesterSheet.swift,\ AIScheduler.swift,\ AISchedulerTests.swift,\ AnalyticsService.swift,\ AnyButtonStyle.swift,\ AppCard.swift,\ AppCommands.swift,\ AppModel.swift,\ AppPage.swift,\ AppPreferences.swift,\ AppSettingsModel.swift,\ AssignmentRow.swift,\ AssignmentsPageView.swift,\ AssignmentsStore.swift,\ AssignmentsView.swift,\ AssignmentsView2.swift,\ BounceOnTap.swift,\ CalendarDayCell.swift,\ CalendarManager.swift,\ CalendarPageView.swift,\ CalendarSettingsView.swift,\ CardGrid.swift,\ ChartViewVerticalStacked.swift,\ Color+Hex.swift,\ ContentView.swift,\ CourseDetailView.swift,\ CourseEditView.swift,\ CourseModels.swift,\ CoursesDashboardDetail.swift,\ CoursesDashboardFloatingNav.swift,\ CoursesDashboardModels.swift,\ CoursesDashboardRootView.swift,\ CoursesDashboardSidebar.swift,\ CoursesPageView.swift,\ CoursesSettingsView.swift,\ CoursesStore.swift,\ CoursesView.swift,\ CurrentActivityView.swift,\ DashboardView.swift,\ DataManagerAlias.swift,\ DateDaySelector.swift,\ DesignCard.swift,\ DesignPage.swift,\ DesignShell.swift,\ DesignSystem.swift,\ DesignSystem+Motion.swift,\ DesignTokensCompat.swift,\ DeveloperIntegrationExamples.swift,\ DeveloperSettings.swift,\ DeveloperSettingsView.swift,\ Diagnostics.swift,\ EventsCountStore.swift,\ FlashcardManager.swift,\ FloatingTabBar.swift,\ GeneralSettingsView.swift,\ Glass.swift,\ GlassBlueProminentButtonStyle.swift,\ GlassButtons.swift,\ GlassButtonStyle.swift,\ GlassCircleButton.swift,\ GlassIconButton.swift,\ GlassPopupContainer.swift,\ GlassProminentButtonStyle.swift,\ GradesPageView.swift,\ GradesStore.swift,\ GradesView.swift,\ HapticsManager.swift,\ HistoryStoreImpl.swift,\ Insight.swift,\ InsightEngine.swift,\ InsightsViewModel.swift,\ InterfaceSettingsView.swift,\ Item.swift,\ LoadableViewModel.swift,\ PerformanceMonitor.swift,\ PermissionHelpPopup.swift,\ PlannerCoordinator.swift,\ PlannerEngine.swift,\ PlannerPageView.swift,\ PlannerSafetyNetTests.swift,\ PlannerService+Generation.swift,\ PlannerSettingsView.swift,\ PlannerStore.swift,\ PlannerView.swift,\ PopupTextAlignment.swift,\ ProfilesSettingsView.swift,\ QuickAction.swift,\ QuickActionFanOut.swift,\ RecentlyDeletedSemestersView.swift,\ RemindersSettingsView.swift,\ RootDesignPreviewPage.swift,\ RootsApp.swift,\ RootsButtons.swift,\ RootsDesignSystem.swift,\ RootsGlassStyle.swift,\ RootsHeaderButton.swift,\ RootsIconButtonCompat.swift,\ RootsInsightsEngine.swift,\ RootsMotionModifiers.swift,\ RootsSettingsWindow.swift,\ RootsWindowLayout.swift,\ RootsWindowSizing.swift,\ RootTab.swift,\ SchedulerAdaptationManager.swift,\ SchedulerFeedback.swift,\ SchedulerLearner.swift,\ SchedulerPreferences.swift,\ SchedulerPreferencesStore.swift,\ SemesterEditView.swift,\ SemesterEditView\ 3.swift,\ SemesterEditView\ 4.swift,\ SemesterPicker.swift,\ SemestersSettingsView.swift,\ SensoryFeedback.swift,\ SettingsCoordinator.swift,\ SettingsPane_Accounts.swift,\ SettingsPane_Appearance.swift,\ SettingsPane_Flashcards.swift,\ SettingsPane_General.swift,\ SettingsPane_Interface.swift,\ SettingsPane_Interface+QuickActions.swift,\ SettingsPane_Interface+Tabs.swift,\ SettingsRootView.swift,\ SettingsToolbarIdentifiers.swift,\ SettingsView.swift,\ SettingsWindowController.swift,\ SidebarStyling.swift,\ SidebarView.swift,\ StudyAnalyticsAggregator.swift,\ SwiftConcurrency.swift,\ TimerControlsView.swift,\ TimerGraphsView.swift,\ TimerHeaderView.swift,\ TimerManager.swift,\ TimerModels.swift,\ TimerPageView.swift,\ TimerPageViewModel.swift,\ TimerView.swift,\ UILogger.swift,\ UIStubs.swift,\ UsageStats.swift,\ UsageStatsBuilder.swift,\ GeneratedAssetSymbols.swift /Users/clevelandlewis/Documents/Roots/Roots/Roots/Managers/AppDebugger.swift /Users/clevelandlewis/Documents/Roots/Roots/Roots/Managers/AttachmentManager.swift /Users/clevelandlewis/Documents/Roots/Roots/Roots/Managers/AutoScheduler.swift /Users/clevelandlewis/Documents/Roots/Roots/Roots/Managers/GradeCalculator.swift /Users/clevelandlewis/Documents/Roots/Roots/Roots/Managers/NotificationManager.swift /Users/clevelandlewis/Documents/Roots/Roots/Roots/Managers/SyllabusParser.swift /Users/clevelandlewis/Documents/Roots/Roots/Roots/ActivityEditorView.swift /Users/clevelandlewis/Documents/Roots/Roots/Roots/ActivityListView.swift /Users/clevelandlewis/Documents/Roots/Roots/Roots/AdaptiveSchedulerTests.swift /Users/clevelandlewis/Documents/Roots/Roots/Roots/AddAssignmentView.swift /Users/clevelandlewis/Documents/Roots/Roots/Roots/AddCourseSheet.swift /Users/clevelandlewis/Documents/Roots/Roots/Roots/AddEditCourseView.swift /Users/clevelandlewis/Documents/Roots/Roots/Roots/AddExamPopup.swift /Users/clevelandlewis/Documents/Roots/Roots/Roots/AddSemesterSheet.swift /Users/clevelandlewis/Documents/Roots/Roots/Roots/AIScheduler.swift /Users/clevelandlewis/Documents/Roots/Roots/Roots/AISchedulerTests.swift /Users/clevelandlewis/Documents/Roots/Roots/Roots/AnalyticsService.swift /Users/clevelandlewis/Documents/Roots/Roots/Roots/AnyButtonStyle.swift /Users/clevelandlewis/Documents/Roots/Roots/Roots/AppCard.swift /Users/clevelandlewis/Documents/Roots/Roots/Roots/AppCommands.swift /Users/clevelandlewis/Documents/Roots/Roots/Roots/AppModel.swift /Users/clevelandlewis/Documents/Roots/Roots/Roots/AppPage.swift /Users/clevelandlewis/Documents/Roots/Roots/Roots/AppPreferences.swift /Users/clevelandlewis/Documents/Roots/Roots/Roots/AppSettingsModel.swift /Users/clevelandlewis/Documents/Roots/Roots/Roots/AssignmentRow.swift /Users/clevelandlewis/Documents/Roots/Roots/Roots/AssignmentsPageView.swift /Users/clevelandlewis/Documents/Roots/Roots/Roots/AssignmentsStore.swift /Users/clevelandlewis/Documents/Roots/Roots/Roots/AssignmentsView.swift /Users/clevelandlewis/Documents/Roots/Roots/Roots/AssignmentsView2.swift /Users/clevelandlewis/Documents/Roots/Roots/Roots/BounceOnTap.swift /Users/clevelandlewis/Documents/Roots/Roots/Roots/CalendarDayCell.swift /Users/clevelandlewis/Documents/Roots/Roots/Roots/CalendarManager.swift /Users/clevelandlewis/Documents/Roots/Roots/Roots/CalendarPageView.swift /Users/clevelandlewis/Documents/Roots/Roots/Roots/CalendarSettingsView.swift /Users/clevelandlewis/Documents/Roots/Roots/Roots/CardGrid.swift /Users/clevelandlewis/Documents/Roots/Roots/Roots/ChartViewVerticalStacked.swift /Users/clevelandlewis/Documents/Roots/Roots/Roots/Color+Hex.swift /Users/clevelandlewis/Documents/Roots/Roots/Roots/ContentView.swift /Users/clevelandlewis/Documents/Roots/Roots/Roots/CourseDetailView.swift /Users/clevelandlewis/Documents/Roots/Roots/Roots/CourseEditView.swift /Users/clevelandlewis/Documents/Roots/Roots/Roots/CourseModels.swift /Users/clevelandlewis/Documents/Roots/Roots/Roots/CoursesDashboardDetail.swift /Users/clevelandlewis/Documents/Roots/Roots/Roots/CoursesDashboardFloatingNav.swift /Users/clevelandlewis/Documents/Roots/Roots/Roots/CoursesDashboardModels.swift /Users/clevelandlewis/Documents/Roots/Roots/Roots/CoursesDashboardRootView.swift /Users/clevelandlewis/Documents/Roots/Roots/Roots/CoursesDashboardSidebar.swift /Users/clevelandlewis/Documents/Roots/Roots/Roots/CoursesPageView.swift /Users/clevelandlewis/Documents/Roots/Roots/Roots/CoursesSettingsView.swift /Users/clevelandlewis/Documents/Roots/Roots/Roots/CoursesStore.swift /Users/clevelandlewis/Documents/Roots/Roots/Roots/CoursesView.swift /Users/clevelandlewis/Documents/Roots/Roots/Roots/CurrentActivityView.swift /Users/clevelandlewis/Documents/Roots/Roots/Roots/DashboardView.swift /Users/clevelandlewis/Documents/Roots/Roots/Roots/DataManagerAlias.swift /Users/clevelandlewis/Documents/Roots/Roots/Roots/DateDaySelector.swift /Users/clevelandlewis/Documents/Roots/Roots/Roots/DesignCard.swift /Users/clevelandlewis/Documents/Roots/Roots/Roots/DesignPage.swift /Users/clevelandlewis/Documents/Roots/Roots/Roots/DesignShell.swift /Users/clevelandlewis/Documents/Roots/Roots/Roots/DesignSystem.swift /Users/clevelandlewis/Documents/Roots/Roots/Roots/DesignSystem+Motion.swift /Users/clevelandlewis/Documents/Roots/Roots/Roots/DesignTokensCompat.swift /Users/clevelandlewis/Documents/Roots/Roots/Roots/DeveloperIntegrationExamples.swift /Users/clevelandlewis/Documents/Roots/Roots/Roots/DeveloperSettings.swift /Users/clevelandlewis/Documents/Roots/Roots/Roots/DeveloperSettingsView.swift /Users/clevelandlewis/Documents/Roots/Roots/Roots/Diagnostics.swift /Users/clevelandlewis/Documents/Roots/Roots/Roots/EventsCountStore.swift /Users/clevelandlewis/Documents/Roots/Roots/Roots/FlashcardManager.swift /Users/clevelandlewis/Documents/Roots/Roots/Roots/FloatingTabBar.swift /Users/clevelandlewis/Documents/Roots/Roots/Roots/GeneralSettingsView.swift /Users/clevelandlewis/Documents/Roots/Roots/Roots/Glass.swift /Users/clevelandlewis/Documents/Roots/Roots/Roots/GlassBlueProminentButtonStyle.swift /Users/clevelandlewis/Documents/Roots/Roots/Roots/GlassButtons.swift /Users/clevelandlewis/Documents/Roots/Roots/Roots/GlassButtonStyle.swift /Users/clevelandlewis/Documents/Roots/Roots/Roots/GlassCircleButton.swift /Users/clevelandlewis/Documents/Roots/Roots/Roots/GlassIconButton.swift /Users/clevelandlewis/Documents/Roots/Roots/Roots/GlassPopupContainer.swift /Users/clevelandlewis/Documents/Roots/Roots/Roots/GlassProminentButtonStyle.swift /Users/clevelandlewis/Documents/Roots/Roots/Roots/GradesPageView.swift /Users/clevelandlewis/Documents/Roots/Roots/Roots/GradesStore.swift /Users/clevelandlewis/Documents/Roots/Roots/Roots/GradesView.swift /Users/clevelandlewis/Documents/Roots/Roots/Roots/HapticsManager.swift /Users/clevelandlewis/Documents/Roots/Roots/Roots/HistoryStoreImpl.swift /Users/clevelandlewis/Documents/Roots/Roots/Roots/Insight.swift /Users/clevelandlewis/Documents/Roots/Roots/Roots/InsightEngine.swift /Users/clevelandlewis/Documents/Roots/Roots/Roots/InsightsViewModel.swift /Users/clevelandlewis/Documents/Roots/Roots/Roots/InterfaceSettingsView.swift /Users/clevelandlewis/Documents/Roots/Roots/Roots/Item.swift /Users/clevelandlewis/Documents/Roots/Roots/Roots/LoadableViewModel.swift /Users/clevelandlewis/Documents/Roots/Roots/Roots/PerformanceMonitor.swift /Users/clevelandlewis/Documents/Roots/Roots/Roots/PermissionHelpPopup.swift /Users/clevelandlewis/Documents/Roots/Roots/Roots/PlannerCoordinator.swift /Users/clevelandlewis/Documents/Roots/Roots/Roots/PlannerEngine.swift /Users/clevelandlewis/Documents/Roots/Roots/Roots/PlannerPageView.swift /Users/clevelandlewis/Documents/Roots/Roots/Roots/PlannerSafetyNetTests.swift /Users/clevelandlewis/Documents/Roots/Roots/Roots/PlannerService+Generation.swift /Users/clevelandlewis/Documents/Roots/Roots/Roots/PlannerSettingsView.swift /Users/clevelandlewis/Documents/Roots/Roots/Roots/PlannerStore.swift /Users/clevelandlewis/Documents/Roots/Roots/Roots/PlannerView.swift /Users/clevelandlewis/Documents/Roots/Roots/Roots/PopupTextAlignment.swift /Users/clevelandlewis/Documents/Roots/Roots/Roots/ProfilesSettingsView.swift /Users/clevelandlewis/Documents/Roots/Roots/Roots/QuickAction.swift /Users/clevelandlewis/Documents/Roots/Roots/Roots/QuickActionFanOut.swift /Users/clevelandlewis/Documents/Roots/Roots/Roots/RecentlyDeletedSemestersView.swift /Users/clevelandlewis/Documents/Roots/Roots/Roots/RemindersSettingsView.swift /Users/clevelandlewis/Documents/Roots/Roots/Roots/RootDesignPreviewPage.swift /Users/clevelandlewis/Documents/Roots/Roots/Roots/RootsApp.swift /Users/clevelandlewis/Documents/Roots/Roots/Roots/RootsButtons.swift /Users/clevelandlewis/Documents/Roots/Roots/Roots/RootsDesignSystem.swift /Users/clevelandlewis/Documents/Roots/Roots/Roots/RootsGlassStyle.swift /Users/clevelandlewis/Documents/Roots/Roots/Roots/RootsHeaderButton.swift /Users/clevelandlewis/Documents/Roots/Roots/Roots/RootsIconButtonCompat.swift /Users/clevelandlewis/Documents/Roots/Roots/Roots/RootsInsightsEngine.swift /Users/clevelandlewis/Documents/Roots/Roots/Roots/RootsMotionModifiers.swift /Users/clevelandlewis/Documents/Roots/Roots/Roots/RootsSettingsWindow.swift /Users/clevelandlewis/Documents/Roots/Roots/Roots/RootsWindowLayout.swift /Users/clevelandlewis/Documents/Roots/Roots/Roots/RootsWindowSizing.swift /Users/clevelandlewis/Documents/Roots/Roots/Roots/RootTab.swift /Users/clevelandlewis/Documents/Roots/Roots/Roots/SchedulerAdaptationManager.swift /Users/clevelandlewis/Documents/Roots/Roots/Roots/SchedulerFeedback.swift /Users/clevelandlewis/Documents/Roots/Roots/Roots/SchedulerLearner.swift /Users/clevelandlewis/Documents/Roots/Roots/Roots/SchedulerPreferences.swift /Users/clevelandlewis/Documents/Roots/Roots/Roots/SchedulerPreferencesStore.swift /Users/clevelandlewis/Documents/Roots/Roots/Roots/SemesterEditView.swift /Users/clevelandlewis/Documents/Roots/Roots/Roots/SemesterEditView\ 3.swift /Users/clevelandlewis/Documents/Roots/Roots/Roots/SemesterEditView\ 4.swift /Users/clevelandlewis/Documents/Roots/Roots/Roots/SemesterPicker.swift /Users/clevelandlewis/Documents/Roots/Roots/Roots/SemestersSettingsView.swift /Users/clevelandlewis/Documents/Roots/Roots/Roots/SensoryFeedback.swift /Users/clevelandlewis/Documents/Roots/Roots/Roots/SettingsCoordinator.swift /Users/clevelandlewis/Documents/Roots/Roots/Roots/SettingsPane_Accounts.swift /Users/clevelandlewis/Documents/Roots/Roots/Roots/SettingsPane_Appearance.swift /Users/clevelandlewis/Documents/Roots/Roots/Roots/SettingsPane_Flashcards.swift /Users/clevelandlewis/Documents/Roots/Roots/Roots/SettingsPane_General.swift /Users/clevelandlewis/Documents/Roots/Roots/Roots/SettingsPane_Interface.swift /Users/clevelandlewis/Documents/Roots/Roots/Roots/SettingsPane_Interface+QuickActions.swift /Users/clevelandlewis/Documents/Roots/Roots/Roots/SettingsPane_Interface+Tabs.swift /Users/clevelandlewis/Documents/Roots/Roots/Roots/SettingsRootView.swift /Users/clevelandlewis/Documents/Roots/Roots/Roots/SettingsToolbarIdentifiers.swift /Users/clevelandlewis/Documents/Roots/Roots/Roots/SettingsView.swift /Users/clevelandlewis/Documents/Roots/Roots/Roots/SettingsWindowController.swift /Users/clevelandlewis/Documents/Roots/Roots/Roots/SidebarStyling.swift /Users/clevelandlewis/Documents/Roots/Roots/Roots/SidebarView.swift /Users/clevelandlewis/Documents/Roots/Roots/Roots/StudyAnalyticsAggregator.swift /Users/clevelandlewis/Documents/Roots/Roots/Roots/SwiftConcurrency.swift /Users/clevelandlewis/Documents/Roots/Roots/Roots/TimerControlsView.swift /Users/clevelandlewis/Documents/Roots/Roots/Roots/TimerGraphsView.swift /Users/clevelandlewis/Documents/Roots/Roots/Roots/TimerHeaderView.swift /Users/clevelandlewis/Documents/Roots/Roots/Roots/TimerManager.swift /Users/clevelandlewis/Documents/Roots/Roots/Roots/TimerModels.swift /Users/clevelandlewis/Documents/Roots/Roots/Roots/TimerPageView.swift /Users/clevelandlewis/Documents/Roots/Roots/Roots/TimerPageViewModel.swift /Users/clevelandlewis/Documents/Roots/Roots/Roots/TimerView.swift /Users/clevelandlewis/Documents/Roots/Roots/Roots/UILogger.swift /Users/clevelandlewis/Documents/Roots/Roots/Roots/UIStubs.swift /Users/clevelandlewis/Documents/Roots/Roots/Roots/UsageStats.swift /Users/clevelandlewis/Documents/Roots/Roots/Roots/UsageStatsBuilder.swift /Users/clevelandlewis/Documents/Roots/Roots/build/Roots.build/Release/Roots.build/DerivedSources/GeneratedAssetSymbols.swift /Applications/Xcode.app/Contents/Developer/Toolchains/XcodeDefault.xctoolchain/usr/lib/swift/macosx/prebuilt-modules/26.1/Accessibility.swiftmodule/x86_64-apple-macos.swiftmodule /Applications/Xcode.app/Contents/Developer/Toolchains/XcodeDefault.xctoolchain/usr/lib/swift/macosx/prebuilt-modules/26.1/Metal.swiftmodule/x86_64-apple-macos.swiftmodule /Applications/Xcode.app/Contents/Developer/Toolchains/XcodeDefault.xctoolchain/usr/lib/swift/macosx/prebuilt-modules/26.1/AppKit.swiftmodule/x86_64-apple-macos.swiftmodule /Applications/Xcode.app/Contents/Developer/Toolchains/XcodeDefault.xctoolchain/usr/lib/swift/macosx/prebuilt-modules/26.1/_SwiftData_SwiftUI.swiftmodule/x86_64-apple-macos.swiftmodule /Applications/Xcode.app/Contents/Developer/Toolchains/XcodeDefault.xctoolchain/usr/lib/swift/macosx/prebuilt-modules/26.1/ObjectiveC.swiftmodule/x86_64-apple-macos.swiftmodule /Applications/Xcode.app/Contents/Developer/Toolchains/XcodeDefault.xctoolchain/usr/lib/swift/macosx/prebuilt-modules/26.1/CoreFoundation.swiftmodule/x86_64-apple-macos.swiftmodule /Applications/Xcode.app/Contents/Developer/Toolchains/XcodeDefault.xctoolchain/usr/lib/swift/macosx/prebuilt-modules/26.1/os.swiftmodule/x86_64-apple-macos.swiftmodule /Applications/Xcode.app/Contents/Developer/Toolchains/XcodeDefault.xctoolchain/usr/lib/swift/macosx/prebuilt-modules/26.1/IOKit.swiftmodule/x86_64-apple-macos.swiftmodule /Applications/Xcode.app/Contents/Developer/Toolchains/XcodeDefault.xctoolchain/usr/lib/swift/macosx/prebuilt-modules/26.1/_DarwinFoundation3.swiftmodule/x86_64-apple-macos.swiftmodule /Applications/Xcode.app/Contents/Developer/Toolchains/XcodeDefault.xctoolchain/usr/lib/swift/macosx/prebuilt-modules/26.1/Symbols.swiftmodule/x86_64-apple-macos.swiftmodule /Applications/Xcode.app/Contents/Developer/Toolchains/XcodeDefault.xctoolchain/usr/lib/swift/macosx/prebuilt-modules/26.1/UniformTypeIdentifiers.swiftmodule/x86_64-apple-macos.swiftmodule /Applications/Xcode.app/Contents/Developer/Toolchains/XcodeDefault.xctoolchain/usr/lib/swift/macosx/prebuilt-modules/26.1/DeveloperToolsSupport.swiftmodule/x86_64-apple-macos.swiftmodule /Applications/Xcode.app/Contents/Developer/Toolchains/XcodeDefault.xctoolchain/usr/lib/swift/macosx/prebuilt-modules/26.1/SwiftUI.swiftmodule/x86_64-apple-macos.swiftmodule /Applications/Xcode.app/Contents/Developer/Toolchains/XcodeDefault.xctoolchain/usr/lib/swift/macosx/prebuilt-modules/26.1/_Concurrency.swiftmodule/x86_64-apple-macos.swiftmodule /Applications/Xcode.app/Contents/Developer/Toolchains/XcodeDefault.xctoolchain/usr/lib/swift/macosx/prebuilt-modules/26.1/Charts.swiftmodule/x86_64-apple-macos.swiftmodule /Applications/Xcode.app/Contents/Developer/Toolchains/XcodeDefault.xctoolchain/usr/lib/swift/macosx/prebuilt-modules/26.1/OSLog.swiftmodule/x86_64-apple-macos.swiftmodule /Applications/Xcode.app/Contents/Developer/Toolchains/XcodeDefault.xctoolchain/usr/lib/swift/macosx/prebuilt-modules/26.1/SwiftData.swiftmodule/x86_64-apple-macos.swiftmodule /Applications/Xcode.app/Contents/Developer/Toolchains/XcodeDefault.xctoolchain/usr/lib/swift/macosx/prebuilt-modules/26.1/System.swiftmodule/x86_64-apple-macos.swiftmodule /Applications/Xcode.app/Contents/Developer/Toolchains/XcodeDefault.xctoolchain/usr/lib/swift/macosx/prebuilt-modules/26.1/_DarwinFoundation2.swiftmodule/x86_64-apple-macos.swiftmodule /Applications/Xcode.app/Contents/Developer/Toolchains/XcodeDefault.xctoolchain/usr/lib/swift/macosx/prebuilt-modules/26.1/Foundation.swiftmodule/x86_64-apple-macos.swiftmodule /Applications/Xcode.app/Contents/Developer/Toolchains/XcodeDefault.xctoolchain/usr/lib/swift/macosx/prebuilt-modules/26.1/CoreText.swiftmodule/x86_64-apple-macos.swiftmodule /Applications/Xcode.app/Contents/Developer/Toolchains/XcodeDefault.xctoolchain/usr/lib/swift/macosx/prebuilt-modules/26.1/Dispatch.swiftmodule/x86_64-apple-macos.swiftmodule /Applications/Xcode.app/Contents/Developer/Toolchains/XcodeDefault.xctoolchain/usr/lib/swift/macosx/prebuilt-modules/26.1/DataDetection.swiftmodule/x86_64-apple-macos.swiftmodule /Applications/Xcode.app/Contents/Developer/Toolchains/XcodeDefault.xctoolchain/usr/lib/swift/macosx/prebuilt-modules/26.1/_DarwinFoundation1.swiftmodule/x86_64-apple-macos.swiftmodule /Applications/Xcode.app/Contents/Developer/Toolchains/XcodeDefault.xctoolchain/usr/lib/swift/macosx/prebuilt-modules/26.1/_StringProcessing.swiftmodule/x86_64-apple-macos.swiftmodule /Applications/Xcode.app/Contents/Developer/Toolchains/XcodeDefault.xctoolchain/usr/lib/swift/macosx/prebuilt-modules/26.1/Combine.swiftmodule/x86_64-apple-macos.swiftmodule /Applications/Xcode.app/Contents/Developer/Toolchains/XcodeDefault.xctoolchain/usr/lib/swift/macosx/prebuilt-modules/26.1/Observation.swiftmodule/x86_64-apple-macos.swiftmodule /Applications/Xcode.app/Contents/Developer/Toolchains/XcodeDefault.xctoolchain/usr/lib/swift/macosx/prebuilt-modules/26.1/_Builtin_float.swiftmodule/x86_64-apple-macos.swiftmodule /Applications/Xcode.app/Contents/Developer/Toolchains/XcodeDefault.xctoolchain/usr/lib/swift/macosx/prebuilt-modules/26.1/QuartzCore.swiftmodule/x86_64-apple-macos.swiftmodule /Applications/Xcode.app/Contents/Developer/Toolchains/XcodeDefault.xctoolchain/usr/lib/swift/macosx/prebuilt-modules/26.1/CoreVideo.swiftmodule/x86_64-apple-macos.swiftmodule /Applications/Xcode.app/Contents/Developer/Toolchains/XcodeDefault.xctoolchain/usr/lib/swift/macosx/prebuilt-modules/26.1/CoreLocation.swiftmodule/x86_64-apple-macos.swiftmodule /Applications/Xcode.app/Contents/Developer/Toolchains/XcodeDefault.xctoolchain/usr/lib/swift/macosx/prebuilt-modules/26.1/Swift.swiftmodule/x86_64-apple-macos.swiftmodule /Applications/Xcode.app/Contents/Developer/Toolchains/XcodeDefault.xctoolchain/usr/lib/swift/macosx/prebuilt-modules/26.1/simd.swiftmodule/x86_64-apple-macos.swiftmodule /Applications/Xcode.app/Contents/Developer/Toolchains/XcodeDefault.xctoolchain/usr/lib/swift/macosx/prebuilt-modules/26.1/CoreGraphics.swiftmodule/x86_64-apple-macos.swiftmodule /Applications/Xcode.app/Contents/Developer/Toolchains/XcodeDefault.xctoolchain/usr/lib/swift/macosx/prebuilt-modules/26.1/CoreData.swiftmodule/x86_64-apple-macos.swiftmodule /Applications/Xcode.app/Contents/Developer/Toolchains/XcodeDefault.xctoolchain/usr/lib/swift/macosx/prebuilt-modules/26.1/Darwin.swiftmodule/x86_64-apple-macos.swiftmodule /Applications/Xcode.app/Contents/Developer/Toolchains/XcodeDefault.xctoolchain/usr/lib/swift/macosx/prebuilt-modules/26.1/CoreImage.swiftmodule/x86_64-apple-macos.swiftmodule /Applications/Xcode.app/Contents/Developer/Toolchains/XcodeDefault.xctoolchain/usr/lib/swift/macosx/prebuilt-modules/26.1/XPC.swiftmodule/x86_64-apple-macos.swiftmodule /Applications/Xcode.app/Contents/Developer/Toolchains/XcodeDefault.xctoolchain/usr/lib/swift/macosx/prebuilt-modules/26.1/EventKit.swiftmodule/x86_64-apple-macos.swiftmodule /Applications/Xcode.app/Contents/Developer/Toolchains/XcodeDefault.xctoolchain/usr/lib/swift/macosx/prebuilt-modules/26.1/SwiftUICore.swiftmodule/x86_64-apple-macos.swiftmodule /Applications/Xcode.app/Contents/Developer/Toolchains/XcodeDefault.xctoolchain/usr/lib/swift/macosx/prebuilt-modules/26.1/Spatial.swiftmodule/x86_64-apple-macos.swiftmodule /Applications/Xcode.app/Contents/Developer/Toolchains/XcodeDefault.xctoolchain/usr/lib/swift/macosx/prebuilt-modules/26.1/CoreTransferable.swiftmodule/x86_64-apple-macos.swiftmodule /Users/clevelandlewis/Documents/Roots/Roots/build/SwiftExplicitPrecompiledModules/DiskArbitration-AJYE0YO2F41X4VCZ94H4VN3O4.pcm /Users/clevelandlewis/Documents/Roots/Roots/build/SwiftExplicitPrecompiledModules/MachO-4KM7UEKX4UM3G6S59G2U4AZSD.pcm /Users/clevelandlewis/Documents/Roots/Roots/build/SwiftExplicitPrecompiledModules/_SwiftConcurrencyShims-C7WV4KZBBQ0O1VTE04VEBES8E.pcm /Users/clevelandlewis/Documents/Roots/Roots/build/SwiftExplicitPrecompiledModules/ptrcheck-464Y09WZTBLI4Z4YEB4KMXCYT.pcm /Users/clevelandlewis/Documents/Roots/Roots/build/SwiftExplicitPrecompiledModules/EventKit-8BJ4C0IH9EO2LBIFJOH8DYM3Q.pcm /Users/clevelandlewis/Documents/Roots/Roots/build/SwiftExplicitPrecompiledModules/CFNetwork-1ZXUT42JRJ36GJRCI202CY2O7.pcm /Users/clevelandlewis/Documents/Roots/Roots/build/SwiftExplicitPrecompiledModules/ImageIO-3S19AU89MFIE18U0Z0NXI6W79.pcm /Users/clevelandlewis/Documents/Roots/Roots/build/SwiftExplicitPrecompiledModules/SwiftShims-8LETXFE2HC9GTTCIE3L9FMH4A.pcm /Users/clevelandlewis/Documents/Roots/Roots/build/SwiftExplicitPrecompiledModules/os_object-2VRIB4M5JGVCH5ELEQDARP99X.pcm /Users/clevelandlewis/Documents/Roots/Roots/build/SwiftExplicitPrecompiledModules/_DarwinFoundation2-BPKOF98W9GDFC7IEFNWHM0HI9.pcm /Users/clevelandlewis/Documents/Roots/Roots/build/SwiftExplicitPrecompiledModules/_DarwinFoundation3-CNM9EF6YZES81MJ2QOSBZUVLK.pcm /Users/clevelandlewis/Documents/Roots/Roots/build/SwiftExplicitPrecompiledModules/UserNotifications-2XXSQ0ATKZV8PZLMMY693VQOL.pcm /Users/clevelandlewis/Documents/Roots/Roots/build/SwiftExplicitPrecompiledModules/IOSurface-57ZF417JLJMHE3XMMEBT2EX6W.pcm /Users/clevelandlewis/Documents/Roots/Roots/build/SwiftExplicitPrecompiledModules/DeveloperToolsSupport-75QTUKMULJ73DMJISV301T1E.pcm /Users/clevelandlewis/Documents/Roots/Roots/build/SwiftExplicitPrecompiledModules/QuartzCore-15CB6USSEQ8YFDJ4S6I9BOGKH.pcm /Users/clevelandlewis/Documents/Roots/Roots/build/SwiftExplicitPrecompiledModules/Spatial-85KLTCC8SGE9E24ZM47AQYWXW.pcm /Users/clevelandlewis/Documents/Roots/Roots/build/SwiftExplicitPrecompiledModules/_Builtin_tgmath-CTMN8M9ZG8EQN3FUB26EZQZMG.pcm /Users/clevelandlewis/Documents/Roots/Roots/build/SwiftExplicitPrecompiledModules/Metal-10WZXZDMV1VM8FSHR93F5YGHS.pcm /Users/clevelandlewis/Documents/Roots/Roots/build/SwiftExplicitPrecompiledModules/simd-9VNWSM1MMGC70WZV14WLZU84N.pcm /Users/clevelandlewis/Documents/Roots/Roots/build/SwiftExplicitPrecompiledModules/CoreGraphics-R92H44TNNW4YGJDX1OIBYA4P.pcm /Users/clevelandlewis/Documents/Roots/Roots/build/SwiftExplicitPrecompiledModules/_AvailabilityInternal-1Q3INGKC19P6IK2XIJGAG1D1O.pcm /Users/clevelandlewis/Documents/Roots/Roots/build/SwiftExplicitPrecompiledModules/IOKit-AW9B7IP85DK1UPM11QOVL82TC.pcm /Users/clevelandlewis/Documents/Roots/Roots/build/SwiftExplicitPrecompiledModules/_Builtin_float-68PNJIB9N824YPTFRB0MEFTRK.pcm /Users/clevelandlewis/Documents/Roots/Roots/build/SwiftExplicitPrecompiledModules/CUPS-E85JIF78YE7P3VD9W4STCC8O7.pcm /Users/clevelandlewis/Documents/Roots/Roots/build/SwiftExplicitPrecompiledModules/Accessibility-CVC2P9Z4265JD4R8Z6J52IC6P.pcm /Users/clevelandlewis/Documents/Roots/Roots/build/SwiftExplicitPrecompiledModules/CoreLocation-8IAFM9P85DP03DU4RGQH9P470.pcm /Users/clevelandlewis/Documents/Roots/Roots/build/SwiftExplicitPrecompiledModules/Security-4I786WYQPCIFCQIPSJBKZJ2PJ.pcm /Users/clevelandlewis/Documents/Roots/Roots/build/SwiftExplicitPrecompiledModules/libkern-8ZZRNHJIJ1UNFCLQ64UI1A885.pcm /Users/clevelandlewis/Documents/Roots/Roots/build/SwiftExplicitPrecompiledModules/_Builtin_limits-6A6SB032O0QA4NZVY3SS13S0V.pcm /Users/clevelandlewis/Documents/Roots/Roots/build/SwiftExplicitPrecompiledModules/_Builtin_stddef-A65G9ZISOW93ZM0KWYE8GTP89.pcm /Users/clevelandlewis/Documents/Roots/Roots/build/SwiftExplicitPrecompiledModules/OpenGL-80O1N1EF65FW0BVMF0FKLLJNO.pcm /Users/clevelandlewis/Documents/Roots/Roots/build/SwiftExplicitPrecompiledModules/ObjectiveC-18KQR4THN6NCEYMGZ2ZV8YVRE.pcm /Users/clevelandlewis/Documents/Roots/Roots/build/SwiftExplicitPrecompiledModules/ColorSync-5YG0Z7RX12ZRCHMVUQ6VHLAHG.pcm /Users/clevelandlewis/Documents/Roots/Roots/build/SwiftExplicitPrecompiledModules/Dispatch-ASB4V0JY52K5UN3ETBJOPEUMD.pcm /Users/clevelandlewis/Documents/Roots/Roots/build/SwiftExplicitPrecompiledModules/os-F19YENBDLIFD3EJB4BLJD3PBZ.pcm /Users/clevelandlewis/Documents/Roots/Roots/build/SwiftExplicitPrecompiledModules/libDER-12CUS0CR94WKSGHFM00L8VCNA.pcm /Users/clevelandlewis/Documents/Roots/Roots/build/SwiftExplicitPrecompiledModules/os_workgroup-B5DUBJ00187Z8LBYV1YCF647M.pcm /Users/clevelandlewis/Documents/Roots/Roots/build/SwiftExplicitPrecompiledModules/_Builtin_inttypes-9TNKXVZ9OYMRQK41KFWQ48TLY.pcm /Users/clevelandlewis/Documents/Roots/Roots/build/SwiftExplicitPrecompiledModules/_DarwinFoundation1-E8M4Q0113B4PSSSMDS5Y08NP.pcm /Users/clevelandlewis/Documents/Roots/Roots/build/SwiftExplicitPrecompiledModules/launch-EDV9ZM2KZ4VI7MSB5TYML2QI0.pcm /Users/clevelandlewis/Documents/Roots/Roots/build/SwiftExplicitPrecompiledModules/ApplicationServices-8QYENF15DQ8U3CKPFWYBKT8B1.pcm /Users/clevelandlewis/Documents/Roots/Roots/build/SwiftExplicitPrecompiledModules/_Builtin_stdint-3WG029N5AV5QIQ54TCKDMVP5P.pcm /Users/clevelandlewis/Documents/Roots/Roots/build/SwiftExplicitPrecompiledModules/CoreVideo-BF5ZC3N9NDIHOW34G980SAG0R.pcm /Users/clevelandlewis/Documents/Roots/Roots/build/SwiftExplicitPrecompiledModules/Darwin-5HBNHSN1FX247YVFY3725X72L.pcm /Users/clevelandlewis/Documents/Roots/Roots/build/SwiftExplicitPrecompiledModules/SwiftUI-8FXDA22Q8SYPMH16XKWIX4WUT.pcm /Users/clevelandlewis/Documents/Roots/Roots/build/SwiftExplicitPrecompiledModules/_Builtin_stdarg-7CNLIXPXJ9AKJDCTSJZSQZ4OY.pcm /Users/clevelandlewis/Documents/Roots/Roots/build/SwiftExplicitPrecompiledModules/_Builtin_stdatomic-7MMSZN7J9FGWKG9JADZWH2HZ6.pcm /Users/clevelandlewis/Documents/Roots/Roots/build/SwiftExplicitPrecompiledModules/CoreTransferable-BJKSNZLOT6ZKC6NV1R1FED1NV.pcm /Users/clevelandlewis/Documents/Roots/Roots/build/SwiftExplicitPrecompiledModules/_Builtin_intrinsics-695YJ98UPJI6QHJ45HVW7PB5T.pcm /Users/clevelandlewis/Documents/Roots/Roots/build/SwiftExplicitPrecompiledModules/ptrauth-BFTGD3UPKE8HR2RCJM4MNHUAB.pcm /Users/clevelandlewis/Documents/Roots/Roots/build/SwiftExplicitPrecompiledModules/CoreImage-AWAO9SDBMR1OJW73DG8YLVP23.pcm /Users/clevelandlewis/Documents/Roots/Roots/build/SwiftExplicitPrecompiledModules/_Builtin_stdbool-5I1C9MDSC5DCFG000GM3ABPCG.pcm /Users/clevelandlewis/Documents/Roots/Roots/build/SwiftExplicitPrecompiledModules/XPC-2POF0DVI6IJ7DVX0AVRBU7USE.pcm /Users/clevelandlewis/Documents/Roots/Roots/build/SwiftExplicitPrecompiledModules/SwiftUICore-2977P3UUV0LG6X9BS6N1CAE0M.pcm /Users/clevelandlewis/Documents/Roots/Roots/build/SwiftExplicitPrecompiledModules/_LocationEssentials-DI2YULJAU6C8M1X962CAZRLWJ.pcm /Users/clevelandlewis/Documents/Roots/Roots/build/SwiftExplicitPrecompiledModules/OSLog-ALVCCQE8EHXWZKOQ2CQWQKQ42.pcm /Users/clevelandlewis/Documents/Roots/Roots/build/SwiftExplicitPrecompiledModules/CoreHaptics-44Q6FY1SSN8B569C7V7FKM9W.pcm /Users/clevelandlewis/Documents/Roots/Roots/build/SwiftExplicitPrecompiledModules/AppKit-2MPUBH0ULU3JHODA7FU5EPONA.pcm /Users/clevelandlewis/Documents/Roots/Roots/build/SwiftExplicitPrecompiledModules/Symbols-B81OTXA1BRMS0P0V3OR6VK16Y.pcm /Users/clevelandlewis/Documents/Roots/Roots/build/SwiftExplicitPrecompiledModules/CoreFoundation-7YAB17LK9RSXPZHD8H6OU9BAL.pcm /Users/clevelandlewis/Documents/Roots/Roots/build/SwiftExplicitPrecompiledModules/UniformTypeIdentifiers-BWB17WXATZPMYR6SFQXKTGT2O.pcm /Users/clevelandlewis/Documents/Roots/Roots/build/SwiftExplicitPrecompiledModules/CoreText-91THINNNIDFKTLX0AWVFEB6LH.pcm /Users/clevelandlewis/Documents/Roots/Roots/build/SwiftExplicitPrecompiledModules/Foundation-13POO6HETO45024UYDQ77NT64.pcm /Users/clevelandlewis/Documents/Roots/Roots/build/SwiftExplicitPrecompiledModules/CoreData-86JB650DJ1NLLJXCQMPGRLQBD.pcm /Users/clevelandlewis/Documents/Roots/Roots/build/SwiftExplicitPrecompiledModules/DataDetection-9GSU087LHZ18OUJ86A072IR34.pcm /Users/clevelandlewis/Documents/Roots/Roots/build/SwiftExplicitPrecompiledModules/sys_types-AGKHWGPWK2M2CBE0BRLGX4LKY.pcm /Users/clevelandlewis/Documents/Roots/Roots/build/SwiftExplicitPrecompiledModules/CoreServices-8TPTSCUXRBMM3JWKJRWW5232Z.pcm /Users/clevelandlewis/Documents/Roots/Roots/build/Roots.build/Release/Roots.build/Objects-normal/x86_64/Roots-dependencies-2.json (in target 'Roots' from project 'Roots')

CompileSwift normal x86_64 (in target 'Roots' from project 'Roots')
    cd /Users/clevelandlewis/Documents/Roots/Roots
    
/Users/clevelandlewis/Documents/Roots/Roots/Roots/Managers/AttachmentManager.swift:71:37: error: cannot find type 'Attachment' in scope
    func deleteFile(for attachment: Attachment) {
                                    ^~~~~~~~~~
/Users/clevelandlewis/Documents/Roots/Roots/Roots/Managers/AttachmentManager.swift:98:33: error: cannot find type 'Attachment' in scope
    func openFile(_ attachment: Attachment) {
                                ^~~~~~~~~~
/Users/clevelandlewis/Documents/Roots/Roots/Roots/Managers/AttachmentManager.swift:109:39: error: cannot find type 'Attachment' in scope
    func revealInFinder(_ attachment: Attachment) {
                                      ^~~~~~~~~~
/Users/clevelandlewis/Documents/Roots/Roots/Roots/Managers/AutoScheduler.swift:44:13: warning: variable 'remainingTasks' was never mutated; consider changing to 'let' constant
        var remainingTasks = tasks.sorted {
        ~~~ ^
        let
/Users/clevelandlewis/Documents/Roots/Roots/Roots/AIScheduler.swift:60:23: error: cannot find type 'Attachment' in scope
    let attachments: [Attachment]
                      ^~~~~~~~~~
/Users/clevelandlewis/Documents/Roots/Roots/Roots/AIScheduler.swift:48:8: error: type 'AppTask' does not conform to protocol 'Decodable'
struct AppTask: Codable, Equatable, Hashable {
       ^
Swift.Decodable.init:2:1: note: protocol requires initializer 'init(from:)' with type 'Decodable'
init(from decoder: any Decoder) throws}
^
/Users/clevelandlewis/Documents/Roots/Roots/Roots/AIScheduler.swift:60:9: note: cannot automatically synthesize 'Decodable' because '[Attachment]' does not conform to 'Decodable'
    let attachments: [Attachment]
        ^
/Users/clevelandlewis/Documents/Roots/Roots/Roots/AIScheduler.swift:48:8: error: type 'AppTask' does not conform to protocol 'Decodable'
struct AppTask: Codable, Equatable, Hashable {
       ^
Swift.Decodable.init:2:1: note: protocol requires initializer 'init(from:)' with type 'Decodable'
init(from decoder: any Decoder) throws}
^
/Users/clevelandlewis/Documents/Roots/Roots/Roots/AIScheduler.swift:60:9: note: cannot automatically synthesize 'Decodable' because '[Attachment]' does not conform to 'Decodable'
    let attachments: [Attachment]
        ^
/Users/clevelandlewis/Documents/Roots/Roots/Roots/AIScheduler.swift:66:215: error: cannot find type 'Attachment' in scope
    init(id: UUID, title: String, courseId: UUID?, due: Date?, estimatedMinutes: Int, minBlockMinutes: Int, maxBlockMinutes: Int, difficulty: Double, importance: Double, type: TaskType, locked: Bool, attachments: [Attachment] = [], isCompleted: Bool = false, gradeWeightPercent: Double? = nil, gradePossiblePoints: Double? = nil, gradeEarnedPoints: Double? = nil) {
                                                                                                                                                                                                                      ^~~~~~~~~~
/Users/clevelandlewis/Documents/Roots/Roots/Roots/Managers/SyllabusParser.swift:23:20: error: cannot infer contextual base in reference to member 'exam'
            type: .exam,
                  ~^~~~
/Users/clevelandlewis/Documents/Roots/Roots/Roots/Managers/SyllabusParser.swift:39:20: error: cannot infer contextual base in reference to member 'project'
            type: .project,
                  ~^~~~~~~
/Users/clevelandlewis/Documents/Roots/Roots/Roots/AddAssignmentView.swift:12:38: error: cannot find type 'Attachment' in scope
    @State private var attachments: [Attachment] = []
                                     ^~~~~~~~~~
/Users/clevelandlewis/Documents/Roots/Roots/Roots/AddAssignmentView.swift:133:25: error: cannot find 'AttachmentListView' in scope
                        AttachmentListView(attachments: $attachments, courseId: selectedCourseId)
                        ^~~~~~~~~~~~~~~~~~
/Users/clevelandlewis/Documents/Roots/Roots/Roots/AddEditCourseView.swift:21:38: error: cannot find type 'Attachment' in scope
    @State private var attachments: [Attachment] = []
                                     ^~~~~~~~~~
/Users/clevelandlewis/Documents/Roots/Roots/Roots/CourseModels.swift:151:23: error: cannot find type 'Attachment' in scope
    var attachments: [Attachment]
                      ^~~~~~~~~~
/Users/clevelandlewis/Documents/Roots/Roots/Roots/AddEditCourseView.swift:56:17: error: cannot find 'AttachmentListView' in scope
                AttachmentListView(attachments: $attachments, courseId: nil)
                ^~~~~~~~~~~~~~~~~~
/Users/clevelandlewis/Documents/Roots/Roots/Roots/AddEditCourseView.swift:56:73: error: 'nil' requires a contextual type
                AttachmentListView(attachments: $attachments, courseId: nil)
                                                                        ^
/Users/clevelandlewis/Documents/Roots/Roots/Roots/CourseModels.swift:167:24: error: cannot find type 'Attachment' in scope
         attachments: [Attachment] = []) {
                       ^~~~~~~~~~
/Users/clevelandlewis/Documents/Roots/Roots/Roots/AddEditCourseView.swift:118:28: error: extra arguments at positions #1, #2, #3, #4 in call
            course = Course(title: trimmed, code: code, semesterId: UUID(), attachments: attachments)
                           ^
/Users/clevelandlewis/Documents/Roots/Roots/Roots/CourseModels.swift:189:5: note: 'init(from:)' declared here
    init(from decoder: Decoder) throws {
    ^
/Users/clevelandlewis/Documents/Roots/Roots/Roots/AddEditCourseView.swift:118:29: error: missing argument for parameter 'from' in call
            course = Course(title: trimmed, code: code, semesterId: UUID(), attachments: attachments)
                            ^
                            from: <#any Decoder#>, 
/Users/clevelandlewis/Documents/Roots/Roots/Roots/CourseModels.swift:189:5: note: 'init(from:)' declared here
    init(from decoder: Decoder) throws {
    ^
/Users/clevelandlewis/Documents/Roots/Roots/Roots/AddEditCourseView.swift:120:28: error: extra arguments at positions #1, #2, #3, #4, #5, #6 in call
            course = Course(id: existing.id, title: trimmed, code: code, semesterId: existing.semesterId, colorHex: existing.colorHex, attachments: attachments)
                           ^
/Users/clevelandlewis/Documents/Roots/Roots/Roots/CourseModels.swift:189:5: note: 'init(from:)' declared here
    init(from decoder: Decoder) throws {
    ^
/Users/clevelandlewis/Documents/Roots/Roots/Roots/AddEditCourseView.swift:120:29: error: missing argument for parameter 'from' in call
            course = Course(id: existing.id, title: trimmed, code: code, semesterId: existing.semesterId, colorHex: existing.colorHex, attachments: attachments)
                            ^
                            from: <#any Decoder#>, 
/Users/clevelandlewis/Documents/Roots/Roots/Roots/CourseModels.swift:189:5: note: 'init(from:)' declared here
    init(from decoder: Decoder) throws {
    ^
/Users/clevelandlewis/Documents/Roots/Roots/Roots/FlashcardManager.swift:27:62: error: cannot find type 'FlashcardDeck' in scope
    func createDeck(title: String, courseID: UUID? = nil) -> FlashcardDeck {
                                                             ^~~~~~~~~~~~~
/Users/clevelandlewis/Documents/Roots/Roots/Roots/AddExamPopup.swift:91:24: error: referencing subscript 'subscript(dynamicMember:)' requires wrapper 'EnvironmentObject<FlashcardManager>.Wrapper'
            let deck = flashManager.createDeck(title: deckTitle, courseID: selectedCourseId)
                       ^
                       $
/Users/clevelandlewis/Documents/Roots/Roots/Roots/AddExamPopup.swift:91:37: error: cannot call value of non-function type 'Binding<Subject>'
            let deck = flashManager.createDeck(title: deckTitle, courseID: selectedCourseId)
                                    ^
/Users/clevelandlewis/Documents/Roots/Roots/Roots/FlashcardManager.swift:34:76: error: cannot find type 'FlashcardDifficulty' in scope
    func addCard(to deckId: UUID, front: String, back: String, difficulty: FlashcardDifficulty = .medium) {
                                                                           ^~~~~~~~~~~~~~~~~~~
/Users/clevelandlewis/Documents/Roots/Roots/Roots/AddExamPopup.swift:94:17: error: referencing subscript 'subscript(dynamicMember:)' requires wrapper 'EnvironmentObject<FlashcardManager>.Wrapper'
                flashManager.addCard(to: deck.id, front: "From file: \(url.lastPathComponent)", back: "Notes to be generated")
                ^
                $
/Users/clevelandlewis/Documents/Roots/Roots/Roots/AddExamPopup.swift:94:30: error: cannot call value of non-function type 'Binding<Subject>'
                flashManager.addCard(to: deck.id, front: "From file: \(url.lastPathComponent)", back: "Notes to be generated")
                             ^
/Users/clevelandlewis/Documents/Roots/Roots/Roots/AIScheduler.swift:48:8: error: type 'AppTask' does not conform to protocol 'Encodable'
struct AppTask: Codable, Equatable, Hashable {
       ^
Swift.Encodable.encode:2:6: note: protocol requires function 'encode(to:)' with type 'Encodable'
func encode(to encoder: any Encoder) throws}
     ^
/Users/clevelandlewis/Documents/Roots/Roots/Roots/AIScheduler.swift:60:9: note: cannot automatically synthesize 'Encodable' because '[Attachment]' does not conform to 'Encodable'
    let attachments: [Attachment]
        ^
/Users/clevelandlewis/Documents/Roots/Roots/Roots/AIScheduler.swift:48:8: error: type 'AppTask' does not conform to protocol 'Encodable'
struct AppTask: Codable, Equatable, Hashable {
       ^
Swift.Encodable.encode:2:6: note: protocol requires function 'encode(to:)' with type 'Encodable'
func encode(to encoder: any Encoder) throws}
     ^
/Users/clevelandlewis/Documents/Roots/Roots/Roots/AIScheduler.swift:60:9: note: cannot automatically synthesize 'Encodable' because '[Attachment]' does not conform to 'Encodable'
    let attachments: [Attachment]
        ^
/Users/clevelandlewis/Documents/Roots/Roots/Roots/AIScheduler.swift:48:8: error: type 'AppTask' does not conform to protocol 'Hashable'
struct AppTask: Codable, Equatable, Hashable {
       ^
/Users/clevelandlewis/Documents/Roots/Roots/Roots/AIScheduler.swift:60:9: note: stored property type '<<error type>>' does not conform to protocol 'Hashable', preventing synthesized conformance of 'AppTask' to 'Hashable'
    let attachments: [Attachment]
        ^
/Users/clevelandlewis/Documents/Roots/Roots/Roots/AIScheduler.swift:48:8: error: type 'AppTask' does not conform to protocol 'Equatable'
struct AppTask: Codable, Equatable, Hashable {
       ^
/Users/clevelandlewis/Documents/Roots/Roots/Roots/AIScheduler.swift:60:9: note: stored property type '<<error type>>' does not conform to protocol 'Equatable', preventing synthesized conformance of 'AppTask' to 'Equatable'
    let attachments: [Attachment]
        ^
Swift.==:1:24: note: candidate would match if 'AppTask' conformed to 'RawRepresentable'
@inlinable public func == <T>(lhs: T, rhs: T) -> Bool where T : RawRepresentable, T.RawValue : Equatable
                       ^
Swift.FloatingPoint.==:2:20: note: candidate would match if 'AppTask' conformed to 'FloatingPoint'
public static func == (lhs: Self, rhs: Self) -> Bool}
                   ^
Swift.BinaryInteger.==:2:20: note: candidate would match if 'AppTask' conformed to 'BinaryInteger'
public static func == <Other>(lhs: Self, rhs: Other) -> Bool where Other : BinaryInteger}
                   ^
Swift._Pointer.==:2:20: note: candidate would match if 'AppTask' conformed to '_Pointer'
public static func == (lhs: Self, rhs: Self) -> Bool}
                   ^
Swift._Pointer.==:2:31: note: candidate would match if 'AppTask' conformed to '_Pointer'
@inlinable public static func == <Other>(lhs: Self, rhs: Other) -> Bool where Other : _Pointer}
                              ^
Swift.Strideable.==:2:31: note: candidate would match if 'AppTask' conformed to 'Strideable'
@inlinable public static func == (x: Self, y: Self) -> Bool}
                              ^
Swift.StringProtocol.==:2:31: note: candidate would match if 'AppTask' conformed to 'StringProtocol'
@inlinable public static func == <RHS>(lhs: Self, rhs: RHS) -> Bool where RHS : StringProtocol}
                              ^
Swift.SIMD.==:2:20: note: candidate would match if 'AppTask' conformed to 'SIMD'
public static func == (a: Self, b: Self) -> Bool}
                   ^
Foundation.AttributedStringProtocol.==:2:20: note: candidate would match if 'AppTask' conformed to 'AttributedStringProtocol'
public static func == <RHS>(lhs: Self, rhs: RHS) -> Bool where RHS : AttributedStringProtocol}
                   ^
Foundation._BridgedStoredNSError.==:2:20: note: candidate would match if 'AppTask' conformed to '_BridgedStoredNSError'
public static func == (lhs: Self, rhs: Self) -> Bool}
                   ^
CoreFoundation._CFObject.==:2:20: note: candidate would match if 'AppTask' conformed to '_CFObject'
public static func == (left: Self, right: Self) -> Bool}
                   ^
/Users/clevelandlewis/Documents/Roots/Roots/Roots/AIScheduler.swift:48:8: note: add stubs for conformance
struct AppTask: Codable, Equatable, Hashable {
       ^
Swift.Equatable.==:2:13: note: protocol requires function '==' with type '(AppTask, AppTask) -> Bool'
static func == (lhs: Self, rhs: Self) -> Bool}
            ^
/Users/clevelandlewis/Documents/Roots/Roots/Roots/AIScheduler.swift:237:21: warning: variable 'chosen' was never mutated; consider changing to 'let' constant
                var chosen = candidates[chosenIdx]
                ~~~ ^
                let
/Users/clevelandlewis/Documents/Roots/Roots/Roots/CalendarDayCell.swift:14:13: warning: initialization of immutable value 'level' was never used; consider replacing with assignment to '_' or removing it
        let level = densityLevel(for: eventCount)
        ~~~~^~~~~
        _
/Users/clevelandlewis/Documents/Roots/Roots/Roots/CalendarManager.swift:116:17: warning: no calls to throwing functions occur within 'try' expression
            _ = try await self.withLoading(message: "Loading calendar") {
/Users/clevelandlewis/Documents/Roots/Roots/Roots/CalendarPageView.swift:175:29: error: cannot find 'CalendarDayView' in scope
                            CalendarDayView(date: focusedDate, events: calendarManager.cachedMonthEvents)
                            ^~~~~~~~~~~~~~~
/Users/clevelandlewis/Documents/Roots/Roots/Roots/CalendarPageView.swift:178:29: error: cannot find 'CalendarYearView' in scope
                            CalendarYearView(currentYear: focusedDate)
                            ^~~~~~~~~~~~~~~~
/Users/clevelandlewis/Documents/Roots/Roots/Roots/CalendarPageView.swift:192:13: error: cannot find 'AddEventPopup' in scope
            AddEventPopup().environmentObject(calendarManager)
            ^~~~~~~~~~~~~
/Users/clevelandlewis/Documents/Roots/Roots/Roots/CalendarPageView.swift:176:51: error: cannot infer contextual base in reference to member 'infinity'
                                .frame(maxWidth: .infinity, maxHeight: .infinity)
                                                 ~^~~~~~~~
/Users/clevelandlewis/Documents/Roots/Roots/Roots/CalendarPageView.swift:176:73: error: cannot infer contextual base in reference to member 'infinity'
                                .frame(maxWidth: .infinity, maxHeight: .infinity)
                                                                       ~^~~~~~~~
/Users/clevelandlewis/Documents/Roots/Roots/Roots/CalendarPageView.swift:1443:25: error: cannot find 'CalendarHeader' in scope
                        CalendarHeader(
                        ^~~~~~~~~~~~~~
/Users/clevelandlewis/Documents/Roots/Roots/Roots/CalendarPageView.swift:1470:33: error: cannot find 'CalendarDayView' in scope
                                CalendarDayView(
                                ^~~~~~~~~~~~~~~
/Users/clevelandlewis/Documents/Roots/Roots/Roots/CalendarPageView.swift:1477:33: error: cannot find 'CalendarWeekView' in scope
                                CalendarWeekView(
                                ^~~~~~~~~~~~~~~~
/Users/clevelandlewis/Documents/Roots/Roots/Roots/CalendarPageView.swift:1484:33: error: cannot find 'CalendarGrid' in scope
                                CalendarGrid(currentMonth: $currentMonth, events: monthEvents)
                                ^~~~~~~~~~~~
/Users/clevelandlewis/Documents/Roots/Roots/Roots/CalendarPageView.swift:1488:33: error: cannot find 'CalendarYearView' in scope
                                CalendarYearView(currentYear: currentMonth)
                                ^~~~~~~~~~~~~~~~
/Users/clevelandlewis/Documents/Roots/Roots/Roots/CalendarPageView.swift:1491:33: error: cannot find 'CalendarGrid' in scope
                                CalendarGrid(currentMonth: $currentMonth, events: monthEvents)
                                ^~~~~~~~~~~~
/Users/clevelandlewis/Documents/Roots/Roots/Roots/CalendarPageView.swift:1449:39: error: 'nil' requires a contextual type
                            onSearch: nil
                                      ^
/Users/clevelandlewis/Documents/Roots/Roots/Roots/ContentView.swift:35:17: error: cannot find 'RootsFanOutMenu' in scope
                RootsFanOutMenu(items: [
                ^~~~~~~~~~~~~~~
/Users/clevelandlewis/Documents/Roots/Roots/Roots/ContentView.swift:36:21: error: cannot find 'FanOutMenuItem' in scope
                    FanOutMenuItem(icon: "doc.badge.plus", label: "Add Assignment") {
                    ^~~~~~~~~~~~~~
/Users/clevelandlewis/Documents/Roots/Roots/Roots/ContentView.swift:39:21: error: cannot find 'FanOutMenuItem' in scope
                    FanOutMenuItem(icon: "calendar.badge.plus", label: "Add Event") {
                    ^~~~~~~~~~~~~~
/Users/clevelandlewis/Documents/Roots/Roots/Roots/ContentView.swift:42:21: error: cannot find 'FanOutMenuItem' in scope
                    FanOutMenuItem(icon: "graduationcap", label: "Add Course") {
                    ^~~~~~~~~~~~~~
/Users/clevelandlewis/Documents/Roots/Roots/Roots/ContentView.swift:47:27: error: cannot infer contextual base in reference to member 'leading'
                .padding(.leading, 24)
                         ~^~~~~~~
/Users/clevelandlewis/Documents/Roots/Roots/Roots/ContentView.swift:48:27: error: cannot infer contextual base in reference to member 'top'
                .padding(.top, 16)
                         ~^~~
/Users/clevelandlewis/Documents/Roots/Roots/Roots/ContentView.swift:99:13: error: cannot find 'RootsFanOutMenu' in scope
            RootsFanOutMenu(items: [
            ^~~~~~~~~~~~~~~
/Users/clevelandlewis/Documents/Roots/Roots/Roots/ContentView.swift:100:17: error: cannot find 'FanOutMenuItem' in scope
                FanOutMenuItem(icon: "doc.badge.plus", label: "Add Assignment") {
                ^~~~~~~~~~~~~~
/Users/clevelandlewis/Documents/Roots/Roots/Roots/ContentView.swift:103:17: error: cannot find 'FanOutMenuItem' in scope
                FanOutMenuItem(icon: "calendar.badge.plus", label: "Add Event") {
                ^~~~~~~~~~~~~~
/Users/clevelandlewis/Documents/Roots/Roots/Roots/ContentView.swift:106:17: error: cannot find 'FanOutMenuItem' in scope
                FanOutMenuItem(icon: "graduationcap", label: "Add Course") {
                ^~~~~~~~~~~~~~
/Users/clevelandlewis/Documents/Roots/Roots/Roots/ContentView.swift:153:17: error: cannot find 'FlashcardDashboard' in scope
                FlashcardDashboard()
                ^~~~~~~~~~~~~~~~~~
/Users/clevelandlewis/Documents/Roots/Roots/Roots/CourseDetailView.swift:257:44: error: cannot find type 'Attachment' in scope
    private var groupedAttachments: [Int: [Attachment]] {
                                           ^~~~~~~~~~
/Users/clevelandlewis/Documents/Roots/Roots/Roots/CourseDetailView.swift:49:10: error: instance method 'onChange(of:initial:_:)' requires that 'Binding<Subject>' conform to 'Equatable'
        .onChange(of: draftCourse.attachments) { _, _ in
         ^
SwiftUI.View.onChange:2:25: note: where 'V' = 'Binding<Subject>'
nonisolated public func onChange<V>(of value: V, initial: Bool = false, _ action: @escaping (_ oldValue: V, _ newValue: V) -> Void) -> some View where V : Equatable
                        ^
/Users/clevelandlewis/Documents/Roots/Roots/Roots/CourseDetailView.swift:49:23: error: referencing subscript 'subscript(dynamicMember:)' requires wrapper 'Binding<Course>'
        .onChange(of: draftCourse.attachments) { _, _ in
                      ^
                      $
/Users/clevelandlewis/Documents/Roots/Roots/Roots/CourseDetailView.swift:190:17: error: cannot find 'AttachmentListView' in scope
                AttachmentListView(attachments: $draftCourse.attachments, courseId: draftCourse.id)
                ^~~~~~~~~~~~~~~~~~
/Users/clevelandlewis/Documents/Roots/Roots/Roots/CourseDetailView.swift:250:30: error: cannot find 'Attachment' in scope
            let attachment = Attachment(name: url.lastPathComponent, localURL: destURL, tag: .syllabus)
                             ^~~~~~~~~~
/Users/clevelandlewis/Documents/Roots/Roots/Roots/CourseDetailView.swift:250:95: error: cannot infer contextual base in reference to member 'syllabus'
            let attachment = Attachment(name: url.lastPathComponent, localURL: destURL, tag: .syllabus)
                                                                                             ~^~~~~~~~
/Users/clevelandlewis/Documents/Roots/Roots/Roots/CourseDetailView.swift:251:13: error: referencing subscript 'subscript(dynamicMember:)' requires wrapper 'Binding<Course>'
            draftCourse.attachments.append(attachment)
            ^
            $
/Users/clevelandlewis/Documents/Roots/Roots/Roots/CourseDetailView.swift:251:37: error: cannot call value of non-function type 'Binding<Subject>'
            draftCourse.attachments.append(attachment)
                                    ^
/Users/clevelandlewis/Documents/Roots/Roots/Roots/CourseDetailView.swift:258:83: error: cannot find type 'Attachment' in scope
        let withModule = draftCourse.attachments.compactMap { attachment -> (Int, Attachment)? in
                                                                                  ^~~~~~~~~~
/Users/clevelandlewis/Documents/Roots/Roots/Roots/CourseDetailView.swift:258:26: error: referencing subscript 'subscript(dynamicMember:)' requires wrapper 'Binding<Course>'
        let withModule = draftCourse.attachments.compactMap { attachment -> (Int, Attachment)? in
                         ^
                         $
/Users/clevelandlewis/Documents/Roots/Roots/Roots/CourseEditView.swift:24:49: error: extra arguments at positions #1, #2, #3 in call
            _course = State(initialValue: Course(
                                                ^
/Users/clevelandlewis/Documents/Roots/Roots/Roots/CourseModels.swift:189:5: note: 'init(from:)' declared here
    init(from decoder: Decoder) throws {
    ^
/Users/clevelandlewis/Documents/Roots/Roots/Roots/CourseEditView.swift:25:17: error: missing argument for parameter 'from' in call
                title: "",
                ^
                from: <#any Decoder#>, 
/Users/clevelandlewis/Documents/Roots/Roots/Roots/CourseModels.swift:189:5: note: 'init(from:)' declared here
    init(from decoder: Decoder) throws {
    ^
/Users/clevelandlewis/Documents/Roots/Roots/Roots/CourseEditView.swift:32:49: error: extra arguments at positions #1, #2, #3 in call
            _course = State(initialValue: Course(
                                                ^
/Users/clevelandlewis/Documents/Roots/Roots/Roots/CourseModels.swift:189:5: note: 'init(from:)' declared here
    init(from decoder: Decoder) throws {
    ^
/Users/clevelandlewis/Documents/Roots/Roots/Roots/CourseEditView.swift:33:17: error: missing argument for parameter 'from' in call
                title: "",
                ^
                from: <#any Decoder#>, 
/Users/clevelandlewis/Documents/Roots/Roots/Roots/CourseModels.swift:189:5: note: 'init(from:)' declared here
    init(from decoder: Decoder) throws {
    ^
/Users/clevelandlewis/Documents/Roots/Roots/Roots/CourseModels.swift:136:8: error: type 'Course' does not conform to protocol 'Encodable'
struct Course: Identifiable, Codable, Hashable {
       ^
Swift.Encodable.encode:2:6: note: protocol requires function 'encode(to:)' with type 'Encodable'
func encode(to encoder: any Encoder) throws}
     ^
/Users/clevelandlewis/Documents/Roots/Roots/Roots/CourseModels.swift:151:9: note: cannot automatically synthesize 'Encodable' because '[Attachment]' does not conform to 'Encodable'
    var attachments: [Attachment]
        ^
/Users/clevelandlewis/Documents/Roots/Roots/Roots/CourseModels.swift:136:8: error: type 'Course' does not conform to protocol 'Encodable'
struct Course: Identifiable, Codable, Hashable {
       ^
Swift.Encodable.encode:2:6: note: protocol requires function 'encode(to:)' with type 'Encodable'
func encode(to encoder: any Encoder) throws}
     ^
/Users/clevelandlewis/Documents/Roots/Roots/Roots/CourseModels.swift:151:9: note: cannot automatically synthesize 'Encodable' because '[Attachment]' does not conform to 'Encodable'
    var attachments: [Attachment]
        ^
/Users/clevelandlewis/Documents/Roots/Roots/Roots/CourseModels.swift:136:8: error: type 'Course' does not conform to protocol 'Hashable'
struct Course: Identifiable, Codable, Hashable {
       ^
/Users/clevelandlewis/Documents/Roots/Roots/Roots/CourseModels.swift:151:9: note: stored property type '<<error type>>' does not conform to protocol 'Hashable', preventing synthesized conformance of 'Course' to 'Hashable'
    var attachments: [Attachment]
        ^
/Users/clevelandlewis/Documents/Roots/Roots/Roots/CourseModels.swift:136:8: error: type 'Course' does not conform to protocol 'Equatable'
struct Course: Identifiable, Codable, Hashable {
       ^
/Users/clevelandlewis/Documents/Roots/Roots/Roots/CourseModels.swift:151:9: note: stored property type '<<error type>>' does not conform to protocol 'Equatable', preventing synthesized conformance of 'Course' to 'Equatable'
    var attachments: [Attachment]
        ^
Swift.==:1:24: note: candidate would match if 'Course' conformed to 'RawRepresentable'
@inlinable public func == <T>(lhs: T, rhs: T) -> Bool where T : RawRepresentable, T.RawValue : Equatable
                       ^
Swift.FloatingPoint.==:2:20: note: candidate would match if 'Course' conformed to 'FloatingPoint'
public static func == (lhs: Self, rhs: Self) -> Bool}
                   ^
Swift.BinaryInteger.==:2:20: note: candidate would match if 'Course' conformed to 'BinaryInteger'
public static func == <Other>(lhs: Self, rhs: Other) -> Bool where Other : BinaryInteger}
                   ^
Swift._Pointer.==:2:20: note: candidate would match if 'Course' conformed to '_Pointer'
public static func == (lhs: Self, rhs: Self) -> Bool}
                   ^
Swift._Pointer.==:2:31: note: candidate would match if 'Course' conformed to '_Pointer'
@inlinable public static func == <Other>(lhs: Self, rhs: Other) -> Bool where Other : _Pointer}
                              ^
Swift.Strideable.==:2:31: note: candidate would match if 'Course' conformed to 'Strideable'
@inlinable public static func == (x: Self, y: Self) -> Bool}
                              ^
Swift.StringProtocol.==:2:31: note: candidate would match if 'Course' conformed to 'StringProtocol'
@inlinable public static func == <RHS>(lhs: Self, rhs: RHS) -> Bool where RHS : StringProtocol}
                              ^
Swift.SIMD.==:2:20: note: candidate would match if 'Course' conformed to 'SIMD'
public static func == (a: Self, b: Self) -> Bool}
                   ^
Foundation.AttributedStringProtocol.==:2:20: note: candidate would match if 'Course' conformed to 'AttributedStringProtocol'
public static func == <RHS>(lhs: Self, rhs: RHS) -> Bool where RHS : AttributedStringProtocol}
                   ^
Foundation._BridgedStoredNSError.==:2:20: note: candidate would match if 'Course' conformed to '_BridgedStoredNSError'
public static func == (lhs: Self, rhs: Self) -> Bool}
                   ^
CoreFoundation._CFObject.==:2:20: note: candidate would match if 'Course' conformed to '_CFObject'
public static func == (left: Self, right: Self) -> Bool}
                   ^
/Users/clevelandlewis/Documents/Roots/Roots/Roots/CourseModels.swift:136:8: note: add stubs for conformance
struct Course: Identifiable, Codable, Hashable {
       ^
Swift.Equatable.==:2:13: note: protocol requires function '==' with type '(Course, Course) -> Bool'
static func == (lhs: Self, rhs: Self) -> Bool}
            ^
/Users/clevelandlewis/Documents/Roots/Roots/Roots/CourseModels.swift:205:54: error: cannot find 'Attachment' in scope
        attachments = try container.decodeIfPresent([Attachment].self, forKey: .attachments) ?? []
                                                     ^~~~~~~~~~
/Users/clevelandlewis/Documents/Roots/Roots/Roots/CourseModels.swift:205:37: error: no exact matches in call to instance method 'decodeIfPresent'
        attachments = try container.decodeIfPresent([Attachment].self, forKey: .attachments) ?? []
                                    ^
Swift.KeyedDecodingContainer.decodeIfPresent:2:13: note: candidate expects value of type 'Bool.Type' for parameter #1 (got '[Any]')
public func decodeIfPresent(_ type: Bool.Type, forKey key: KeyedDecodingContainer<K>.Key) throws -> Bool?}
            ^
Swift.KeyedDecodingContainer.decodeIfPresent:2:13: note: candidate expects value of type 'String.Type' for parameter #1 (got '[Any]')
public func decodeIfPresent(_ type: String.Type, forKey key: KeyedDecodingContainer<K>.Key) throws -> String?}
            ^
Swift.KeyedDecodingContainer.decodeIfPresent:2:13: note: candidate expects value of type 'Double.Type' for parameter #1 (got '[Any]')
public func decodeIfPresent(_ type: Double.Type, forKey key: KeyedDecodingContainer<K>.Key) throws -> Double?}
            ^
Swift.KeyedDecodingContainer.decodeIfPresent:2:13: note: candidate expects value of type 'Float.Type' for parameter #1 (got '[Any]')
public func decodeIfPresent(_ type: Float.Type, forKey key: KeyedDecodingContainer<K>.Key) throws -> Float?}
            ^
Swift.KeyedDecodingContainer.decodeIfPresent:2:13: note: candidate expects value of type 'Int.Type' for parameter #1 (got '[Any]')
public func decodeIfPresent(_ type: Int.Type, forKey key: KeyedDecodingContainer<K>.Key) throws -> Int?}
            ^
Swift.KeyedDecodingContainer.decodeIfPresent:2:13: note: candidate expects value of type 'Int8.Type' for parameter #1 (got '[Any]')
public func decodeIfPresent(_ type: Int8.Type, forKey key: KeyedDecodingContainer<K>.Key) throws -> Int8?}
            ^
Swift.KeyedDecodingContainer.decodeIfPresent:2:13: note: candidate expects value of type 'Int16.Type' for parameter #1 (got '[Any]')
public func decodeIfPresent(_ type: Int16.Type, forKey key: KeyedDecodingContainer<K>.Key) throws -> Int16?}
            ^
Swift.KeyedDecodingContainer.decodeIfPresent:2:13: note: candidate expects value of type 'Int32.Type' for parameter #1 (got '[Any]')
public func decodeIfPresent(_ type: Int32.Type, forKey key: KeyedDecodingContainer<K>.Key) throws -> Int32?}
            ^
Swift.KeyedDecodingContainer.decodeIfPresent:2:13: note: candidate expects value of type 'Int64.Type' for parameter #1 (got '[Any]')
public func decodeIfPresent(_ type: Int64.Type, forKey key: KeyedDecodingContainer<K>.Key) throws -> Int64?}
            ^
Swift.KeyedDecodingContainer.decodeIfPresent:3:15: note: candidate expects value of type 'Int128.Type' for parameter #1 (got '[Any]')
  public func decodeIfPresent(_ type: Int128.Type, forKey key: KeyedDecodingContainer<K>.Key) throws -> Int128?}
              ^
Swift.KeyedDecodingContainer.decodeIfPresent:2:13: note: candidate expects value of type 'UInt.Type' for parameter #1 (got '[Any]')
public func decodeIfPresent(_ type: UInt.Type, forKey key: KeyedDecodingContainer<K>.Key) throws -> UInt?}
            ^
Swift.KeyedDecodingContainer.decodeIfPresent:2:13: note: candidate expects value of type 'UInt8.Type' for parameter #1 (got '[Any]')
public func decodeIfPresent(_ type: UInt8.Type, forKey key: KeyedDecodingContainer<K>.Key) throws -> UInt8?}
            ^
Swift.KeyedDecodingContainer.decodeIfPresent:2:13: note: candidate expects value of type 'UInt16.Type' for parameter #1 (got '[Any]')
public func decodeIfPresent(_ type: UInt16.Type, forKey key: KeyedDecodingContainer<K>.Key) throws -> UInt16?}
            ^
Swift.KeyedDecodingContainer.decodeIfPresent:2:13: note: candidate expects value of type 'UInt32.Type' for parameter #1 (got '[Any]')
public func decodeIfPresent(_ type: UInt32.Type, forKey key: KeyedDecodingContainer<K>.Key) throws -> UInt32?}
            ^
Swift.KeyedDecodingContainer.decodeIfPresent:2:13: note: candidate expects value of type 'UInt64.Type' for parameter #1 (got '[Any]')
public func decodeIfPresent(_ type: UInt64.Type, forKey key: KeyedDecodingContainer<K>.Key) throws -> UInt64?}
            ^
Swift.KeyedDecodingContainer.decodeIfPresent:3:15: note: candidate expects value of type 'UInt128.Type' for parameter #1 (got '[Any]')
  public func decodeIfPresent(_ type: UInt128.Type, forKey key: KeyedDecodingContainer<K>.Key) throws -> UInt128?}
              ^
Swift.KeyedDecodingContainerProtocol.decodeIfPresent:2:13: note: candidate expects value of type 'Bool.Type' for parameter #1 (got '[Any]')
public func decodeIfPresent(_ type: Bool.Type, forKey key: Self.Key) throws -> Bool?}
            ^
Swift.KeyedDecodingContainerProtocol.decodeIfPresent:2:13: note: candidate expects value of type 'String.Type' for parameter #1 (got '[Any]')
public func decodeIfPresent(_ type: String.Type, forKey key: Self.Key) throws -> String?}
            ^
Swift.KeyedDecodingContainerProtocol.decodeIfPresent:2:13: note: candidate expects value of type 'Double.Type' for parameter #1 (got '[Any]')
public func decodeIfPresent(_ type: Double.Type, forKey key: Self.Key) throws -> Double?}
            ^
Swift.KeyedDecodingContainerProtocol.decodeIfPresent:2:13: note: candidate expects value of type 'Float.Type' for parameter #1 (got '[Any]')
public func decodeIfPresent(_ type: Float.Type, forKey key: Self.Key) throws -> Float?}
            ^
Swift.KeyedDecodingContainerProtocol.decodeIfPresent:2:13: note: candidate expects value of type 'Int.Type' for parameter #1 (got '[Any]')
public func decodeIfPresent(_ type: Int.Type, forKey key: Self.Key) throws -> Int?}
            ^
Swift.KeyedDecodingContainerProtocol.decodeIfPresent:2:13: note: candidate expects value of type 'Int8.Type' for parameter #1 (got '[Any]')
public func decodeIfPresent(_ type: Int8.Type, forKey key: Self.Key) throws -> Int8?}
            ^
Swift.KeyedDecodingContainerProtocol.decodeIfPresent:2:13: note: candidate expects value of type 'Int16.Type' for parameter #1 (got '[Any]')
public func decodeIfPresent(_ type: Int16.Type, forKey key: Self.Key) throws -> Int16?}
            ^
Swift.KeyedDecodingContainerProtocol.decodeIfPresent:2:13: note: candidate expects value of type 'Int32.Type' for parameter #1 (got '[Any]')
public func decodeIfPresent(_ type: Int32.Type, forKey key: Self.Key) throws -> Int32?}
            ^
Swift.KeyedDecodingContainerProtocol.decodeIfPresent:2:13: note: candidate expects value of type 'Int64.Type' for parameter #1 (got '[Any]')
public func decodeIfPresent(_ type: Int64.Type, forKey key: Self.Key) throws -> Int64?}
            ^
Swift.KeyedDecodingContainerProtocol.decodeIfPresent:3:15: note: candidate expects value of type 'Int128.Type' for parameter #1 (got '[Any]')
  public func decodeIfPresent(_ type: Int128.Type, forKey key: Self.Key) throws -> Int128?}
              ^
Swift.KeyedDecodingContainerProtocol.decodeIfPresent:2:13: note: candidate expects value of type 'UInt.Type' for parameter #1 (got '[Any]')
public func decodeIfPresent(_ type: UInt.Type, forKey key: Self.Key) throws -> UInt?}
            ^
Swift.KeyedDecodingContainerProtocol.decodeIfPresent:2:13: note: candidate expects value of type 'UInt8.Type' for parameter #1 (got '[Any]')
public func decodeIfPresent(_ type: UInt8.Type, forKey key: Self.Key) throws -> UInt8?}
            ^
Swift.KeyedDecodingContainerProtocol.decodeIfPresent:2:13: note: candidate expects value of type 'UInt16.Type' for parameter #1 (got '[Any]')
public func decodeIfPresent(_ type: UInt16.Type, forKey key: Self.Key) throws -> UInt16?}
            ^
Swift.KeyedDecodingContainerProtocol.decodeIfPresent:2:13: note: candidate expects value of type 'UInt32.Type' for parameter #1 (got '[Any]')
public func decodeIfPresent(_ type: UInt32.Type, forKey key: Self.Key) throws -> UInt32?}
            ^
Swift.KeyedDecodingContainerProtocol.decodeIfPresent:2:13: note: candidate expects value of type 'UInt64.Type' for parameter #1 (got '[Any]')
public func decodeIfPresent(_ type: UInt64.Type, forKey key: Self.Key) throws -> UInt64?}
            ^
Swift.KeyedDecodingContainerProtocol.decodeIfPresent:3:15: note: candidate expects value of type 'UInt128.Type' for parameter #1 (got '[Any]')
  public func decodeIfPresent(_ type: UInt128.Type, forKey key: Self.Key) throws -> UInt128?}
              ^
/Users/clevelandlewis/Documents/Roots/Roots/Roots/CourseModels.swift:205:94: error: binary operator '??' cannot be applied to operands of type 'Bool?' and '[Any]'
        attachments = try container.decodeIfPresent([Attachment].self, forKey: .attachments) ?? []
                          ~~~~~~~~~~~~~~~~~~~~~~~~~~~~~~~~~~~~~~~~~~~~~~~~~~~~~~~~~~~~~~~~~~ ^  ~~
/Users/clevelandlewis/Documents/Roots/Roots/Roots/CoursesPageView.swift:300:35: error: extra arguments at positions #1, #2, #3, #4, #5, #6, #7, #8, #9, #10, #11, #12, #13, #14, #15 in call
            let newCourse = Course(
                                  ^
/Users/clevelandlewis/Documents/Roots/Roots/Roots/CourseModels.swift:189:5: note: 'init(from:)' declared here
    init(from decoder: Decoder) throws {
    ^
/Users/clevelandlewis/Documents/Roots/Roots/Roots/CoursesPageView.swift:301:17: error: missing argument for parameter 'from' in call
                id: course.id,
                ^
                from: <#any Decoder#>, 
/Users/clevelandlewis/Documents/Roots/Roots/Roots/CourseModels.swift:189:5: note: 'init(from:)' declared here
    init(from decoder: Decoder) throws {
    ^
/Users/clevelandlewis/Documents/Roots/Roots/Roots/CoursesPageView.swift:307:30: error: cannot infer contextual base in reference to member 'regular'
                courseType: .regular,
                            ~^~~~~~~
/Users/clevelandlewis/Documents/Roots/Roots/Roots/CoursesPageView.swift:311:30: error: cannot infer contextual base in reference to member 'credits'
                creditType: .credits,
                            ~^~~~~~~
/Users/clevelandlewis/Documents/Roots/Roots/Roots/CoursesPageView.swift:312:31: error: 'nil' requires a contextual type
                meetingTimes: nil,
                              ^
/Users/clevelandlewis/Documents/Roots/Roots/Roots/CoursesPageView.swift:313:27: error: 'nil' requires a contextual type
                syllabus: nil,
                          ^
/Users/clevelandlewis/Documents/Roots/Roots/Roots/CoursesPageView.swift:314:24: error: 'nil' requires a contextual type
                notes: nil,
                       ^
/Users/clevelandlewis/Documents/Roots/Roots/Roots/CoursesStore.swift:81:31: error: extra arguments at positions #1, #2, #3, #4 in call
        let newCourse = Course(title: title, code: code, semesterId: semester.id, isArchived: false)
                              ^
/Users/clevelandlewis/Documents/Roots/Roots/Roots/CourseModels.swift:189:5: note: 'init(from:)' declared here
    init(from decoder: Decoder) throws {
    ^
/Users/clevelandlewis/Documents/Roots/Roots/Roots/CoursesStore.swift:81:32: error: missing argument for parameter 'from' in call
        let newCourse = Course(title: title, code: code, semesterId: semester.id, isArchived: false)
                               ^
                               from: <#any Decoder#>, 
/Users/clevelandlewis/Documents/Roots/Roots/Roots/CourseModels.swift:189:5: note: 'init(from:)' declared here
    init(from decoder: Decoder) throws {
    ^
/Users/clevelandlewis/Documents/Roots/Roots/Roots/DashboardView.swift:12:42: error: cannot find type 'AnyCancellable' in scope
    @State private var cancellables: Set<AnyCancellable> = []
                                         ^~~~~~~~~~~~~~
/Users/clevelandlewis/Documents/Roots/Roots/Roots/FlashcardManager.swift:9:41: error: cannot find type 'FlashcardDeck' in scope
    @Published private(set) var decks: [FlashcardDeck] = []
                                        ^~~~~~~~~~~~~
/Users/clevelandlewis/Documents/Roots/Roots/Roots/FlashcardManager.swift:43:29: error: cannot find type 'FlashcardDeck' in scope
    func updateDeck(_ deck: FlashcardDeck) {
                            ^~~~~~~~~~~~~
/Users/clevelandlewis/Documents/Roots/Roots/Roots/FlashcardManager.swift:49:35: error: cannot find type 'FlashcardDeck' in scope
    func deck(withId id: UUID) -> FlashcardDeck? {
                                  ^~~~~~~~~~~~~
/Users/clevelandlewis/Documents/Roots/Roots/Roots/FlashcardManager.swift:53:71: error: cannot find type 'Flashcard' in scope
    func dueCards(for deckId: UUID, referenceDate: Date = Date()) -> [Flashcard] {
                                                                      ^~~~~~~~~
/Users/clevelandlewis/Documents/Roots/Roots/Roots/FlashcardManager.swift:67:29: error: cannot find type 'FlashcardDeck' in scope
    func exportToAnki(deck: FlashcardDeck) -> String {
                            ^~~~~~~~~~~~~
/Users/clevelandlewis/Documents/Roots/Roots/Roots/FlashcardManager.swift:144:33: error: cannot find type 'Flashcard' in scope
    func estimateInterval(card: Flashcard, grade: FlashcardRating) -> String {
                                ^~~~~~~~~
/Users/clevelandlewis/Documents/Roots/Roots/Roots/FlashcardManager.swift:28:20: error: cannot find 'FlashcardDeck' in scope
        let deck = FlashcardDeck(title: title, courseID: courseID)
                   ^~~~~~~~~~~~~
/Users/clevelandlewis/Documents/Roots/Roots/Roots/FlashcardManager.swift:37:20: error: cannot find 'Flashcard' in scope
        let card = Flashcard(frontText: front, backText: back, difficulty: difficulty, dueDate: Date())
                   ^~~~~~~~~
/Users/clevelandlewis/Documents/Roots/Roots/Roots/FlashcardManager.swift:83:55: error: reference to member 'atomic' cannot be resolved without a contextual type
            try data.write(to: storageURL, options: [.atomic, .completeFileProtection])
                                                      ^
/Users/clevelandlewis/Documents/Roots/Roots/Roots/FlashcardManager.swift:83:64: error: reference to member 'completeFileProtection' cannot be resolved without a contextual type
            try data.write(to: storageURL, options: [.atomic, .completeFileProtection])
                                                               ^
/Users/clevelandlewis/Documents/Roots/Roots/Roots/FlashcardManager.swift:97:47: error: cannot find 'FlashcardDeck' in scope
            decks = try JSONDecoder().decode([FlashcardDeck].self, from: data)
                                              ^~~~~~~~~~~~~
/Users/clevelandlewis/Documents/Roots/Roots/Roots/FlashcardManager.swift:97:46: error: cannot convert value of type '[Any]' to expected argument type '_.Type'
            decks = try JSONDecoder().decode([FlashcardDeck].self, from: data)
                                             ^
/Users/clevelandlewis/Documents/Roots/Roots/Roots/GradesPageView.swift:86:13: error: cannot find 'AddGradeSheet' in scope
            AddGradeSheet(
            ^~~~~~~~~~~~~
/Users/clevelandlewis/Documents/Roots/Roots/Roots/GradesPageView.swift:112:13: error: cannot find 'courseDeletedCancellable' in scope
            courseDeletedCancellable = CoursesStore.courseDeletedPublisher
            ^~~~~~~~~~~~~~~~~~~~~~~~
/Users/clevelandlewis/Documents/Roots/Roots/Roots/GradesPageView.swift:115:33: error: cannot call value of non-function type 'Binding<Subject>'
                    gradesStore.removeGrade(for: deletedId)
                                ^
/Users/clevelandlewis/Documents/Roots/Roots/Roots/GradesPageView.swift:115:33: error: value of type 'GradesStore' has no dynamic member 'removeGrade' using key path from root type 'GradesStore'
                    gradesStore.removeGrade(for: deletedId)
                    ~~~~~~~~~~~ ^~~~~~~~~~~
/Users/clevelandlewis/Documents/Roots/Roots/Roots/GradesPageView.swift:115:21: error: referencing subscript 'subscript(dynamicMember:)' requires wrapper 'EnvironmentObject<GradesStore>.Wrapper'
                    gradesStore.removeGrade(for: deletedId)
                    ^
                    $
/Users/clevelandlewis/Documents/Roots/Roots/Roots/GradesPageView.swift:203:13: error: cannot find 'GPABreakdownCard' in scope
            GPABreakdownCard(
            ^~~~~~~~~~~~~~~~
/Users/clevelandlewis/Documents/Roots/Roots/Roots/InsightsViewModel.swift:23:17: warning: no calls to throwing functions occur within 'try' expression
            _ = try await self?.withLoading(message: "Analyzing usage") {
/Users/clevelandlewis/Documents/Roots/Roots/Roots/PlannerEngine.swift:252:21: warning: variable 'slotsForDay' was never mutated; consider changing to 'let' constant
                var slotsForDay = slots(for: day)
                ~~~ ^
                let
/Users/clevelandlewis/Documents/Roots/Roots/Roots/PlannerPageView.swift:281:31: error: 'weak' may only be applied to class and class-bound protocol types, not 'PlannerPageView'
                .sink { [weak self] courseId in
                              ^
/Users/clevelandlewis/Documents/Roots/Roots/Roots/PlannerPageView.swift:296:31: error: 'weak' may only be applied to class and class-bound protocol types, not 'PlannerPageView'
                .sink { [weak self] deletedId in
                              ^
/Users/clevelandlewis/Documents/Roots/Roots/Roots/PlannerPageView.swift:281:31: warning: variable 'self' was never mutated; consider changing to 'let' constant
                .sink { [weak self] courseId in
                              ^
/Users/clevelandlewis/Documents/Roots/Roots/Roots/PlannerPageView.swift:296:31: warning: variable 'self' was never mutated; consider changing to 'let' constant
                .sink { [weak self] deletedId in
                              ^
/Users/clevelandlewis/Documents/Roots/Roots/Roots/PlannerService+Generation.swift:91:24: error: cannot infer contextual base in reference to member 'exam'
                type: .exam,
                      ~^~~~
/Users/clevelandlewis/Documents/Roots/Roots/Roots/SemesterEditView.swift:4:11: error: invalid redeclaration of 'SemesterTerm'
typealias SemesterTerm = SemesterType
          ^
/Users/clevelandlewis/Documents/Roots/Roots/Roots/SemesterEditView 4.swift:4:11: note: 'SemesterTerm' previously declared here
typealias SemesterTerm = SemesterType
          ^
/Users/clevelandlewis/Documents/Roots/Roots/Roots/SemesterEditView 4.swift:4:11: note: 'SemesterTerm' previously declared here
typealias SemesterTerm = SemesterType
          ^
/Users/clevelandlewis/Documents/Roots/Roots/Roots/SemesterEditView.swift:6:8: error: invalid redeclaration of 'SemesterEditorView'
struct SemesterEditorView: View {
       ^
/Users/clevelandlewis/Documents/Roots/Roots/Roots/SemesterEditView 4.swift:6:8: note: 'SemesterEditorView' previously declared here
struct SemesterEditorView: View {
       ^
/Users/clevelandlewis/Documents/Roots/Roots/Roots/SemesterEditView 4.swift:6:8: note: 'SemesterEditorView' previously declared here
struct SemesterEditorView: View {
       ^
/Users/clevelandlewis/Documents/Roots/Roots/Roots/SemesterEditView.swift:91:21: error: generic parameter 'SelectionValue' could not be inferred
                    Picker("Term", selection: $term) {
                    ^
/Users/clevelandlewis/Documents/Roots/Roots/Roots/SemesterEditView.swift:91:21: note: explicitly specify the generic arguments to fix this issue
                    Picker("Term", selection: $term) {
                    ^
                          <Text, <#SelectionValue: Hashable#>, ForEach<[SemesterType], String, some View>>
/Users/clevelandlewis/Documents/Roots/Roots/Roots/SemesterEditView 4.swift:91:21: error: generic parameter 'SelectionValue' could not be inferred
                    Picker("Term", selection: $term) {
                    ^
/Users/clevelandlewis/Documents/Roots/Roots/Roots/SemesterEditView 4.swift:91:21: note: explicitly specify the generic arguments to fix this issue
                    Picker("Term", selection: $term) {
                    ^
                          <Text, <#SelectionValue: Hashable#>, ForEach<[SemesterType], String, some View>>
/Users/clevelandlewis/Documents/Roots/Roots/Roots/SensoryFeedback.swift:21:14: warning: 'onChange(of:perform:)' was deprecated in macOS 14.0: Use `onChange` with a two or zero parameter action closure instead.
            .onChange(of: trigger) { newValue in
             ^
/Users/clevelandlewis/Documents/Roots/Roots/Roots/SettingsRootView.swift:78:21: error: cannot find 'PrivacySettingsView' in scope
                    PrivacySettingsView()
                    ^~~~~~~~~~~~~~~~~~~
/Users/clevelandlewis/Documents/Roots/Roots/Roots/TimerManager.swift:19:17: warning: reference to captured var 'self' in concurrently-executing code; this is an error in the Swift 6 language mode
                self?.tick()
                ^
/Users/clevelandlewis/Documents/Roots/Roots/Roots/TimerPageViewModel.swift:44:27: warning: capture of 'self' in a closure that outlives deinit; this is an error in the Swift 6 language mode
        _Concurrency.Task { @MainActor in
                          ^
/Users/clevelandlewis/Documents/Roots/Roots/Roots/TimerView.swift:50:25: error: cannot find 'CategoryPieChart' in scope
                        CategoryPieChart(initialRange: .today)
                        ^~~~~~~~~~~~~~~~
/Users/clevelandlewis/Documents/Roots/Roots/Roots/TimerView.swift:56:21: error: cannot find 'StudyHistoryBarChart' in scope
                    StudyHistoryBarChart(initialRange: .thisWeek)
                    ^~~~~~~~~~~~~~~~~~~~
/Users/clevelandlewis/Documents/Roots/Roots/Roots/TimerView.swift:50:57: error: cannot infer contextual base in reference to member 'today'
                        CategoryPieChart(initialRange: .today)
                                                       ~^~~~~

Failed frontend command:
/Applications/Xcode.app/Contents/Developer/Toolchains/XcodeDefault.xctoolchain/usr/bin/swift-frontend -frontend -c -filelist /Users/clevelandlewis/Documents/Roots/Roots/build/Roots.build/Release/Roots.build/Objects-normal/x86_64/sources-1 -supplementary-output-file-map /Users/clevelandlewis/Documents/Roots/Roots/build/Roots.build/Release/Roots.build/Objects-normal/x86_64/supplementaryOutputs-2 -emit-localized-strings -emit-localized-strings-path /Users/clevelandlewis/Documents/Roots/Roots/build/Roots.build/Release/Roots.build/Objects-normal/x86_64 -target x86_64-apple-macos26.1 -module-can-import-version AppKit 2685.20.119 2685.20.119 -module-can-import-version Charts 4.1.4 0 -module-can-import-version DeveloperToolsSupport 23.0.4 23.0.4 -module-can-import-version SwiftUI 7.1.13.1 7.1.13 -disable-cross-import-overlay-search -swift-module-cross-import SwiftData /Applications/Xcode.app/Contents/Developer/Platforms/MacOSX.platform/Developer/SDKs/MacOSX26.1.sdk/System/Library/Frameworks/SwiftData.framework/Modules/SwiftData.swiftcrossimport/CoreData.swiftoverlay -swift-module-cross-import SwiftData /Applications/Xcode.app/Contents/Developer/Platforms/MacOSX.platform/Developer/SDKs/MacOSX26.1.sdk/System/Library/Frameworks/SwiftData.framework/Modules/SwiftData.swiftcrossimport/SwiftUI.swiftoverlay -load-resolved-plugin /Applications/Xcode.app/Contents/Developer/Platforms/MacOSX.platform/Developer/usr/lib/swift/host/plugins/libFoundationMacros.dylib\#/Applications/Xcode.app/Contents/Developer/Platforms/MacOSX.platform/Developer/usr/bin/swift-plugin-server\#FoundationMacros -load-resolved-plugin /Applications/Xcode.app/Contents/Developer/Platforms/MacOSX.platform/Developer/usr/lib/swift/host/plugins/libObservationMacros.dylib\#/Applications/Xcode.app/Contents/Developer/Platforms/MacOSX.platform/Developer/usr/bin/swift-plugin-server\#ObservationMacros -load-resolved-plugin /Applications/Xcode.app/Contents/Developer/Platforms/MacOSX.platform/Developer/usr/lib/swift/host/plugins/libPreviewsMacros.dylib\#/Applications/Xcode.app/Contents/Developer/Platforms/MacOSX.platform/Developer/usr/bin/swift-plugin-server\#PreviewsMacros -load-resolved-plugin /Applications/Xcode.app/Contents/Developer/Platforms/MacOSX.platform/Developer/usr/lib/swift/host/plugins/libSwiftDataMacros.dylib\#/Applications/Xcode.app/Contents/Developer/Platforms/MacOSX.platform/Developer/usr/bin/swift-plugin-server\#SwiftDataMacros -load-resolved-plugin /Applications/Xcode.app/Contents/Developer/Platforms/MacOSX.platform/Developer/usr/lib/swift/host/plugins/libSwiftMacros.dylib\#/Applications/Xcode.app/Contents/Developer/Platforms/MacOSX.platform/Developer/usr/bin/swift-plugin-server\#SwiftMacros -load-resolved-plugin /Applications/Xcode.app/Contents/Developer/Platforms/MacOSX.platform/Developer/usr/lib/swift/host/plugins/libSwiftUIMacros.dylib\#/Applications/Xcode.app/Contents/Developer/Platforms/MacOSX.platform/Developer/usr/bin/swift-plugin-server\#SwiftUIMacros -disable-implicit-swift-modules -Xcc -fno-implicit-modules -Xcc -fno-implicit-module-maps -explicit-swift-module-map-file /Users/clevelandlewis/Documents/Roots/Roots/build/Roots.build/Release/Roots.build/Objects-normal/x86_64/Roots-dependencies-2.json -enable-objc-interop -stack-check -sdk /Applications/Xcode.app/Contents/Developer/Platforms/MacOSX.platform/Developer/SDKs/MacOSX26.1.sdk -I /Users/clevelandlewis/Documents/Roots/Roots/build/Release -F /Users/clevelandlewis/Documents/Roots/Roots/build/Release -no-color-diagnostics -Xcc -fno-color-diagnostics -g -debug-info-format\=dwarf -dwarf-version\=5 -module-cache-path /Users/clevelandlewis/Documents/Roots/Roots/build/SwiftExplicitPrecompiledModules -swift-version 5 -enforce-exclusivity\=checked -O -serialize-debugging-options -const-gather-protocols-file /Users/clevelandlewis/Documents/Roots/Roots/build/Roots.build/Release/Roots.build/Objects-normal/x86_64/Roots_const_extract_protocols.json -enable-upcoming-feature DisableOutwardActorInference -enable-upcoming-feature InferSendableFromCaptures -enable-upcoming-feature GlobalActorIsolatedTypesUsability -enable-upcoming-feature MemberImportVisibility -enable-upcoming-feature InferIsolatedConformances -enable-upcoming-feature NonisolatedNonsendingByDefault -enable-experimental-feature DebugDescriptionMacro -enable-bare-slash-regex -default-isolation\=MainActor -empty-abi-descriptor -validate-clang-modules-once -clang-build-session-file /var/folders/wr/htbphpwn5x1cvhs4_p2v_vs80000gn/C/org.llvm.clang/ModuleCache.noindex/Session.modulevalidation -Xcc -working-directory -Xcc /Users/clevelandlewis/Documents/Roots/Roots -file-compilation-dir /Users/clevelandlewis/Documents/Roots/Roots -Xcc -ivfsstatcache -Xcc /var/folders/wr/htbphpwn5x1cvhs4_p2v_vs80000gn/C/com.apple.DeveloperTools/26.1.1-17B100/Xcode/SDKStatCaches.noindex/macosx26.1-25B74-3885c01c3e6b6a337905948deab2002e3ae1261907bdadc328169391a47051a6.sdkstatcache -Xcc -I/Users/clevelandlewis/Documents/Roots/Roots/build/Roots.build/Release/Roots.build/swift-overrides.hmap -Xcc -iquote -Xcc /Users/clevelandlewis/Documents/Roots/Roots/build/Roots.build/Release/Roots.build/Roots-generated-files.hmap -Xcc -I/Users/clevelandlewis/Documents/Roots/Roots/build/Roots.build/Release/Roots.build/Roots-own-target-headers.hmap -Xcc -I/Users/clevelandlewis/Documents/Roots/Roots/build/Roots.build/Release/Roots.build/Roots-all-target-headers.hmap -Xcc -iquote -Xcc /Users/clevelandlewis/Documents/Roots/Roots/build/Roots.build/Release/Roots.build/Roots-project-headers.hmap -Xcc -I/Users/clevelandlewis/Documents/Roots/Roots/build/Release/include -Xcc -I/Users/clevelandlewis/Documents/Roots/Roots/build/Roots.build/Release/Roots.build/DerivedSources-normal/x86_64 -Xcc -I/Users/clevelandlewis/Documents/Roots/Roots/build/Roots.build/Release/Roots.build/DerivedSources/x86_64 -Xcc -I/Users/clevelandlewis/Documents/Roots/Roots/build/Roots.build/Release/Roots.build/DerivedSources -no-auto-bridging-header-chaining -module-name Roots -frontend-parseable-output -disable-clang-spi -target-sdk-version 26.1 -target-sdk-name macosx26.1 -clang-target x86_64-apple-macos26.1 -in-process-plugin-server-path /Applications/Xcode.app/Contents/Developer/Toolchains/XcodeDefault.xctoolchain/usr/lib/swift/host/libSwiftInProcPluginServer.dylib -enable-default-cmo -num-threads 8 -output-filelist /Users/clevelandlewis/Documents/Roots/Roots/build/Roots.build/Release/Roots.build/Objects-normal/x86_64/outputs-2 -index-unit-output-path-filelist /Users/clevelandlewis/Documents/Roots/Roots/build/Roots.build/Release/Roots.build/Objects-normal/x86_64/index-unit-outputs-1
SwiftCompile normal arm64 Compiling\ AppDebugger.swift,\ AttachmentManager.swift,\ AutoScheduler.swift,\ GradeCalculator.swift,\ NotificationManager.swift,\ SyllabusParser.swift,\ ActivityEditorView.swift,\ ActivityListView.swift,\ AdaptiveSchedulerTests.swift,\ AddAssignmentView.swift,\ AddCourseSheet.swift,\ AddEditCourseView.swift,\ AddExamPopup.swift,\ AddSemesterSheet.swift,\ AIScheduler.swift,\ AISchedulerTests.swift,\ AnalyticsService.swift,\ AnyButtonStyle.swift,\ AppCard.swift,\ AppCommands.swift,\ AppModel.swift,\ AppPage.swift,\ AppPreferences.swift,\ AppSettingsModel.swift,\ AssignmentRow.swift,\ AssignmentsPageView.swift,\ AssignmentsStore.swift,\ AssignmentsView.swift,\ AssignmentsView2.swift,\ BounceOnTap.swift,\ CalendarDayCell.swift,\ CalendarManager.swift,\ CalendarPageView.swift,\ CalendarSettingsView.swift,\ CardGrid.swift,\ ChartViewVerticalStacked.swift,\ Color+Hex.swift,\ ContentView.swift,\ CourseDetailView.swift,\ CourseEditView.swift,\ CourseModels.swift,\ CoursesDashboardDetail.swift,\ CoursesDashboardFloatingNav.swift,\ CoursesDashboardModels.swift,\ CoursesDashboardRootView.swift,\ CoursesDashboardSidebar.swift,\ CoursesPageView.swift,\ CoursesSettingsView.swift,\ CoursesStore.swift,\ CoursesView.swift,\ CurrentActivityView.swift,\ DashboardView.swift,\ DataManagerAlias.swift,\ DateDaySelector.swift,\ DesignCard.swift,\ DesignPage.swift,\ DesignShell.swift,\ DesignSystem.swift,\ DesignSystem+Motion.swift,\ DesignTokensCompat.swift,\ DeveloperIntegrationExamples.swift,\ DeveloperSettings.swift,\ DeveloperSettingsView.swift,\ Diagnostics.swift,\ EventsCountStore.swift,\ FlashcardManager.swift,\ FloatingTabBar.swift,\ GeneralSettingsView.swift,\ Glass.swift,\ GlassBlueProminentButtonStyle.swift,\ GlassButtons.swift,\ GlassButtonStyle.swift,\ GlassCircleButton.swift,\ GlassIconButton.swift,\ GlassPopupContainer.swift,\ GlassProminentButtonStyle.swift,\ GradesPageView.swift,\ GradesStore.swift,\ GradesView.swift,\ HapticsManager.swift,\ HistoryStoreImpl.swift,\ Insight.swift,\ InsightEngine.swift,\ InsightsViewModel.swift,\ InterfaceSettingsView.swift,\ Item.swift,\ LoadableViewModel.swift,\ PerformanceMonitor.swift,\ PermissionHelpPopup.swift,\ PlannerCoordinator.swift,\ PlannerEngine.swift,\ PlannerPageView.swift,\ PlannerSafetyNetTests.swift,\ PlannerService+Generation.swift,\ PlannerSettingsView.swift,\ PlannerStore.swift,\ PlannerView.swift,\ PopupTextAlignment.swift,\ ProfilesSettingsView.swift,\ QuickAction.swift,\ QuickActionFanOut.swift,\ RecentlyDeletedSemestersView.swift,\ RemindersSettingsView.swift,\ RootDesignPreviewPage.swift,\ RootsApp.swift,\ RootsButtons.swift,\ RootsDesignSystem.swift,\ RootsGlassStyle.swift,\ RootsHeaderButton.swift,\ RootsIconButtonCompat.swift,\ RootsInsightsEngine.swift,\ RootsMotionModifiers.swift,\ RootsSettingsWindow.swift,\ RootsWindowLayout.swift,\ RootsWindowSizing.swift,\ RootTab.swift,\ SchedulerAdaptationManager.swift,\ SchedulerFeedback.swift,\ SchedulerLearner.swift,\ SchedulerPreferences.swift,\ SchedulerPreferencesStore.swift,\ SemesterEditView.swift,\ SemesterEditView\ 3.swift,\ SemesterEditView\ 4.swift,\ SemesterPicker.swift,\ SemestersSettingsView.swift,\ SensoryFeedback.swift,\ SettingsCoordinator.swift,\ SettingsPane_Accounts.swift,\ SettingsPane_Appearance.swift,\ SettingsPane_Flashcards.swift,\ SettingsPane_General.swift,\ SettingsPane_Interface.swift,\ SettingsPane_Interface+QuickActions.swift,\ SettingsPane_Interface+Tabs.swift,\ SettingsRootView.swift,\ SettingsToolbarIdentifiers.swift,\ SettingsView.swift,\ SettingsWindowController.swift,\ SidebarStyling.swift,\ SidebarView.swift,\ StudyAnalyticsAggregator.swift,\ SwiftConcurrency.swift,\ TimerControlsView.swift,\ TimerGraphsView.swift,\ TimerHeaderView.swift,\ TimerManager.swift,\ TimerModels.swift,\ TimerPageView.swift,\ TimerPageViewModel.swift,\ TimerView.swift,\ UILogger.swift,\ UIStubs.swift,\ UsageStats.swift,\ UsageStatsBuilder.swift,\ GeneratedAssetSymbols.swift /Users/clevelandlewis/Documents/Roots/Roots/Roots/Managers/AppDebugger.swift /Users/clevelandlewis/Documents/Roots/Roots/Roots/Managers/AttachmentManager.swift /Users/clevelandlewis/Documents/Roots/Roots/Roots/Managers/AutoScheduler.swift /Users/clevelandlewis/Documents/Roots/Roots/Roots/Managers/GradeCalculator.swift /Users/clevelandlewis/Documents/Roots/Roots/Roots/Managers/NotificationManager.swift /Users/clevelandlewis/Documents/Roots/Roots/Roots/Managers/SyllabusParser.swift /Users/clevelandlewis/Documents/Roots/Roots/Roots/ActivityEditorView.swift /Users/clevelandlewis/Documents/Roots/Roots/Roots/ActivityListView.swift /Users/clevelandlewis/Documents/Roots/Roots/Roots/AdaptiveSchedulerTests.swift /Users/clevelandlewis/Documents/Roots/Roots/Roots/AddAssignmentView.swift /Users/clevelandlewis/Documents/Roots/Roots/Roots/AddCourseSheet.swift /Users/clevelandlewis/Documents/Roots/Roots/Roots/AddEditCourseView.swift /Users/clevelandlewis/Documents/Roots/Roots/Roots/AddExamPopup.swift /Users/clevelandlewis/Documents/Roots/Roots/Roots/AddSemesterSheet.swift /Users/clevelandlewis/Documents/Roots/Roots/Roots/AIScheduler.swift /Users/clevelandlewis/Documents/Roots/Roots/Roots/AISchedulerTests.swift /Users/clevelandlewis/Documents/Roots/Roots/Roots/AnalyticsService.swift /Users/clevelandlewis/Documents/Roots/Roots/Roots/AnyButtonStyle.swift /Users/clevelandlewis/Documents/Roots/Roots/Roots/AppCard.swift /Users/clevelandlewis/Documents/Roots/Roots/Roots/AppCommands.swift /Users/clevelandlewis/Documents/Roots/Roots/Roots/AppModel.swift /Users/clevelandlewis/Documents/Roots/Roots/Roots/AppPage.swift /Users/clevelandlewis/Documents/Roots/Roots/Roots/AppPreferences.swift /Users/clevelandlewis/Documents/Roots/Roots/Roots/AppSettingsModel.swift /Users/clevelandlewis/Documents/Roots/Roots/Roots/AssignmentRow.swift /Users/clevelandlewis/Documents/Roots/Roots/Roots/AssignmentsPageView.swift /Users/clevelandlewis/Documents/Roots/Roots/Roots/AssignmentsStore.swift /Users/clevelandlewis/Documents/Roots/Roots/Roots/AssignmentsView.swift /Users/clevelandlewis/Documents/Roots/Roots/Roots/AssignmentsView2.swift /Users/clevelandlewis/Documents/Roots/Roots/Roots/BounceOnTap.swift /Users/clevelandlewis/Documents/Roots/Roots/Roots/CalendarDayCell.swift /Users/clevelandlewis/Documents/Roots/Roots/Roots/CalendarManager.swift /Users/clevelandlewis/Documents/Roots/Roots/Roots/CalendarPageView.swift /Users/clevelandlewis/Documents/Roots/Roots/Roots/CalendarSettingsView.swift /Users/clevelandlewis/Documents/Roots/Roots/Roots/CardGrid.swift /Users/clevelandlewis/Documents/Roots/Roots/Roots/ChartViewVerticalStacked.swift /Users/clevelandlewis/Documents/Roots/Roots/Roots/Color+Hex.swift /Users/clevelandlewis/Documents/Roots/Roots/Roots/ContentView.swift /Users/clevelandlewis/Documents/Roots/Roots/Roots/CourseDetailView.swift /Users/clevelandlewis/Documents/Roots/Roots/Roots/CourseEditView.swift /Users/clevelandlewis/Documents/Roots/Roots/Roots/CourseModels.swift /Users/clevelandlewis/Documents/Roots/Roots/Roots/CoursesDashboardDetail.swift /Users/clevelandlewis/Documents/Roots/Roots/Roots/CoursesDashboardFloatingNav.swift /Users/clevelandlewis/Documents/Roots/Roots/Roots/CoursesDashboardModels.swift /Users/clevelandlewis/Documents/Roots/Roots/Roots/CoursesDashboardRootView.swift /Users/clevelandlewis/Documents/Roots/Roots/Roots/CoursesDashboardSidebar.swift /Users/clevelandlewis/Documents/Roots/Roots/Roots/CoursesPageView.swift /Users/clevelandlewis/Documents/Roots/Roots/Roots/CoursesSettingsView.swift /Users/clevelandlewis/Documents/Roots/Roots/Roots/CoursesStore.swift /Users/clevelandlewis/Documents/Roots/Roots/Roots/CoursesView.swift /Users/clevelandlewis/Documents/Roots/Roots/Roots/CurrentActivityView.swift /Users/clevelandlewis/Documents/Roots/Roots/Roots/DashboardView.swift /Users/clevelandlewis/Documents/Roots/Roots/Roots/DataManagerAlias.swift /Users/clevelandlewis/Documents/Roots/Roots/Roots/DateDaySelector.swift /Users/clevelandlewis/Documents/Roots/Roots/Roots/DesignCard.swift /Users/clevelandlewis/Documents/Roots/Roots/Roots/DesignPage.swift /Users/clevelandlewis/Documents/Roots/Roots/Roots/DesignShell.swift /Users/clevelandlewis/Documents/Roots/Roots/Roots/DesignSystem.swift /Users/clevelandlewis/Documents/Roots/Roots/Roots/DesignSystem+Motion.swift /Users/clevelandlewis/Documents/Roots/Roots/Roots/DesignTokensCompat.swift /Users/clevelandlewis/Documents/Roots/Roots/Roots/DeveloperIntegrationExamples.swift /Users/clevelandlewis/Documents/Roots/Roots/Roots/DeveloperSettings.swift /Users/clevelandlewis/Documents/Roots/Roots/Roots/DeveloperSettingsView.swift /Users/clevelandlewis/Documents/Roots/Roots/Roots/Diagnostics.swift /Users/clevelandlewis/Documents/Roots/Roots/Roots/EventsCountStore.swift /Users/clevelandlewis/Documents/Roots/Roots/Roots/FlashcardManager.swift /Users/clevelandlewis/Documents/Roots/Roots/Roots/FloatingTabBar.swift /Users/clevelandlewis/Documents/Roots/Roots/Roots/GeneralSettingsView.swift /Users/clevelandlewis/Documents/Roots/Roots/Roots/Glass.swift /Users/clevelandlewis/Documents/Roots/Roots/Roots/GlassBlueProminentButtonStyle.swift /Users/clevelandlewis/Documents/Roots/Roots/Roots/GlassButtons.swift /Users/clevelandlewis/Documents/Roots/Roots/Roots/GlassButtonStyle.swift /Users/clevelandlewis/Documents/Roots/Roots/Roots/GlassCircleButton.swift /Users/clevelandlewis/Documents/Roots/Roots/Roots/GlassIconButton.swift /Users/clevelandlewis/Documents/Roots/Roots/Roots/GlassPopupContainer.swift /Users/clevelandlewis/Documents/Roots/Roots/Roots/GlassProminentButtonStyle.swift /Users/clevelandlewis/Documents/Roots/Roots/Roots/GradesPageView.swift /Users/clevelandlewis/Documents/Roots/Roots/Roots/GradesStore.swift /Users/clevelandlewis/Documents/Roots/Roots/Roots/GradesView.swift /Users/clevelandlewis/Documents/Roots/Roots/Roots/HapticsManager.swift /Users/clevelandlewis/Documents/Roots/Roots/Roots/HistoryStoreImpl.swift /Users/clevelandlewis/Documents/Roots/Roots/Roots/Insight.swift /Users/clevelandlewis/Documents/Roots/Roots/Roots/InsightEngine.swift /Users/clevelandlewis/Documents/Roots/Roots/Roots/InsightsViewModel.swift /Users/clevelandlewis/Documents/Roots/Roots/Roots/InterfaceSettingsView.swift /Users/clevelandlewis/Documents/Roots/Roots/Roots/Item.swift /Users/clevelandlewis/Documents/Roots/Roots/Roots/LoadableViewModel.swift /Users/clevelandlewis/Documents/Roots/Roots/Roots/PerformanceMonitor.swift /Users/clevelandlewis/Documents/Roots/Roots/Roots/PermissionHelpPopup.swift /Users/clevelandlewis/Documents/Roots/Roots/Roots/PlannerCoordinator.swift /Users/clevelandlewis/Documents/Roots/Roots/Roots/PlannerEngine.swift /Users/clevelandlewis/Documents/Roots/Roots/Roots/PlannerPageView.swift /Users/clevelandlewis/Documents/Roots/Roots/Roots/PlannerSafetyNetTests.swift /Users/clevelandlewis/Documents/Roots/Roots/Roots/PlannerService+Generation.swift /Users/clevelandlewis/Documents/Roots/Roots/Roots/PlannerSettingsView.swift /Users/clevelandlewis/Documents/Roots/Roots/Roots/PlannerStore.swift /Users/clevelandlewis/Documents/Roots/Roots/Roots/PlannerView.swift /Users/clevelandlewis/Documents/Roots/Roots/Roots/PopupTextAlignment.swift /Users/clevelandlewis/Documents/Roots/Roots/Roots/ProfilesSettingsView.swift /Users/clevelandlewis/Documents/Roots/Roots/Roots/QuickAction.swift /Users/clevelandlewis/Documents/Roots/Roots/Roots/QuickActionFanOut.swift /Users/clevelandlewis/Documents/Roots/Roots/Roots/RecentlyDeletedSemestersView.swift /Users/clevelandlewis/Documents/Roots/Roots/Roots/RemindersSettingsView.swift /Users/clevelandlewis/Documents/Roots/Roots/Roots/RootDesignPreviewPage.swift /Users/clevelandlewis/Documents/Roots/Roots/Roots/RootsApp.swift /Users/clevelandlewis/Documents/Roots/Roots/Roots/RootsButtons.swift /Users/clevelandlewis/Documents/Roots/Roots/Roots/RootsDesignSystem.swift /Users/clevelandlewis/Documents/Roots/Roots/Roots/RootsGlassStyle.swift /Users/clevelandlewis/Documents/Roots/Roots/Roots/RootsHeaderButton.swift /Users/clevelandlewis/Documents/Roots/Roots/Roots/RootsIconButtonCompat.swift /Users/clevelandlewis/Documents/Roots/Roots/Roots/RootsInsightsEngine.swift /Users/clevelandlewis/Documents/Roots/Roots/Roots/RootsMotionModifiers.swift /Users/clevelandlewis/Documents/Roots/Roots/Roots/RootsSettingsWindow.swift /Users/clevelandlewis/Documents/Roots/Roots/Roots/RootsWindowLayout.swift /Users/clevelandlewis/Documents/Roots/Roots/Roots/RootsWindowSizing.swift /Users/clevelandlewis/Documents/Roots/Roots/Roots/RootTab.swift /Users/clevelandlewis/Documents/Roots/Roots/Roots/SchedulerAdaptationManager.swift /Users/clevelandlewis/Documents/Roots/Roots/Roots/SchedulerFeedback.swift /Users/clevelandlewis/Documents/Roots/Roots/Roots/SchedulerLearner.swift /Users/clevelandlewis/Documents/Roots/Roots/Roots/SchedulerPreferences.swift /Users/clevelandlewis/Documents/Roots/Roots/Roots/SchedulerPreferencesStore.swift /Users/clevelandlewis/Documents/Roots/Roots/Roots/SemesterEditView.swift /Users/clevelandlewis/Documents/Roots/Roots/Roots/SemesterEditView\ 3.swift /Users/clevelandlewis/Documents/Roots/Roots/Roots/SemesterEditView\ 4.swift /Users/clevelandlewis/Documents/Roots/Roots/Roots/SemesterPicker.swift /Users/clevelandlewis/Documents/Roots/Roots/Roots/SemestersSettingsView.swift /Users/clevelandlewis/Documents/Roots/Roots/Roots/SensoryFeedback.swift /Users/clevelandlewis/Documents/Roots/Roots/Roots/SettingsCoordinator.swift /Users/clevelandlewis/Documents/Roots/Roots/Roots/SettingsPane_Accounts.swift /Users/clevelandlewis/Documents/Roots/Roots/Roots/SettingsPane_Appearance.swift /Users/clevelandlewis/Documents/Roots/Roots/Roots/SettingsPane_Flashcards.swift /Users/clevelandlewis/Documents/Roots/Roots/Roots/SettingsPane_General.swift /Users/clevelandlewis/Documents/Roots/Roots/Roots/SettingsPane_Interface.swift /Users/clevelandlewis/Documents/Roots/Roots/Roots/SettingsPane_Interface+QuickActions.swift /Users/clevelandlewis/Documents/Roots/Roots/Roots/SettingsPane_Interface+Tabs.swift /Users/clevelandlewis/Documents/Roots/Roots/Roots/SettingsRootView.swift /Users/clevelandlewis/Documents/Roots/Roots/Roots/SettingsToolbarIdentifiers.swift /Users/clevelandlewis/Documents/Roots/Roots/Roots/SettingsView.swift /Users/clevelandlewis/Documents/Roots/Roots/Roots/SettingsWindowController.swift /Users/clevelandlewis/Documents/Roots/Roots/Roots/SidebarStyling.swift /Users/clevelandlewis/Documents/Roots/Roots/Roots/SidebarView.swift /Users/clevelandlewis/Documents/Roots/Roots/Roots/StudyAnalyticsAggregator.swift /Users/clevelandlewis/Documents/Roots/Roots/Roots/SwiftConcurrency.swift /Users/clevelandlewis/Documents/Roots/Roots/Roots/TimerControlsView.swift /Users/clevelandlewis/Documents/Roots/Roots/Roots/TimerGraphsView.swift /Users/clevelandlewis/Documents/Roots/Roots/Roots/TimerHeaderView.swift /Users/clevelandlewis/Documents/Roots/Roots/Roots/TimerManager.swift /Users/clevelandlewis/Documents/Roots/Roots/Roots/TimerModels.swift /Users/clevelandlewis/Documents/Roots/Roots/Roots/TimerPageView.swift /Users/clevelandlewis/Documents/Roots/Roots/Roots/TimerPageViewModel.swift /Users/clevelandlewis/Documents/Roots/Roots/Roots/TimerView.swift /Users/clevelandlewis/Documents/Roots/Roots/Roots/UILogger.swift /Users/clevelandlewis/Documents/Roots/Roots/Roots/UIStubs.swift /Users/clevelandlewis/Documents/Roots/Roots/Roots/UsageStats.swift /Users/clevelandlewis/Documents/Roots/Roots/Roots/UsageStatsBuilder.swift /Users/clevelandlewis/Documents/Roots/Roots/build/Roots.build/Release/Roots.build/DerivedSources/GeneratedAssetSymbols.swift /Applications/Xcode.app/Contents/Developer/Toolchains/XcodeDefault.xctoolchain/usr/lib/swift/macosx/prebuilt-modules/26.1/UniformTypeIdentifiers.swiftmodule/arm64e-apple-macos.swiftmodule /Applications/Xcode.app/Contents/Developer/Toolchains/XcodeDefault.xctoolchain/usr/lib/swift/macosx/prebuilt-modules/26.1/Metal.swiftmodule/arm64e-apple-macos.swiftmodule /Applications/Xcode.app/Contents/Developer/Toolchains/XcodeDefault.xctoolchain/usr/lib/swift/macosx/prebuilt-modules/26.1/_Builtin_float.swiftmodule/arm64e-apple-macos.swiftmodule /Applications/Xcode.app/Contents/Developer/Toolchains/XcodeDefault.xctoolchain/usr/lib/swift/macosx/prebuilt-modules/26.1/Charts.swiftmodule/arm64e-apple-macos.swiftmodule /Applications/Xcode.app/Contents/Developer/Toolchains/XcodeDefault.xctoolchain/usr/lib/swift/macosx/prebuilt-modules/26.1/Dispatch.swiftmodule/arm64e-apple-macos.swiftmodule /Applications/Xcode.app/Contents/Developer/Toolchains/XcodeDefault.xctoolchain/usr/lib/swift/macosx/prebuilt-modules/26.1/Darwin.swiftmodule/arm64e-apple-macos.swiftmodule /Applications/Xcode.app/Contents/Developer/Toolchains/XcodeDefault.xctoolchain/usr/lib/swift/macosx/prebuilt-modules/26.1/_Concurrency.swiftmodule/arm64e-apple-macos.swiftmodule /Applications/Xcode.app/Contents/Developer/Toolchains/XcodeDefault.xctoolchain/usr/lib/swift/macosx/prebuilt-modules/26.1/Swift.swiftmodule/arm64e-apple-macos.swiftmodule /Applications/Xcode.app/Contents/Developer/Toolchains/XcodeDefault.xctoolchain/usr/lib/swift/macosx/prebuilt-modules/26.1/SwiftUICore.swiftmodule/arm64e-apple-macos.swiftmodule /Applications/Xcode.app/Contents/Developer/Toolchains/XcodeDefault.xctoolchain/usr/lib/swift/macosx/prebuilt-modules/26.1/EventKit.swiftmodule/arm64e-apple-macos.swiftmodule /Applications/Xcode.app/Contents/Developer/Toolchains/XcodeDefault.xctoolchain/usr/lib/swift/macosx/prebuilt-modules/26.1/AppKit.swiftmodule/arm64e-apple-macos.swiftmodule /Applications/Xcode.app/Contents/Developer/Toolchains/XcodeDefault.xctoolchain/usr/lib/swift/macosx/prebuilt-modules/26.1/_DarwinFoundation2.swiftmodule/arm64e-apple-macos.swiftmodule /Applications/Xcode.app/Contents/Developer/Toolchains/XcodeDefault.xctoolchain/usr/lib/swift/macosx/prebuilt-modules/26.1/simd.swiftmodule/arm64e-apple-macos.swiftmodule /Applications/Xcode.app/Contents/Developer/Toolchains/XcodeDefault.xctoolchain/usr/lib/swift/macosx/prebuilt-modules/26.1/OSLog.swiftmodule/arm64e-apple-macos.swiftmodule /Applications/Xcode.app/Contents/Developer/Toolchains/XcodeDefault.xctoolchain/usr/lib/swift/macosx/prebuilt-modules/26.1/CoreFoundation.swiftmodule/arm64e-apple-macos.swiftmodule /Applications/Xcode.app/Contents/Developer/Toolchains/XcodeDefault.xctoolchain/usr/lib/swift/macosx/prebuilt-modules/26.1/CoreLocation.swiftmodule/arm64e-apple-macos.swiftmodule /Applications/Xcode.app/Contents/Developer/Toolchains/XcodeDefault.xctoolchain/usr/lib/swift/macosx/prebuilt-modules/26.1/XPC.swiftmodule/arm64e-apple-macos.swiftmodule /Applications/Xcode.app/Contents/Developer/Toolchains/XcodeDefault.xctoolchain/usr/lib/swift/macosx/prebuilt-modules/26.1/os.swiftmodule/arm64e-apple-macos.swiftmodule /Applications/Xcode.app/Contents/Developer/Toolchains/XcodeDefault.xctoolchain/usr/lib/swift/macosx/prebuilt-modules/26.1/SwiftData.swiftmodule/arm64e-apple-macos.swiftmodule /Applications/Xcode.app/Contents/Developer/Toolchains/XcodeDefault.xctoolchain/usr/lib/swift/macosx/prebuilt-modules/26.1/CoreGraphics.swiftmodule/arm64e-apple-macos.swiftmodule /Applications/Xcode.app/Contents/Developer/Toolchains/XcodeDefault.xctoolchain/usr/lib/swift/macosx/prebuilt-modules/26.1/Spatial.swiftmodule/arm64e-apple-macos.swiftmodule /Applications/Xcode.app/Contents/Developer/Toolchains/XcodeDefault.xctoolchain/usr/lib/swift/macosx/prebuilt-modules/26.1/CoreTransferable.swiftmodule/arm64e-apple-macos.swiftmodule /Applications/Xcode.app/Contents/Developer/Toolchains/XcodeDefault.xctoolchain/usr/lib/swift/macosx/prebuilt-modules/26.1/DataDetection.swiftmodule/arm64e-apple-macos.swiftmodule /Applications/Xcode.app/Contents/Developer/Toolchains/XcodeDefault.xctoolchain/usr/lib/swift/macosx/prebuilt-modules/26.1/CoreImage.swiftmodule/arm64e-apple-macos.swiftmodule /Applications/Xcode.app/Contents/Developer/Toolchains/XcodeDefault.xctoolchain/usr/lib/swift/macosx/prebuilt-modules/26.1/Observation.swiftmodule/arm64e-apple-macos.swiftmodule /Applications/Xcode.app/Contents/Developer/Toolchains/XcodeDefault.xctoolchain/usr/lib/swift/macosx/prebuilt-modules/26.1/_DarwinFoundation1.swiftmodule/arm64e-apple-macos.swiftmodule /Applications/Xcode.app/Contents/Developer/Toolchains/XcodeDefault.xctoolchain/usr/lib/swift/macosx/prebuilt-modules/26.1/Symbols.swiftmodule/arm64e-apple-macos.swiftmodule /Applications/Xcode.app/Contents/Developer/Toolchains/XcodeDefault.xctoolchain/usr/lib/swift/macosx/prebuilt-modules/26.1/Accessibility.swiftmodule/arm64e-apple-macos.swiftmodule /Applications/Xcode.app/Contents/Developer/Toolchains/XcodeDefault.xctoolchain/usr/lib/swift/macosx/prebuilt-modules/26.1/_StringProcessing.swiftmodule/arm64e-apple-macos.swiftmodule /Applications/Xcode.app/Contents/Developer/Toolchains/XcodeDefault.xctoolchain/usr/lib/swift/macosx/prebuilt-modules/26.1/ObjectiveC.swiftmodule/arm64e-apple-macos.swiftmodule /Applications/Xcode.app/Contents/Developer/Toolchains/XcodeDefault.xctoolchain/usr/lib/swift/macosx/prebuilt-modules/26.1/CoreVideo.swiftmodule/arm64e-apple-macos.swiftmodule /Applications/Xcode.app/Contents/Developer/Toolchains/XcodeDefault.xctoolchain/usr/lib/swift/macosx/prebuilt-modules/26.1/_DarwinFoundation3.swiftmodule/arm64e-apple-macos.swiftmodule /Applications/Xcode.app/Contents/Developer/Toolchains/XcodeDefault.xctoolchain/usr/lib/swift/macosx/prebuilt-modules/26.1/System.swiftmodule/arm64e-apple-macos.swiftmodule /Applications/Xcode.app/Contents/Developer/Toolchains/XcodeDefault.xctoolchain/usr/lib/swift/macosx/prebuilt-modules/26.1/DeveloperToolsSupport.swiftmodule/arm64e-apple-macos.swiftmodule /Applications/Xcode.app/Contents/Developer/Toolchains/XcodeDefault.xctoolchain/usr/lib/swift/macosx/prebuilt-modules/26.1/QuartzCore.swiftmodule/arm64e-apple-macos.swiftmodule /Applications/Xcode.app/Contents/Developer/Toolchains/XcodeDefault.xctoolchain/usr/lib/swift/macosx/prebuilt-modules/26.1/Foundation.swiftmodule/arm64e-apple-macos.swiftmodule /Applications/Xcode.app/Contents/Developer/Toolchains/XcodeDefault.xctoolchain/usr/lib/swift/macosx/prebuilt-modules/26.1/CoreText.swiftmodule/arm64e-apple-macos.swiftmodule /Applications/Xcode.app/Contents/Developer/Toolchains/XcodeDefault.xctoolchain/usr/lib/swift/macosx/prebuilt-modules/26.1/CoreData.swiftmodule/arm64e-apple-macos.swiftmodule /Applications/Xcode.app/Contents/Developer/Toolchains/XcodeDefault.xctoolchain/usr/lib/swift/macosx/prebuilt-modules/26.1/Combine.swiftmodule/arm64e-apple-macos.swiftmodule /Applications/Xcode.app/Contents/Developer/Toolchains/XcodeDefault.xctoolchain/usr/lib/swift/macosx/prebuilt-modules/26.1/IOKit.swiftmodule/arm64e-apple-macos.swiftmodule /Applications/Xcode.app/Contents/Developer/Toolchains/XcodeDefault.xctoolchain/usr/lib/swift/macosx/prebuilt-modules/26.1/SwiftUI.swiftmodule/arm64e-apple-macos.swiftmodule /Applications/Xcode.app/Contents/Developer/Toolchains/XcodeDefault.xctoolchain/usr/lib/swift/macosx/prebuilt-modules/26.1/_SwiftData_SwiftUI.swiftmodule/arm64e-apple-macos.swiftmodule /Users/clevelandlewis/Documents/Roots/Roots/build/SwiftExplicitPrecompiledModules/Spatial-3JOAI74Y3FP92R1EQ71XHNH4I.pcm /Users/clevelandlewis/Documents/Roots/Roots/build/SwiftExplicitPrecompiledModules/CoreImage-ETWTZ5ZN1PIQ2WUZVHOYB6084.pcm /Users/clevelandlewis/Documents/Roots/Roots/build/SwiftExplicitPrecompiledModules/_Builtin_tgmath-EGSUMWHVGNJJM9HDLC9FZAUIT.pcm /Users/clevelandlewis/Documents/Roots/Roots/build/SwiftExplicitPrecompiledModules/CoreHaptics-7BABDPWI7UZHFRL3JBIOQVOZC.pcm /Users/clevelandlewis/Documents/Roots/Roots/build/SwiftExplicitPrecompiledModules/_LocationEssentials-D7XQ1XAQGR9JISFIZ6E901SU1.pcm /Users/clevelandlewis/Documents/Roots/Roots/build/SwiftExplicitPrecompiledModules/ColorSync-EU2D15GS7RDK75NMRWLIIVHHL.pcm /Users/clevelandlewis/Documents/Roots/Roots/build/SwiftExplicitPrecompiledModules/UniformTypeIdentifiers-BFFUJLRF7MA5EZ3X4O02VJNSZ.pcm /Users/clevelandlewis/Documents/Roots/Roots/build/SwiftExplicitPrecompiledModules/CoreFoundation-D7QSIVD1L89KKBYSC9CUGJ9SU.pcm /Users/clevelandlewis/Documents/Roots/Roots/build/SwiftExplicitPrecompiledModules/libkern-2ZLF66GPRJPMWFLH19EWLTT29.pcm /Users/clevelandlewis/Documents/Roots/Roots/build/SwiftExplicitPrecompiledModules/_Builtin_intrinsics-C0NZ11TJXQ2BBN5S73DSPZ5M4.pcm /Users/clevelandlewis/Documents/Roots/Roots/build/SwiftExplicitPrecompiledModules/_Builtin_stdatomic-7S569M1R64OOGQW7CTJ01RODV.pcm /Users/clevelandlewis/Documents/Roots/Roots/build/SwiftExplicitPrecompiledModules/DeveloperToolsSupport-2BRBFBT5OXRK1KWDXA1IJY54.pcm /Users/clevelandlewis/Documents/Roots/Roots/build/SwiftExplicitPrecompiledModules/Foundation-A232KONFHBC5AAWWGJQGV1S1Q.pcm /Users/clevelandlewis/Documents/Roots/Roots/build/SwiftExplicitPrecompiledModules/EventKit-3JG0DQFF2S21S4UG9QBRHOZRH.pcm /Users/clevelandlewis/Documents/Roots/Roots/build/SwiftExplicitPrecompiledModules/os-EHE2VHJMLSSZNR9E0W3I36MLH.pcm /Users/clevelandlewis/Documents/Roots/Roots/build/SwiftExplicitPrecompiledModules/Symbols-87A8E0KO25K9RL4TPSG8J5L0R.pcm /Users/clevelandlewis/Documents/Roots/Roots/build/SwiftExplicitPrecompiledModules/ImageIO-D6SDUCCUR9QR6J70FFA1WDCMM.pcm /Users/clevelandlewis/Documents/Roots/Roots/build/SwiftExplicitPrecompiledModules/_Builtin_inttypes-F1L6YFWI3XDJFLEOVU41DSH0E.pcm /Users/clevelandlewis/Documents/Roots/Roots/build/SwiftExplicitPrecompiledModules/os_object-8GQ3S86BGWYJO5F33QCMX6C5N.pcm /Users/clevelandlewis/Documents/Roots/Roots/build/SwiftExplicitPrecompiledModules/DiskArbitration-77Z9CESMX14JMXOBI3VRG3UE5.pcm /Users/clevelandlewis/Documents/Roots/Roots/build/SwiftExplicitPrecompiledModules/_DarwinFoundation3-BPMMJAL0523VDMISF3TYG8KQ7.pcm /Users/clevelandlewis/Documents/Roots/Roots/build/SwiftExplicitPrecompiledModules/_AvailabilityInternal-7ZM7QSS9XTJFT72R17PRKEE36.pcm /Users/clevelandlewis/Documents/Roots/Roots/build/SwiftExplicitPrecompiledModules/ptrcheck-6OGDAMKXTBD7WDFONIM45BH31.pcm /Users/clevelandlewis/Documents/Roots/Roots/build/SwiftExplicitPrecompiledModules/QuartzCore-AEQI42LQ7ERCJNEFJJK5GKF03.pcm /Users/clevelandlewis/Documents/Roots/Roots/build/SwiftExplicitPrecompiledModules/ObjectiveC-8VR6MBL37SVAO4NRMJX9ELFF5.pcm /Users/clevelandlewis/Documents/Roots/Roots/build/SwiftExplicitPrecompiledModules/ptrauth-5QYQB5A7BJPT9FIY0R6S6S8MT.pcm /Users/clevelandlewis/Documents/Roots/Roots/build/SwiftExplicitPrecompiledModules/Metal-7ZS4507NOAPZ4ITPSSJMUYAR6.pcm /Users/clevelandlewis/Documents/Roots/Roots/build/SwiftExplicitPrecompiledModules/_DarwinFoundation1-863NXDN4OW5TPWEGBD87D5F30.pcm /Users/clevelandlewis/Documents/Roots/Roots/build/SwiftExplicitPrecompiledModules/CFNetwork-7T52QPQKMS5S3Q93XDSBX5H6T.pcm /Users/clevelandlewis/Documents/Roots/Roots/build/SwiftExplicitPrecompiledModules/Darwin-8IR88KUH2PXMQ003SZG8JZN8B.pcm /Users/clevelandlewis/Documents/Roots/Roots/build/SwiftExplicitPrecompiledModules/Dispatch-26SX7JYP2PDJJSZGWEY2MS3JG.pcm /Users/clevelandlewis/Documents/Roots/Roots/build/SwiftExplicitPrecompiledModules/os_workgroup-8U6QKIS8QNA6QA4KESFA5UG8B.pcm /Users/clevelandlewis/Documents/Roots/Roots/build/SwiftExplicitPrecompiledModules/CoreText-HSS0RHVDW6WMYHRZOIEJ7J1.pcm /Users/clevelandlewis/Documents/Roots/Roots/build/SwiftExplicitPrecompiledModules/_Builtin_stdarg-BT99F8RQOLYWZIAVHMMVSNNO7.pcm /Users/clevelandlewis/Documents/Roots/Roots/build/SwiftExplicitPrecompiledModules/XPC-6BLG9DEBPTL8DTGWTHH8RCF7H.pcm /Users/clevelandlewis/Documents/Roots/Roots/build/SwiftExplicitPrecompiledModules/CoreData-1455O5LDQLRE9A01PIEJ9XS5N.pcm /Users/clevelandlewis/Documents/Roots/Roots/build/SwiftExplicitPrecompiledModules/CUPS-AMT7QPI7NGHW0HV9MNHF2Z54D.pcm /Users/clevelandlewis/Documents/Roots/Roots/build/SwiftExplicitPrecompiledModules/_SwiftConcurrencyShims-8P0C5ST042YC9WCOCHKLY67SG.pcm /Users/clevelandlewis/Documents/Roots/Roots/build/SwiftExplicitPrecompiledModules/_Builtin_limits-DHXPY90BQSLET0NO0HH2FBNOW.pcm /Users/clevelandlewis/Documents/Roots/Roots/build/SwiftExplicitPrecompiledModules/UserNotifications-CG9G8N3DDDEJZPIQ04YV2DZKL.pcm /Users/clevelandlewis/Documents/Roots/Roots/build/SwiftExplicitPrecompiledModules/libDER-8LODJEYYGHIG1K722UR0XBXQT.pcm /Users/clevelandlewis/Documents/Roots/Roots/build/SwiftExplicitPrecompiledModules/AppKit-7IN6S2LQU9YU673RAZX0HUJ6K.pcm /Users/clevelandlewis/Documents/Roots/Roots/build/SwiftExplicitPrecompiledModules/OpenGL-9VJWJ5DKSTVHNI08WYXHAB9E2.pcm /Users/clevelandlewis/Documents/Roots/Roots/build/SwiftExplicitPrecompiledModules/SwiftUICore-AQYOYDEMBWW69KM1QYDD4ZV32.pcm /Users/clevelandlewis/Documents/Roots/Roots/build/SwiftExplicitPrecompiledModules/MachO-BL220ITARJWWUHEX89O9JI0ZA.pcm /Users/clevelandlewis/Documents/Roots/Roots/build/SwiftExplicitPrecompiledModules/OSLog-73VJNTDDLG1BH1GLXQ8AVX3SQ.pcm /Users/clevelandlewis/Documents/Roots/Roots/build/SwiftExplicitPrecompiledModules/IOKit-7P55JL09IIM0QPJU56K9L24O5.pcm /Users/clevelandlewis/Documents/Roots/Roots/build/SwiftExplicitPrecompiledModules/Accessibility-F3HMFWTB93AVETOOAFBWKYQK4.pcm /Users/clevelandlewis/Documents/Roots/Roots/build/SwiftExplicitPrecompiledModules/sys_types-4744FXK6B1QB8TXFZLBTZYUF9.pcm /Users/clevelandlewis/Documents/Roots/Roots/build/SwiftExplicitPrecompiledModules/CoreGraphics-BOIU4G2K1QVW0B2R38XN20JPB.pcm /Users/clevelandlewis/Documents/Roots/Roots/build/SwiftExplicitPrecompiledModules/CoreServices-3ZFEL0YKP5O64034J1GA5TIZH.pcm /Users/clevelandlewis/Documents/Roots/Roots/build/SwiftExplicitPrecompiledModules/SwiftShims-CUPMSB2T59HI9NXOEAPA5YTCN.pcm /Users/clevelandlewis/Documents/Roots/Roots/build/SwiftExplicitPrecompiledModules/IOSurface-2JVILZ84T4BSAU35U79MINRSG.pcm /Users/clevelandlewis/Documents/Roots/Roots/build/SwiftExplicitPrecompiledModules/_Builtin_float-D26Z580NAG2PEXABK7PBRD0KF.pcm /Users/clevelandlewis/Documents/Roots/Roots/build/SwiftExplicitPrecompiledModules/CoreLocation-914OKCOHLGPTRFYPEK1K3EZOT.pcm /Users/clevelandlewis/Documents/Roots/Roots/build/SwiftExplicitPrecompiledModules/launch-60CYPP2WNGOF99LBV33T2O6WA.pcm /Users/clevelandlewis/Documents/Roots/Roots/build/SwiftExplicitPrecompiledModules/CoreVideo-ACIABHZDN0RK74NUCCMG5059T.pcm /Users/clevelandlewis/Documents/Roots/Roots/build/SwiftExplicitPrecompiledModules/CoreTransferable-6WVW9NK079M398HX3AL1FLYKN.pcm /Users/clevelandlewis/Documents/Roots/Roots/build/SwiftExplicitPrecompiledModules/_Builtin_stdint-7K8C7EWF72ZU9HO5CHD399X59.pcm /Users/clevelandlewis/Documents/Roots/Roots/build/SwiftExplicitPrecompiledModules/ApplicationServices-DAMH90IVGAON3R8NAPJL0NA2E.pcm /Users/clevelandlewis/Documents/Roots/Roots/build/SwiftExplicitPrecompiledModules/_DarwinFoundation2-14YE9YV5C2J9WBDN114P94UCN.pcm /Users/clevelandlewis/Documents/Roots/Roots/build/SwiftExplicitPrecompiledModules/SwiftUI-71FRSXGDKWL962ZG12AT3MQWA.pcm /Users/clevelandlewis/Documents/Roots/Roots/build/SwiftExplicitPrecompiledModules/simd-2MV44CE6BYUKO8U0Z72WEUM8N.pcm /Users/clevelandlewis/Documents/Roots/Roots/build/SwiftExplicitPrecompiledModules/_Builtin_stdbool-AMDL9XO7A8072JHDZ966B9XU1.pcm /Users/clevelandlewis/Documents/Roots/Roots/build/SwiftExplicitPrecompiledModules/Security-5AODRO99Q1BUWKYY1R8STZ623.pcm /Users/clevelandlewis/Documents/Roots/Roots/build/SwiftExplicitPrecompiledModules/_Builtin_stddef-8VGIU57QWMFSMUSCHGARQ8G01.pcm /Users/clevelandlewis/Documents/Roots/Roots/build/SwiftExplicitPrecompiledModules/DataDetection-2ORMQ4TRC50I9JQKVP2BYOCLQ.pcm /Users/clevelandlewis/Documents/Roots/Roots/build/Roots.build/Release/Roots.build/Objects-normal/arm64/Roots-dependencies-1.json (in target 'Roots' from project 'Roots')
CompileSwift normal arm64 (in target 'Roots' from project 'Roots')
    cd /Users/clevelandlewis/Documents/Roots/Roots
    
/Users/clevelandlewis/Documents/Roots/Roots/Roots/Managers/AttachmentManager.swift:71:37: error: cannot find type 'Attachment' in scope
    func deleteFile(for attachment: Attachment) {
                                    ^~~~~~~~~~
/Users/clevelandlewis/Documents/Roots/Roots/Roots/Managers/AttachmentManager.swift:98:33: error: cannot find type 'Attachment' in scope
    func openFile(_ attachment: Attachment) {
                                ^~~~~~~~~~
/Users/clevelandlewis/Documents/Roots/Roots/Roots/Managers/AttachmentManager.swift:109:39: error: cannot find type 'Attachment' in scope
    func revealInFinder(_ attachment: Attachment) {
                                      ^~~~~~~~~~
/Users/clevelandlewis/Documents/Roots/Roots/Roots/Managers/AutoScheduler.swift:44:13: warning: variable 'remainingTasks' was never mutated; consider changing to 'let' constant
        var remainingTasks = tasks.sorted {
        ~~~ ^
        let
/Users/clevelandlewis/Documents/Roots/Roots/Roots/AIScheduler.swift:60:23: error: cannot find type 'Attachment' in scope
    let attachments: [Attachment]
                      ^~~~~~~~~~
/Users/clevelandlewis/Documents/Roots/Roots/Roots/AIScheduler.swift:48:8: error: type 'AppTask' does not conform to protocol 'Decodable'
struct AppTask: Codable, Equatable, Hashable {
       ^
Swift.Decodable.init:2:1: note: protocol requires initializer 'init(from:)' with type 'Decodable'
init(from decoder: any Decoder) throws}
^
/Users/clevelandlewis/Documents/Roots/Roots/Roots/AIScheduler.swift:60:9: note: cannot automatically synthesize 'Decodable' because '[Attachment]' does not conform to 'Decodable'
    let attachments: [Attachment]
        ^
/Users/clevelandlewis/Documents/Roots/Roots/Roots/AIScheduler.swift:48:8: error: type 'AppTask' does not conform to protocol 'Decodable'
struct AppTask: Codable, Equatable, Hashable {
       ^
Swift.Decodable.init:2:1: note: protocol requires initializer 'init(from:)' with type 'Decodable'
init(from decoder: any Decoder) throws}
^
/Users/clevelandlewis/Documents/Roots/Roots/Roots/AIScheduler.swift:60:9: note: cannot automatically synthesize 'Decodable' because '[Attachment]' does not conform to 'Decodable'
    let attachments: [Attachment]
        ^
/Users/clevelandlewis/Documents/Roots/Roots/Roots/AIScheduler.swift:66:215: error: cannot find type 'Attachment' in scope
    init(id: UUID, title: String, courseId: UUID?, due: Date?, estimatedMinutes: Int, minBlockMinutes: Int, maxBlockMinutes: Int, difficulty: Double, importance: Double, type: TaskType, locked: Bool, attachments: [Attachment] = [], isCompleted: Bool = false, gradeWeightPercent: Double? = nil, gradePossiblePoints: Double? = nil, gradeEarnedPoints: Double? = nil) {
                                                                                                                                                                                                                      ^~~~~~~~~~
/Users/clevelandlewis/Documents/Roots/Roots/Roots/Managers/SyllabusParser.swift:23:20: error: cannot infer contextual base in reference to member 'exam'
            type: .exam,
                  ~^~~~
/Users/clevelandlewis/Documents/Roots/Roots/Roots/Managers/SyllabusParser.swift:39:20: error: cannot infer contextual base in reference to member 'project'
            type: .project,
                  ~^~~~~~~
/Users/clevelandlewis/Documents/Roots/Roots/Roots/AddAssignmentView.swift:12:38: error: cannot find type 'Attachment' in scope
    @State private var attachments: [Attachment] = []
                                     ^~~~~~~~~~
/Users/clevelandlewis/Documents/Roots/Roots/Roots/AddAssignmentView.swift:133:25: error: cannot find 'AttachmentListView' in scope
                        AttachmentListView(attachments: $attachments, courseId: selectedCourseId)
                        ^~~~~~~~~~~~~~~~~~
/Users/clevelandlewis/Documents/Roots/Roots/Roots/AddEditCourseView.swift:21:38: error: cannot find type 'Attachment' in scope
    @State private var attachments: [Attachment] = []
                                     ^~~~~~~~~~
/Users/clevelandlewis/Documents/Roots/Roots/Roots/CourseModels.swift:151:23: error: cannot find type 'Attachment' in scope
    var attachments: [Attachment]
                      ^~~~~~~~~~
/Users/clevelandlewis/Documents/Roots/Roots/Roots/AddEditCourseView.swift:56:17: error: cannot find 'AttachmentListView' in scope
                AttachmentListView(attachments: $attachments, courseId: nil)
                ^~~~~~~~~~~~~~~~~~
/Users/clevelandlewis/Documents/Roots/Roots/Roots/AddEditCourseView.swift:56:73: error: 'nil' requires a contextual type
                AttachmentListView(attachments: $attachments, courseId: nil)
                                                                        ^
/Users/clevelandlewis/Documents/Roots/Roots/Roots/CourseModels.swift:167:24: error: cannot find type 'Attachment' in scope
         attachments: [Attachment] = []) {
                       ^~~~~~~~~~
/Users/clevelandlewis/Documents/Roots/Roots/Roots/AddEditCourseView.swift:118:28: error: extra arguments at positions #1, #2, #3, #4 in call
            course = Course(title: trimmed, code: code, semesterId: UUID(), attachments: attachments)
                           ^
/Users/clevelandlewis/Documents/Roots/Roots/Roots/CourseModels.swift:189:5: note: 'init(from:)' declared here
    init(from decoder: Decoder) throws {
    ^
/Users/clevelandlewis/Documents/Roots/Roots/Roots/AddEditCourseView.swift:118:29: error: missing argument for parameter 'from' in call
            course = Course(title: trimmed, code: code, semesterId: UUID(), attachments: attachments)
                            ^
                            from: <#any Decoder#>, 
/Users/clevelandlewis/Documents/Roots/Roots/Roots/CourseModels.swift:189:5: note: 'init(from:)' declared here
    init(from decoder: Decoder) throws {
    ^
/Users/clevelandlewis/Documents/Roots/Roots/Roots/AddEditCourseView.swift:120:28: error: extra arguments at positions #1, #2, #3, #4, #5, #6 in call
            course = Course(id: existing.id, title: trimmed, code: code, semesterId: existing.semesterId, colorHex: existing.colorHex, attachments: attachments)
                           ^
/Users/clevelandlewis/Documents/Roots/Roots/Roots/CourseModels.swift:189:5: note: 'init(from:)' declared here
    init(from decoder: Decoder) throws {
    ^
/Users/clevelandlewis/Documents/Roots/Roots/Roots/AddEditCourseView.swift:120:29: error: missing argument for parameter 'from' in call
            course = Course(id: existing.id, title: trimmed, code: code, semesterId: existing.semesterId, colorHex: existing.colorHex, attachments: attachments)
                            ^
                            from: <#any Decoder#>, 
/Users/clevelandlewis/Documents/Roots/Roots/Roots/CourseModels.swift:189:5: note: 'init(from:)' declared here
    init(from decoder: Decoder) throws {
    ^
/Users/clevelandlewis/Documents/Roots/Roots/Roots/FlashcardManager.swift:27:62: error: cannot find type 'FlashcardDeck' in scope
    func createDeck(title: String, courseID: UUID? = nil) -> FlashcardDeck {
                                                             ^~~~~~~~~~~~~
/Users/clevelandlewis/Documents/Roots/Roots/Roots/AddExamPopup.swift:91:37: error: cannot call value of non-function type 'Binding<Subject>'
            let deck = flashManager.createDeck(title: deckTitle, courseID: selectedCourseId)
                                    ^
/Users/clevelandlewis/Documents/Roots/Roots/Roots/AddExamPopup.swift:91:24: error: referencing subscript 'subscript(dynamicMember:)' requires wrapper 'EnvironmentObject<FlashcardManager>.Wrapper'
            let deck = flashManager.createDeck(title: deckTitle, courseID: selectedCourseId)
                       ^
                       $
/Users/clevelandlewis/Documents/Roots/Roots/Roots/FlashcardManager.swift:34:76: error: cannot find type 'FlashcardDifficulty' in scope
    func addCard(to deckId: UUID, front: String, back: String, difficulty: FlashcardDifficulty = .medium) {
                                                                           ^~~~~~~~~~~~~~~~~~~
/Users/clevelandlewis/Documents/Roots/Roots/Roots/AddExamPopup.swift:94:30: error: cannot call value of non-function type 'Binding<Subject>'
                flashManager.addCard(to: deck.id, front: "From file: \(url.lastPathComponent)", back: "Notes to be generated")
                             ^
/Users/clevelandlewis/Documents/Roots/Roots/Roots/AddExamPopup.swift:94:17: error: referencing subscript 'subscript(dynamicMember:)' requires wrapper 'EnvironmentObject<FlashcardManager>.Wrapper'
                flashManager.addCard(to: deck.id, front: "From file: \(url.lastPathComponent)", back: "Notes to be generated")
                ^
                $
/Users/clevelandlewis/Documents/Roots/Roots/Roots/AIScheduler.swift:48:8: error: type 'AppTask' does not conform to protocol 'Encodable'
struct AppTask: Codable, Equatable, Hashable {
       ^
Swift.Encodable.encode:2:6: note: protocol requires function 'encode(to:)' with type 'Encodable'
func encode(to encoder: any Encoder) throws}
     ^
/Users/clevelandlewis/Documents/Roots/Roots/Roots/AIScheduler.swift:60:9: note: cannot automatically synthesize 'Encodable' because '[Attachment]' does not conform to 'Encodable'
    let attachments: [Attachment]
        ^
/Users/clevelandlewis/Documents/Roots/Roots/Roots/AIScheduler.swift:48:8: error: type 'AppTask' does not conform to protocol 'Encodable'
struct AppTask: Codable, Equatable, Hashable {
       ^
Swift.Encodable.encode:2:6: note: protocol requires function 'encode(to:)' with type 'Encodable'
func encode(to encoder: any Encoder) throws}
     ^
/Users/clevelandlewis/Documents/Roots/Roots/Roots/AIScheduler.swift:60:9: note: cannot automatically synthesize 'Encodable' because '[Attachment]' does not conform to 'Encodable'
    let attachments: [Attachment]
        ^
/Users/clevelandlewis/Documents/Roots/Roots/Roots/AIScheduler.swift:48:8: error: type 'AppTask' does not conform to protocol 'Hashable'
struct AppTask: Codable, Equatable, Hashable {
       ^
/Users/clevelandlewis/Documents/Roots/Roots/Roots/AIScheduler.swift:60:9: note: stored property type '<<error type>>' does not conform to protocol 'Hashable', preventing synthesized conformance of 'AppTask' to 'Hashable'
    let attachments: [Attachment]
        ^
/Users/clevelandlewis/Documents/Roots/Roots/Roots/AIScheduler.swift:48:8: error: type 'AppTask' does not conform to protocol 'Equatable'
struct AppTask: Codable, Equatable, Hashable {
       ^
/Users/clevelandlewis/Documents/Roots/Roots/Roots/AIScheduler.swift:60:9: note: stored property type '<<error type>>' does not conform to protocol 'Equatable', preventing synthesized conformance of 'AppTask' to 'Equatable'
    let attachments: [Attachment]
        ^
Swift.==:1:24: note: candidate would match if 'AppTask' conformed to 'RawRepresentable'
@inlinable public func == <T>(lhs: T, rhs: T) -> Bool where T : RawRepresentable, T.RawValue : Equatable
                       ^
Swift.FloatingPoint.==:2:20: note: candidate would match if 'AppTask' conformed to 'FloatingPoint'
public static func == (lhs: Self, rhs: Self) -> Bool}
                   ^
Swift.BinaryInteger.==:2:20: note: candidate would match if 'AppTask' conformed to 'BinaryInteger'
public static func == <Other>(lhs: Self, rhs: Other) -> Bool where Other : BinaryInteger}
                   ^
Swift._Pointer.==:2:20: note: candidate would match if 'AppTask' conformed to '_Pointer'
public static func == (lhs: Self, rhs: Self) -> Bool}
                   ^
Swift._Pointer.==:2:31: note: candidate would match if 'AppTask' conformed to '_Pointer'
@inlinable public static func == <Other>(lhs: Self, rhs: Other) -> Bool where Other : _Pointer}
                              ^
Swift.Strideable.==:2:31: note: candidate would match if 'AppTask' conformed to 'Strideable'
@inlinable public static func == (x: Self, y: Self) -> Bool}
                              ^
Swift.StringProtocol.==:2:31: note: candidate would match if 'AppTask' conformed to 'StringProtocol'
@inlinable public static func == <RHS>(lhs: Self, rhs: RHS) -> Bool where RHS : StringProtocol}
                              ^
Swift.SIMD.==:2:20: note: candidate would match if 'AppTask' conformed to 'SIMD'
public static func == (a: Self, b: Self) -> Bool}
                   ^
Foundation.AttributedStringProtocol.==:2:20: note: candidate would match if 'AppTask' conformed to 'AttributedStringProtocol'
public static func == <RHS>(lhs: Self, rhs: RHS) -> Bool where RHS : AttributedStringProtocol}
                   ^
Foundation._BridgedStoredNSError.==:2:20: note: candidate would match if 'AppTask' conformed to '_BridgedStoredNSError'
public static func == (lhs: Self, rhs: Self) -> Bool}
                   ^
CoreFoundation._CFObject.==:2:20: note: candidate would match if 'AppTask' conformed to '_CFObject'
public static func == (left: Self, right: Self) -> Bool}
                   ^
/Users/clevelandlewis/Documents/Roots/Roots/Roots/AIScheduler.swift:48:8: note: add stubs for conformance
struct AppTask: Codable, Equatable, Hashable {
       ^
Swift.Equatable.==:2:13: note: protocol requires function '==' with type '(AppTask, AppTask) -> Bool'
static func == (lhs: Self, rhs: Self) -> Bool}
            ^
/Users/clevelandlewis/Documents/Roots/Roots/Roots/AIScheduler.swift:237:21: warning: variable 'chosen' was never mutated; consider changing to 'let' constant
                var chosen = candidates[chosenIdx]
                ~~~ ^
                let
/Users/clevelandlewis/Documents/Roots/Roots/Roots/CalendarDayCell.swift:14:13: warning: initialization of immutable value 'level' was never used; consider replacing with assignment to '_' or removing it
        let level = densityLevel(for: eventCount)
        ~~~~^~~~~
        _
/Users/clevelandlewis/Documents/Roots/Roots/Roots/CalendarManager.swift:116:17: warning: no calls to throwing functions occur within 'try' expression
            _ = try await self.withLoading(message: "Loading calendar") {
/Users/clevelandlewis/Documents/Roots/Roots/Roots/CalendarPageView.swift:175:29: error: cannot find 'CalendarDayView' in scope
                            CalendarDayView(date: focusedDate, events: calendarManager.cachedMonthEvents)
                            ^~~~~~~~~~~~~~~
/Users/clevelandlewis/Documents/Roots/Roots/Roots/CalendarPageView.swift:178:29: error: cannot find 'CalendarYearView' in scope
                            CalendarYearView(currentYear: focusedDate)
                            ^~~~~~~~~~~~~~~~
/Users/clevelandlewis/Documents/Roots/Roots/Roots/CalendarPageView.swift:192:13: error: cannot find 'AddEventPopup' in scope
            AddEventPopup().environmentObject(calendarManager)
            ^~~~~~~~~~~~~
/Users/clevelandlewis/Documents/Roots/Roots/Roots/CalendarPageView.swift:176:51: error: cannot infer contextual base in reference to member 'infinity'
                                .frame(maxWidth: .infinity, maxHeight: .infinity)
                                                 ~^~~~~~~~
/Users/clevelandlewis/Documents/Roots/Roots/Roots/CalendarPageView.swift:176:73: error: cannot infer contextual base in reference to member 'infinity'
                                .frame(maxWidth: .infinity, maxHeight: .infinity)
                                                                       ~^~~~~~~~
/Users/clevelandlewis/Documents/Roots/Roots/Roots/CalendarPageView.swift:1443:25: error: cannot find 'CalendarHeader' in scope
                        CalendarHeader(
                        ^~~~~~~~~~~~~~
/Users/clevelandlewis/Documents/Roots/Roots/Roots/CalendarPageView.swift:1470:33: error: cannot find 'CalendarDayView' in scope
                                CalendarDayView(
                                ^~~~~~~~~~~~~~~
/Users/clevelandlewis/Documents/Roots/Roots/Roots/CalendarPageView.swift:1477:33: error: cannot find 'CalendarWeekView' in scope
                                CalendarWeekView(
                                ^~~~~~~~~~~~~~~~
/Users/clevelandlewis/Documents/Roots/Roots/Roots/CalendarPageView.swift:1484:33: error: cannot find 'CalendarGrid' in scope
                                CalendarGrid(currentMonth: $currentMonth, events: monthEvents)
                                ^~~~~~~~~~~~
/Users/clevelandlewis/Documents/Roots/Roots/Roots/CalendarPageView.swift:1488:33: error: cannot find 'CalendarYearView' in scope
                                CalendarYearView(currentYear: currentMonth)
                                ^~~~~~~~~~~~~~~~
/Users/clevelandlewis/Documents/Roots/Roots/Roots/CalendarPageView.swift:1491:33: error: cannot find 'CalendarGrid' in scope
                                CalendarGrid(currentMonth: $currentMonth, events: monthEvents)
                                ^~~~~~~~~~~~
/Users/clevelandlewis/Documents/Roots/Roots/Roots/CalendarPageView.swift:1449:39: error: 'nil' requires a contextual type
                            onSearch: nil
                                      ^
/Users/clevelandlewis/Documents/Roots/Roots/Roots/ContentView.swift:35:17: error: cannot find 'RootsFanOutMenu' in scope
                RootsFanOutMenu(items: [
                ^~~~~~~~~~~~~~~
/Users/clevelandlewis/Documents/Roots/Roots/Roots/ContentView.swift:36:21: error: cannot find 'FanOutMenuItem' in scope
                    FanOutMenuItem(icon: "doc.badge.plus", label: "Add Assignment") {
                    ^~~~~~~~~~~~~~
/Users/clevelandlewis/Documents/Roots/Roots/Roots/ContentView.swift:39:21: error: cannot find 'FanOutMenuItem' in scope
                    FanOutMenuItem(icon: "calendar.badge.plus", label: "Add Event") {
                    ^~~~~~~~~~~~~~
/Users/clevelandlewis/Documents/Roots/Roots/Roots/ContentView.swift:42:21: error: cannot find 'FanOutMenuItem' in scope
                    FanOutMenuItem(icon: "graduationcap", label: "Add Course") {
                    ^~~~~~~~~~~~~~
/Users/clevelandlewis/Documents/Roots/Roots/Roots/ContentView.swift:47:27: error: cannot infer contextual base in reference to member 'leading'
                .padding(.leading, 24)
                         ~^~~~~~~
/Users/clevelandlewis/Documents/Roots/Roots/Roots/ContentView.swift:48:27: error: cannot infer contextual base in reference to member 'top'
                .padding(.top, 16)
                         ~^~~
/Users/clevelandlewis/Documents/Roots/Roots/Roots/ContentView.swift:99:13: error: cannot find 'RootsFanOutMenu' in scope
            RootsFanOutMenu(items: [
            ^~~~~~~~~~~~~~~
/Users/clevelandlewis/Documents/Roots/Roots/Roots/ContentView.swift:100:17: error: cannot find 'FanOutMenuItem' in scope
                FanOutMenuItem(icon: "doc.badge.plus", label: "Add Assignment") {
                ^~~~~~~~~~~~~~
/Users/clevelandlewis/Documents/Roots/Roots/Roots/ContentView.swift:103:17: error: cannot find 'FanOutMenuItem' in scope
                FanOutMenuItem(icon: "calendar.badge.plus", label: "Add Event") {
                ^~~~~~~~~~~~~~
/Users/clevelandlewis/Documents/Roots/Roots/Roots/ContentView.swift:106:17: error: cannot find 'FanOutMenuItem' in scope
                FanOutMenuItem(icon: "graduationcap", label: "Add Course") {
                ^~~~~~~~~~~~~~
/Users/clevelandlewis/Documents/Roots/Roots/Roots/ContentView.swift:153:17: error: cannot find 'FlashcardDashboard' in scope
                FlashcardDashboard()
                ^~~~~~~~~~~~~~~~~~
/Users/clevelandlewis/Documents/Roots/Roots/Roots/CourseDetailView.swift:257:44: error: cannot find type 'Attachment' in scope
    private var groupedAttachments: [Int: [Attachment]] {
                                           ^~~~~~~~~~
/Users/clevelandlewis/Documents/Roots/Roots/Roots/CourseDetailView.swift:49:10: error: instance method 'onChange(of:initial:_:)' requires that 'Binding<Subject>' conform to 'Equatable'
        .onChange(of: draftCourse.attachments) { _, _ in
         ^
SwiftUI.View.onChange:2:25: note: where 'V' = 'Binding<Subject>'
nonisolated public func onChange<V>(of value: V, initial: Bool = false, _ action: @escaping (_ oldValue: V, _ newValue: V) -> Void) -> some View where V : Equatable
                        ^
/Users/clevelandlewis/Documents/Roots/Roots/Roots/CourseDetailView.swift:49:23: error: referencing subscript 'subscript(dynamicMember:)' requires wrapper 'Binding<Course>'
        .onChange(of: draftCourse.attachments) { _, _ in
                      ^
                      $
/Users/clevelandlewis/Documents/Roots/Roots/Roots/CourseDetailView.swift:190:17: error: cannot find 'AttachmentListView' in scope
                AttachmentListView(attachments: $draftCourse.attachments, courseId: draftCourse.id)
                ^~~~~~~~~~~~~~~~~~
/Users/clevelandlewis/Documents/Roots/Roots/Roots/CourseDetailView.swift:250:30: error: cannot find 'Attachment' in scope
            let attachment = Attachment(name: url.lastPathComponent, localURL: destURL, tag: .syllabus)
                             ^~~~~~~~~~
/Users/clevelandlewis/Documents/Roots/Roots/Roots/CourseDetailView.swift:250:95: error: cannot infer contextual base in reference to member 'syllabus'
            let attachment = Attachment(name: url.lastPathComponent, localURL: destURL, tag: .syllabus)
                                                                                             ~^~~~~~~~
/Users/clevelandlewis/Documents/Roots/Roots/Roots/CourseDetailView.swift:251:13: error: referencing subscript 'subscript(dynamicMember:)' requires wrapper 'Binding<Course>'
            draftCourse.attachments.append(attachment)
            ^
            $
/Users/clevelandlewis/Documents/Roots/Roots/Roots/CourseDetailView.swift:251:37: error: cannot call value of non-function type 'Binding<Subject>'
            draftCourse.attachments.append(attachment)
                                    ^
/Users/clevelandlewis/Documents/Roots/Roots/Roots/CourseDetailView.swift:258:83: error: cannot find type 'Attachment' in scope
        let withModule = draftCourse.attachments.compactMap { attachment -> (Int, Attachment)? in
                                                                                  ^~~~~~~~~~
/Users/clevelandlewis/Documents/Roots/Roots/Roots/CourseDetailView.swift:258:26: error: referencing subscript 'subscript(dynamicMember:)' requires wrapper 'Binding<Course>'
        let withModule = draftCourse.attachments.compactMap { attachment -> (Int, Attachment)? in
                         ^
                         $
/Users/clevelandlewis/Documents/Roots/Roots/Roots/CourseEditView.swift:24:49: error: extra arguments at positions #1, #2, #3 in call
            _course = State(initialValue: Course(
                                                ^
/Users/clevelandlewis/Documents/Roots/Roots/Roots/CourseModels.swift:189:5: note: 'init(from:)' declared here
    init(from decoder: Decoder) throws {
    ^
/Users/clevelandlewis/Documents/Roots/Roots/Roots/CourseEditView.swift:25:17: error: missing argument for parameter 'from' in call
                title: "",
                ^
                from: <#any Decoder#>, 
/Users/clevelandlewis/Documents/Roots/Roots/Roots/CourseModels.swift:189:5: note: 'init(from:)' declared here
    init(from decoder: Decoder) throws {
    ^
/Users/clevelandlewis/Documents/Roots/Roots/Roots/CourseEditView.swift:32:49: error: extra arguments at positions #1, #2, #3 in call
            _course = State(initialValue: Course(
                                                ^
/Users/clevelandlewis/Documents/Roots/Roots/Roots/CourseModels.swift:189:5: note: 'init(from:)' declared here
    init(from decoder: Decoder) throws {
    ^
/Users/clevelandlewis/Documents/Roots/Roots/Roots/CourseEditView.swift:33:17: error: missing argument for parameter 'from' in call
                title: "",
                ^
                from: <#any Decoder#>, 
/Users/clevelandlewis/Documents/Roots/Roots/Roots/CourseModels.swift:189:5: note: 'init(from:)' declared here
    init(from decoder: Decoder) throws {
    ^
/Users/clevelandlewis/Documents/Roots/Roots/Roots/CourseModels.swift:136:8: error: type 'Course' does not conform to protocol 'Encodable'
struct Course: Identifiable, Codable, Hashable {
       ^
Swift.Encodable.encode:2:6: note: protocol requires function 'encode(to:)' with type 'Encodable'
func encode(to encoder: any Encoder) throws}
     ^
/Users/clevelandlewis/Documents/Roots/Roots/Roots/CourseModels.swift:151:9: note: cannot automatically synthesize 'Encodable' because '[Attachment]' does not conform to 'Encodable'
    var attachments: [Attachment]
        ^
/Users/clevelandlewis/Documents/Roots/Roots/Roots/CourseModels.swift:136:8: error: type 'Course' does not conform to protocol 'Encodable'
struct Course: Identifiable, Codable, Hashable {
       ^
Swift.Encodable.encode:2:6: note: protocol requires function 'encode(to:)' with type 'Encodable'
func encode(to encoder: any Encoder) throws}
     ^
/Users/clevelandlewis/Documents/Roots/Roots/Roots/CourseModels.swift:151:9: note: cannot automatically synthesize 'Encodable' because '[Attachment]' does not conform to 'Encodable'
    var attachments: [Attachment]
        ^
/Users/clevelandlewis/Documents/Roots/Roots/Roots/CourseModels.swift:136:8: error: type 'Course' does not conform to protocol 'Hashable'
struct Course: Identifiable, Codable, Hashable {
       ^
/Users/clevelandlewis/Documents/Roots/Roots/Roots/CourseModels.swift:151:9: note: stored property type '<<error type>>' does not conform to protocol 'Hashable', preventing synthesized conformance of 'Course' to 'Hashable'
    var attachments: [Attachment]
        ^
/Users/clevelandlewis/Documents/Roots/Roots/Roots/CourseModels.swift:136:8: error: type 'Course' does not conform to protocol 'Equatable'
struct Course: Identifiable, Codable, Hashable {
       ^
/Users/clevelandlewis/Documents/Roots/Roots/Roots/CourseModels.swift:151:9: note: stored property type '<<error type>>' does not conform to protocol 'Equatable', preventing synthesized conformance of 'Course' to 'Equatable'
    var attachments: [Attachment]
        ^
Swift.==:1:24: note: candidate would match if 'Course' conformed to 'RawRepresentable'
@inlinable public func == <T>(lhs: T, rhs: T) -> Bool where T : RawRepresentable, T.RawValue : Equatable
                       ^
Swift.FloatingPoint.==:2:20: note: candidate would match if 'Course' conformed to 'FloatingPoint'
public static func == (lhs: Self, rhs: Self) -> Bool}
                   ^
Swift.BinaryInteger.==:2:20: note: candidate would match if 'Course' conformed to 'BinaryInteger'
public static func == <Other>(lhs: Self, rhs: Other) -> Bool where Other : BinaryInteger}
                   ^
Swift._Pointer.==:2:20: note: candidate would match if 'Course' conformed to '_Pointer'
public static func == (lhs: Self, rhs: Self) -> Bool}
                   ^
Swift._Pointer.==:2:31: note: candidate would match if 'Course' conformed to '_Pointer'
@inlinable public static func == <Other>(lhs: Self, rhs: Other) -> Bool where Other : _Pointer}
                              ^
Swift.Strideable.==:2:31: note: candidate would match if 'Course' conformed to 'Strideable'
@inlinable public static func == (x: Self, y: Self) -> Bool}
                              ^
Swift.StringProtocol.==:2:31: note: candidate would match if 'Course' conformed to 'StringProtocol'
@inlinable public static func == <RHS>(lhs: Self, rhs: RHS) -> Bool where RHS : StringProtocol}
                              ^
Swift.SIMD.==:2:20: note: candidate would match if 'Course' conformed to 'SIMD'
public static func == (a: Self, b: Self) -> Bool}
                   ^
Foundation.AttributedStringProtocol.==:2:20: note: candidate would match if 'Course' conformed to 'AttributedStringProtocol'
public static func == <RHS>(lhs: Self, rhs: RHS) -> Bool where RHS : AttributedStringProtocol}
                   ^
Foundation._BridgedStoredNSError.==:2:20: note: candidate would match if 'Course' conformed to '_BridgedStoredNSError'
public static func == (lhs: Self, rhs: Self) -> Bool}
                   ^
CoreFoundation._CFObject.==:2:20: note: candidate would match if 'Course' conformed to '_CFObject'
public static func == (left: Self, right: Self) -> Bool}
                   ^
/Users/clevelandlewis/Documents/Roots/Roots/Roots/CourseModels.swift:136:8: note: add stubs for conformance
struct Course: Identifiable, Codable, Hashable {
       ^
Swift.Equatable.==:2:13: note: protocol requires function '==' with type '(Course, Course) -> Bool'
static func == (lhs: Self, rhs: Self) -> Bool}
            ^
/Users/clevelandlewis/Documents/Roots/Roots/Roots/CourseModels.swift:205:54: error: cannot find 'Attachment' in scope
        attachments = try container.decodeIfPresent([Attachment].self, forKey: .attachments) ?? []
                                                     ^~~~~~~~~~
/Users/clevelandlewis/Documents/Roots/Roots/Roots/CourseModels.swift:205:94: error: binary operator '??' cannot be applied to operands of type 'Bool?' and '[Any]'
        attachments = try container.decodeIfPresent([Attachment].self, forKey: .attachments) ?? []
                          ~~~~~~~~~~~~~~~~~~~~~~~~~~~~~~~~~~~~~~~~~~~~~~~~~~~~~~~~~~~~~~~~~~ ^  ~~
/Users/clevelandlewis/Documents/Roots/Roots/Roots/CourseModels.swift:205:37: error: no exact matches in call to instance method 'decodeIfPresent'
        attachments = try container.decodeIfPresent([Attachment].self, forKey: .attachments) ?? []
                                    ^
Swift.KeyedDecodingContainer.decodeIfPresent:2:13: note: candidate expects value of type 'Bool.Type' for parameter #1 (got '[Any]')
public func decodeIfPresent(_ type: Bool.Type, forKey key: KeyedDecodingContainer<K>.Key) throws -> Bool?}
            ^
Swift.KeyedDecodingContainer.decodeIfPresent:2:13: note: candidate expects value of type 'String.Type' for parameter #1 (got '[Any]')
public func decodeIfPresent(_ type: String.Type, forKey key: KeyedDecodingContainer<K>.Key) throws -> String?}
            ^
Swift.KeyedDecodingContainer.decodeIfPresent:2:13: note: candidate expects value of type 'Double.Type' for parameter #1 (got '[Any]')
public func decodeIfPresent(_ type: Double.Type, forKey key: KeyedDecodingContainer<K>.Key) throws -> Double?}
            ^
Swift.KeyedDecodingContainer.decodeIfPresent:2:13: note: candidate expects value of type 'Float.Type' for parameter #1 (got '[Any]')
public func decodeIfPresent(_ type: Float.Type, forKey key: KeyedDecodingContainer<K>.Key) throws -> Float?}
            ^
Swift.KeyedDecodingContainer.decodeIfPresent:2:13: note: candidate expects value of type 'Int.Type' for parameter #1 (got '[Any]')
public func decodeIfPresent(_ type: Int.Type, forKey key: KeyedDecodingContainer<K>.Key) throws -> Int?}
            ^
Swift.KeyedDecodingContainer.decodeIfPresent:2:13: note: candidate expects value of type 'Int8.Type' for parameter #1 (got '[Any]')
public func decodeIfPresent(_ type: Int8.Type, forKey key: KeyedDecodingContainer<K>.Key) throws -> Int8?}
            ^
Swift.KeyedDecodingContainer.decodeIfPresent:2:13: note: candidate expects value of type 'Int16.Type' for parameter #1 (got '[Any]')
public func decodeIfPresent(_ type: Int16.Type, forKey key: KeyedDecodingContainer<K>.Key) throws -> Int16?}
            ^
Swift.KeyedDecodingContainer.decodeIfPresent:2:13: note: candidate expects value of type 'Int32.Type' for parameter #1 (got '[Any]')
public func decodeIfPresent(_ type: Int32.Type, forKey key: KeyedDecodingContainer<K>.Key) throws -> Int32?}
            ^
Swift.KeyedDecodingContainer.decodeIfPresent:2:13: note: candidate expects value of type 'Int64.Type' for parameter #1 (got '[Any]')
public func decodeIfPresent(_ type: Int64.Type, forKey key: KeyedDecodingContainer<K>.Key) throws -> Int64?}
            ^
Swift.KeyedDecodingContainer.decodeIfPresent:3:15: note: candidate expects value of type 'Int128.Type' for parameter #1 (got '[Any]')
  public func decodeIfPresent(_ type: Int128.Type, forKey key: KeyedDecodingContainer<K>.Key) throws -> Int128?}
              ^
Swift.KeyedDecodingContainer.decodeIfPresent:2:13: note: candidate expects value of type 'UInt.Type' for parameter #1 (got '[Any]')
public func decodeIfPresent(_ type: UInt.Type, forKey key: KeyedDecodingContainer<K>.Key) throws -> UInt?}
            ^
Swift.KeyedDecodingContainer.decodeIfPresent:2:13: note: candidate expects value of type 'UInt8.Type' for parameter #1 (got '[Any]')
public func decodeIfPresent(_ type: UInt8.Type, forKey key: KeyedDecodingContainer<K>.Key) throws -> UInt8?}
            ^
Swift.KeyedDecodingContainer.decodeIfPresent:2:13: note: candidate expects value of type 'UInt16.Type' for parameter #1 (got '[Any]')
public func decodeIfPresent(_ type: UInt16.Type, forKey key: KeyedDecodingContainer<K>.Key) throws -> UInt16?}
            ^
Swift.KeyedDecodingContainer.decodeIfPresent:2:13: note: candidate expects value of type 'UInt32.Type' for parameter #1 (got '[Any]')
public func decodeIfPresent(_ type: UInt32.Type, forKey key: KeyedDecodingContainer<K>.Key) throws -> UInt32?}
            ^
Swift.KeyedDecodingContainer.decodeIfPresent:2:13: note: candidate expects value of type 'UInt64.Type' for parameter #1 (got '[Any]')
public func decodeIfPresent(_ type: UInt64.Type, forKey key: KeyedDecodingContainer<K>.Key) throws -> UInt64?}
            ^
Swift.KeyedDecodingContainer.decodeIfPresent:3:15: note: candidate expects value of type 'UInt128.Type' for parameter #1 (got '[Any]')
  public func decodeIfPresent(_ type: UInt128.Type, forKey key: KeyedDecodingContainer<K>.Key) throws -> UInt128?}
              ^
Swift.KeyedDecodingContainerProtocol.decodeIfPresent:2:13: note: candidate expects value of type 'Bool.Type' for parameter #1 (got '[Any]')
public func decodeIfPresent(_ type: Bool.Type, forKey key: Self.Key) throws -> Bool?}
            ^
Swift.KeyedDecodingContainerProtocol.decodeIfPresent:2:13: note: candidate expects value of type 'String.Type' for parameter #1 (got '[Any]')
public func decodeIfPresent(_ type: String.Type, forKey key: Self.Key) throws -> String?}
            ^
Swift.KeyedDecodingContainerProtocol.decodeIfPresent:2:13: note: candidate expects value of type 'Double.Type' for parameter #1 (got '[Any]')
public func decodeIfPresent(_ type: Double.Type, forKey key: Self.Key) throws -> Double?}
            ^
Swift.KeyedDecodingContainerProtocol.decodeIfPresent:2:13: note: candidate expects value of type 'Float.Type' for parameter #1 (got '[Any]')
public func decodeIfPresent(_ type: Float.Type, forKey key: Self.Key) throws -> Float?}
            ^
Swift.KeyedDecodingContainerProtocol.decodeIfPresent:2:13: note: candidate expects value of type 'Int.Type' for parameter #1 (got '[Any]')
public func decodeIfPresent(_ type: Int.Type, forKey key: Self.Key) throws -> Int?}
            ^
Swift.KeyedDecodingContainerProtocol.decodeIfPresent:2:13: note: candidate expects value of type 'Int8.Type' for parameter #1 (got '[Any]')
public func decodeIfPresent(_ type: Int8.Type, forKey key: Self.Key) throws -> Int8?}
            ^
Swift.KeyedDecodingContainerProtocol.decodeIfPresent:2:13: note: candidate expects value of type 'Int16.Type' for parameter #1 (got '[Any]')
public func decodeIfPresent(_ type: Int16.Type, forKey key: Self.Key) throws -> Int16?}
            ^
Swift.KeyedDecodingContainerProtocol.decodeIfPresent:2:13: note: candidate expects value of type 'Int32.Type' for parameter #1 (got '[Any]')
public func decodeIfPresent(_ type: Int32.Type, forKey key: Self.Key) throws -> Int32?}
            ^
Swift.KeyedDecodingContainerProtocol.decodeIfPresent:2:13: note: candidate expects value of type 'Int64.Type' for parameter #1 (got '[Any]')
public func decodeIfPresent(_ type: Int64.Type, forKey key: Self.Key) throws -> Int64?}
            ^
Swift.KeyedDecodingContainerProtocol.decodeIfPresent:3:15: note: candidate expects value of type 'Int128.Type' for parameter #1 (got '[Any]')
  public func decodeIfPresent(_ type: Int128.Type, forKey key: Self.Key) throws -> Int128?}
              ^
Swift.KeyedDecodingContainerProtocol.decodeIfPresent:2:13: note: candidate expects value of type 'UInt.Type' for parameter #1 (got '[Any]')
public func decodeIfPresent(_ type: UInt.Type, forKey key: Self.Key) throws -> UInt?}
            ^
Swift.KeyedDecodingContainerProtocol.decodeIfPresent:2:13: note: candidate expects value of type 'UInt8.Type' for parameter #1 (got '[Any]')
public func decodeIfPresent(_ type: UInt8.Type, forKey key: Self.Key) throws -> UInt8?}
            ^
Swift.KeyedDecodingContainerProtocol.decodeIfPresent:2:13: note: candidate expects value of type 'UInt16.Type' for parameter #1 (got '[Any]')
public func decodeIfPresent(_ type: UInt16.Type, forKey key: Self.Key) throws -> UInt16?}
            ^
Swift.KeyedDecodingContainerProtocol.decodeIfPresent:2:13: note: candidate expects value of type 'UInt32.Type' for parameter #1 (got '[Any]')
public func decodeIfPresent(_ type: UInt32.Type, forKey key: Self.Key) throws -> UInt32?}
            ^
Swift.KeyedDecodingContainerProtocol.decodeIfPresent:2:13: note: candidate expects value of type 'UInt64.Type' for parameter #1 (got '[Any]')
public func decodeIfPresent(_ type: UInt64.Type, forKey key: Self.Key) throws -> UInt64?}
            ^
Swift.KeyedDecodingContainerProtocol.decodeIfPresent:3:15: note: candidate expects value of type 'UInt128.Type' for parameter #1 (got '[Any]')
  public func decodeIfPresent(_ type: UInt128.Type, forKey key: Self.Key) throws -> UInt128?}
              ^
/Users/clevelandlewis/Documents/Roots/Roots/Roots/CoursesPageView.swift:300:35: error: extra arguments at positions #1, #2, #3, #4, #5, #6, #7, #8, #9, #10, #11, #12, #13, #14, #15 in call
            let newCourse = Course(
                                  ^
/Users/clevelandlewis/Documents/Roots/Roots/Roots/CourseModels.swift:189:5: note: 'init(from:)' declared here
    init(from decoder: Decoder) throws {
    ^
/Users/clevelandlewis/Documents/Roots/Roots/Roots/CoursesPageView.swift:301:17: error: missing argument for parameter 'from' in call
                id: course.id,
                ^
                from: <#any Decoder#>, 
/Users/clevelandlewis/Documents/Roots/Roots/Roots/CourseModels.swift:189:5: note: 'init(from:)' declared here
    init(from decoder: Decoder) throws {
    ^
/Users/clevelandlewis/Documents/Roots/Roots/Roots/CoursesPageView.swift:307:30: error: cannot infer contextual base in reference to member 'regular'
                courseType: .regular,
                            ~^~~~~~~
/Users/clevelandlewis/Documents/Roots/Roots/Roots/CoursesPageView.swift:311:30: error: cannot infer contextual base in reference to member 'credits'
                creditType: .credits,
                            ~^~~~~~~
/Users/clevelandlewis/Documents/Roots/Roots/Roots/CoursesPageView.swift:312:31: error: 'nil' requires a contextual type
                meetingTimes: nil,
                              ^
/Users/clevelandlewis/Documents/Roots/Roots/Roots/CoursesPageView.swift:313:27: error: 'nil' requires a contextual type
                syllabus: nil,
                          ^
/Users/clevelandlewis/Documents/Roots/Roots/Roots/CoursesPageView.swift:314:24: error: 'nil' requires a contextual type
                notes: nil,
                       ^
/Users/clevelandlewis/Documents/Roots/Roots/Roots/CoursesStore.swift:81:31: error: extra arguments at positions #1, #2, #3, #4 in call
        let newCourse = Course(title: title, code: code, semesterId: semester.id, isArchived: false)
                              ^
/Users/clevelandlewis/Documents/Roots/Roots/Roots/CourseModels.swift:189:5: note: 'init(from:)' declared here
    init(from decoder: Decoder) throws {
    ^
/Users/clevelandlewis/Documents/Roots/Roots/Roots/CoursesStore.swift:81:32: error: missing argument for parameter 'from' in call
        let newCourse = Course(title: title, code: code, semesterId: semester.id, isArchived: false)
                               ^
                               from: <#any Decoder#>, 
/Users/clevelandlewis/Documents/Roots/Roots/Roots/CourseModels.swift:189:5: note: 'init(from:)' declared here
    init(from decoder: Decoder) throws {
    ^
/Users/clevelandlewis/Documents/Roots/Roots/Roots/DashboardView.swift:12:42: error: cannot find type 'AnyCancellable' in scope
    @State private var cancellables: Set<AnyCancellable> = []
                                         ^~~~~~~~~~~~~~
/Users/clevelandlewis/Documents/Roots/Roots/Roots/FlashcardManager.swift:9:41: error: cannot find type 'FlashcardDeck' in scope
    @Published private(set) var decks: [FlashcardDeck] = []
                                        ^~~~~~~~~~~~~
/Users/clevelandlewis/Documents/Roots/Roots/Roots/FlashcardManager.swift:43:29: error: cannot find type 'FlashcardDeck' in scope
    func updateDeck(_ deck: FlashcardDeck) {
                            ^~~~~~~~~~~~~
/Users/clevelandlewis/Documents/Roots/Roots/Roots/FlashcardManager.swift:49:35: error: cannot find type 'FlashcardDeck' in scope
    func deck(withId id: UUID) -> FlashcardDeck? {
                                  ^~~~~~~~~~~~~
/Users/clevelandlewis/Documents/Roots/Roots/Roots/FlashcardManager.swift:53:71: error: cannot find type 'Flashcard' in scope
    func dueCards(for deckId: UUID, referenceDate: Date = Date()) -> [Flashcard] {
                                                                      ^~~~~~~~~
/Users/clevelandlewis/Documents/Roots/Roots/Roots/FlashcardManager.swift:67:29: error: cannot find type 'FlashcardDeck' in scope
    func exportToAnki(deck: FlashcardDeck) -> String {
                            ^~~~~~~~~~~~~
/Users/clevelandlewis/Documents/Roots/Roots/Roots/FlashcardManager.swift:144:33: error: cannot find type 'Flashcard' in scope
    func estimateInterval(card: Flashcard, grade: FlashcardRating) -> String {
                                ^~~~~~~~~
/Users/clevelandlewis/Documents/Roots/Roots/Roots/FlashcardManager.swift:28:20: error: cannot find 'FlashcardDeck' in scope
        let deck = FlashcardDeck(title: title, courseID: courseID)
                   ^~~~~~~~~~~~~
/Users/clevelandlewis/Documents/Roots/Roots/Roots/FlashcardManager.swift:37:20: error: cannot find 'Flashcard' in scope
        let card = Flashcard(frontText: front, backText: back, difficulty: difficulty, dueDate: Date())
                   ^~~~~~~~~
/Users/clevelandlewis/Documents/Roots/Roots/Roots/FlashcardManager.swift:83:55: error: reference to member 'atomic' cannot be resolved without a contextual type
            try data.write(to: storageURL, options: [.atomic, .completeFileProtection])
                                                      ^
/Users/clevelandlewis/Documents/Roots/Roots/Roots/FlashcardManager.swift:83:64: error: reference to member 'completeFileProtection' cannot be resolved without a contextual type
            try data.write(to: storageURL, options: [.atomic, .completeFileProtection])
                                                               ^
/Users/clevelandlewis/Documents/Roots/Roots/Roots/FlashcardManager.swift:97:47: error: cannot find 'FlashcardDeck' in scope
            decks = try JSONDecoder().decode([FlashcardDeck].self, from: data)
                                              ^~~~~~~~~~~~~
/Users/clevelandlewis/Documents/Roots/Roots/Roots/FlashcardManager.swift:97:46: error: cannot convert value of type '[Any]' to expected argument type '_.Type'
            decks = try JSONDecoder().decode([FlashcardDeck].self, from: data)
                                             ^
/Users/clevelandlewis/Documents/Roots/Roots/Roots/GradesPageView.swift:86:13: error: cannot find 'AddGradeSheet' in scope
            AddGradeSheet(
            ^~~~~~~~~~~~~
/Users/clevelandlewis/Documents/Roots/Roots/Roots/GradesPageView.swift:112:13: error: cannot find 'courseDeletedCancellable' in scope
            courseDeletedCancellable = CoursesStore.courseDeletedPublisher
            ^~~~~~~~~~~~~~~~~~~~~~~~
/Users/clevelandlewis/Documents/Roots/Roots/Roots/GradesPageView.swift:115:33: error: value of type 'GradesStore' has no dynamic member 'removeGrade' using key path from root type 'GradesStore'
                    gradesStore.removeGrade(for: deletedId)
                    ~~~~~~~~~~~ ^~~~~~~~~~~
/Users/clevelandlewis/Documents/Roots/Roots/Roots/GradesPageView.swift:115:21: error: referencing subscript 'subscript(dynamicMember:)' requires wrapper 'EnvironmentObject<GradesStore>.Wrapper'
                    gradesStore.removeGrade(for: deletedId)
                    ^
                    $
/Users/clevelandlewis/Documents/Roots/Roots/Roots/GradesPageView.swift:115:33: error: cannot call value of non-function type 'Binding<Subject>'
                    gradesStore.removeGrade(for: deletedId)
                                ^
/Users/clevelandlewis/Documents/Roots/Roots/Roots/GradesPageView.swift:203:13: error: cannot find 'GPABreakdownCard' in scope
            GPABreakdownCard(
            ^~~~~~~~~~~~~~~~
/Users/clevelandlewis/Documents/Roots/Roots/Roots/InsightsViewModel.swift:23:17: warning: no calls to throwing functions occur within 'try' expression
            _ = try await self?.withLoading(message: "Analyzing usage") {
/Users/clevelandlewis/Documents/Roots/Roots/Roots/PlannerEngine.swift:252:21: warning: variable 'slotsForDay' was never mutated; consider changing to 'let' constant
                var slotsForDay = slots(for: day)
                ~~~ ^
                let
/Users/clevelandlewis/Documents/Roots/Roots/Roots/PlannerPageView.swift:281:31: error: 'weak' may only be applied to class and class-bound protocol types, not 'PlannerPageView'
                .sink { [weak self] courseId in
                              ^
/Users/clevelandlewis/Documents/Roots/Roots/Roots/PlannerPageView.swift:296:31: error: 'weak' may only be applied to class and class-bound protocol types, not 'PlannerPageView'
                .sink { [weak self] deletedId in
                              ^
/Users/clevelandlewis/Documents/Roots/Roots/Roots/PlannerPageView.swift:281:31: warning: variable 'self' was never mutated; consider changing to 'let' constant
                .sink { [weak self] courseId in
                              ^
/Users/clevelandlewis/Documents/Roots/Roots/Roots/PlannerPageView.swift:296:31: warning: variable 'self' was never mutated; consider changing to 'let' constant
                .sink { [weak self] deletedId in
                              ^
/Users/clevelandlewis/Documents/Roots/Roots/Roots/PlannerService+Generation.swift:91:24: error: cannot infer contextual base in reference to member 'exam'
                type: .exam,
                      ~^~~~
/Users/clevelandlewis/Documents/Roots/Roots/Roots/SemesterEditView.swift:4:11: error: invalid redeclaration of 'SemesterTerm'
typealias SemesterTerm = SemesterType
          ^
/Users/clevelandlewis/Documents/Roots/Roots/Roots/SemesterEditView 4.swift:4:11: note: 'SemesterTerm' previously declared here
typealias SemesterTerm = SemesterType
          ^
/Users/clevelandlewis/Documents/Roots/Roots/Roots/SemesterEditView 4.swift:4:11: note: 'SemesterTerm' previously declared here
typealias SemesterTerm = SemesterType
          ^
/Users/clevelandlewis/Documents/Roots/Roots/Roots/SemesterEditView.swift:6:8: error: invalid redeclaration of 'SemesterEditorView'
struct SemesterEditorView: View {
       ^
/Users/clevelandlewis/Documents/Roots/Roots/Roots/SemesterEditView 4.swift:6:8: note: 'SemesterEditorView' previously declared here
struct SemesterEditorView: View {
       ^
/Users/clevelandlewis/Documents/Roots/Roots/Roots/SemesterEditView 4.swift:6:8: note: 'SemesterEditorView' previously declared here
struct SemesterEditorView: View {
       ^
/Users/clevelandlewis/Documents/Roots/Roots/Roots/SemesterEditView.swift:91:21: error: generic parameter 'SelectionValue' could not be inferred
                    Picker("Term", selection: $term) {
                    ^
/Users/clevelandlewis/Documents/Roots/Roots/Roots/SemesterEditView.swift:91:21: note: explicitly specify the generic arguments to fix this issue
                    Picker("Term", selection: $term) {
                    ^
                          <Text, <#SelectionValue: Hashable#>, ForEach<[SemesterType], String, some View>>
/Users/clevelandlewis/Documents/Roots/Roots/Roots/SemesterEditView 4.swift:91:21: error: generic parameter 'SelectionValue' could not be inferred
                    Picker("Term", selection: $term) {
                    ^
/Users/clevelandlewis/Documents/Roots/Roots/Roots/SemesterEditView 4.swift:91:21: note: explicitly specify the generic arguments to fix this issue
                    Picker("Term", selection: $term) {
                    ^
                          <Text, <#SelectionValue: Hashable#>, ForEach<[SemesterType], String, some View>>
/Users/clevelandlewis/Documents/Roots/Roots/Roots/SensoryFeedback.swift:21:14: warning: 'onChange(of:perform:)' was deprecated in macOS 14.0: Use `onChange` with a two or zero parameter action closure instead.
            .onChange(of: trigger) { newValue in
             ^
/Users/clevelandlewis/Documents/Roots/Roots/Roots/SettingsRootView.swift:78:21: error: cannot find 'PrivacySettingsView' in scope
                    PrivacySettingsView()
                    ^~~~~~~~~~~~~~~~~~~
/Users/clevelandlewis/Documents/Roots/Roots/Roots/TimerManager.swift:19:17: warning: reference to captured var 'self' in concurrently-executing code; this is an error in the Swift 6 language mode
                self?.tick()
                ^
/Users/clevelandlewis/Documents/Roots/Roots/Roots/TimerPageViewModel.swift:44:27: warning: capture of 'self' in a closure that outlives deinit; this is an error in the Swift 6 language mode
        _Concurrency.Task { @MainActor in
                          ^
/Users/clevelandlewis/Documents/Roots/Roots/Roots/TimerView.swift:50:25: error: cannot find 'CategoryPieChart' in scope
                        CategoryPieChart(initialRange: .today)
                        ^~~~~~~~~~~~~~~~
/Users/clevelandlewis/Documents/Roots/Roots/Roots/TimerView.swift:56:21: error: cannot find 'StudyHistoryBarChart' in scope
                    StudyHistoryBarChart(initialRange: .thisWeek)
                    ^~~~~~~~~~~~~~~~~~~~
/Users/clevelandlewis/Documents/Roots/Roots/Roots/TimerView.swift:50:57: error: cannot infer contextual base in reference to member 'today'
                        CategoryPieChart(initialRange: .today)
                                                       ~^~~~~

Failed frontend command:
/Applications/Xcode.app/Contents/Developer/Toolchains/XcodeDefault.xctoolchain/usr/bin/swift-frontend -frontend -c -filelist /Users/clevelandlewis/Documents/Roots/Roots/build/Roots.build/Release/Roots.build/Objects-normal/arm64/sources-2 -supplementary-output-file-map /Users/clevelandlewis/Documents/Roots/Roots/build/Roots.build/Release/Roots.build/Objects-normal/arm64/supplementaryOutputs-1 -emit-localized-strings -emit-localized-strings-path /Users/clevelandlewis/Documents/Roots/Roots/build/Roots.build/Release/Roots.build/Objects-normal/arm64 -target arm64-apple-macos26.1 -module-can-import-version AppKit 2685.20.119 2685.20.119 -module-can-import-version Charts 4.1.4 0 -module-can-import-version DeveloperToolsSupport 23.0.4 23.0.4 -module-can-import-version SwiftUI 7.1.13.1 7.1.13 -disable-cross-import-overlay-search -swift-module-cross-import SwiftData /Applications/Xcode.app/Contents/Developer/Platforms/MacOSX.platform/Developer/SDKs/MacOSX26.1.sdk/System/Library/Frameworks/SwiftData.framework/Modules/SwiftData.swiftcrossimport/CoreData.swiftoverlay -swift-module-cross-import SwiftData /Applications/Xcode.app/Contents/Developer/Platforms/MacOSX.platform/Developer/SDKs/MacOSX26.1.sdk/System/Library/Frameworks/SwiftData.framework/Modules/SwiftData.swiftcrossimport/SwiftUI.swiftoverlay -load-resolved-plugin /Applications/Xcode.app/Contents/Developer/Platforms/MacOSX.platform/Developer/usr/lib/swift/host/plugins/libFoundationMacros.dylib\#/Applications/Xcode.app/Contents/Developer/Platforms/MacOSX.platform/Developer/usr/bin/swift-plugin-server\#FoundationMacros -load-resolved-plugin /Applications/Xcode.app/Contents/Developer/Platforms/MacOSX.platform/Developer/usr/lib/swift/host/plugins/libObservationMacros.dylib\#/Applications/Xcode.app/Contents/Developer/Platforms/MacOSX.platform/Developer/usr/bin/swift-plugin-server\#ObservationMacros -load-resolved-plugin /Applications/Xcode.app/Contents/Developer/Platforms/MacOSX.platform/Developer/usr/lib/swift/host/plugins/libPreviewsMacros.dylib\#/Applications/Xcode.app/Contents/Developer/Platforms/MacOSX.platform/Developer/usr/bin/swift-plugin-server\#PreviewsMacros -load-resolved-plugin /Applications/Xcode.app/Contents/Developer/Platforms/MacOSX.platform/Developer/usr/lib/swift/host/plugins/libSwiftDataMacros.dylib\#/Applications/Xcode.app/Contents/Developer/Platforms/MacOSX.platform/Developer/usr/bin/swift-plugin-server\#SwiftDataMacros -load-resolved-plugin /Applications/Xcode.app/Contents/Developer/Platforms/MacOSX.platform/Developer/usr/lib/swift/host/plugins/libSwiftMacros.dylib\#/Applications/Xcode.app/Contents/Developer/Platforms/MacOSX.platform/Developer/usr/bin/swift-plugin-server\#SwiftMacros -load-resolved-plugin /Applications/Xcode.app/Contents/Developer/Platforms/MacOSX.platform/Developer/usr/lib/swift/host/plugins/libSwiftUIMacros.dylib\#/Applications/Xcode.app/Contents/Developer/Platforms/MacOSX.platform/Developer/usr/bin/swift-plugin-server\#SwiftUIMacros -disable-implicit-swift-modules -Xcc -fno-implicit-modules -Xcc -fno-implicit-module-maps -explicit-swift-module-map-file /Users/clevelandlewis/Documents/Roots/Roots/build/Roots.build/Release/Roots.build/Objects-normal/arm64/Roots-dependencies-1.json -Xllvm -aarch64-use-tbi -enable-objc-interop -stack-check -sdk /Applications/Xcode.app/Contents/Developer/Platforms/MacOSX.platform/Developer/SDKs/MacOSX26.1.sdk -I /Users/clevelandlewis/Documents/Roots/Roots/build/Release -F /Users/clevelandlewis/Documents/Roots/Roots/build/Release -no-color-diagnostics -Xcc -fno-color-diagnostics -g -debug-info-format\=dwarf -dwarf-version\=5 -module-cache-path /Users/clevelandlewis/Documents/Roots/Roots/build/SwiftExplicitPrecompiledModules -swift-version 5 -enforce-exclusivity\=checked -O -serialize-debugging-options -const-gather-protocols-file /Users/clevelandlewis/Documents/Roots/Roots/build/Roots.build/Release/Roots.build/Objects-normal/arm64/Roots_const_extract_protocols.json -enable-upcoming-feature DisableOutwardActorInference -enable-upcoming-feature InferSendableFromCaptures -enable-upcoming-feature GlobalActorIsolatedTypesUsability -enable-upcoming-feature MemberImportVisibility -enable-upcoming-feature InferIsolatedConformances -enable-upcoming-feature NonisolatedNonsendingByDefault -enable-experimental-feature DebugDescriptionMacro -enable-bare-slash-regex -default-isolation\=MainActor -empty-abi-descriptor -validate-clang-modules-once -clang-build-session-file /var/folders/wr/htbphpwn5x1cvhs4_p2v_vs80000gn/C/org.llvm.clang/ModuleCache.noindex/Session.modulevalidation -Xcc -working-directory -Xcc /Users/clevelandlewis/Documents/Roots/Roots -file-compilation-dir /Users/clevelandlewis/Documents/Roots/Roots -Xcc -ivfsstatcache -Xcc /var/folders/wr/htbphpwn5x1cvhs4_p2v_vs80000gn/C/com.apple.DeveloperTools/26.1.1-17B100/Xcode/SDKStatCaches.noindex/macosx26.1-25B74-3885c01c3e6b6a337905948deab2002e3ae1261907bdadc328169391a47051a6.sdkstatcache -Xcc -I/Users/clevelandlewis/Documents/Roots/Roots/build/Roots.build/Release/Roots.build/swift-overrides.hmap -Xcc -iquote -Xcc /Users/clevelandlewis/Documents/Roots/Roots/build/Roots.build/Release/Roots.build/Roots-generated-files.hmap -Xcc -I/Users/clevelandlewis/Documents/Roots/Roots/build/Roots.build/Release/Roots.build/Roots-own-target-headers.hmap -Xcc -I/Users/clevelandlewis/Documents/Roots/Roots/build/Roots.build/Release/Roots.build/Roots-all-target-headers.hmap -Xcc -iquote -Xcc /Users/clevelandlewis/Documents/Roots/Roots/build/Roots.build/Release/Roots.build/Roots-project-headers.hmap -Xcc -I/Users/clevelandlewis/Documents/Roots/Roots/build/Release/include -Xcc -I/Users/clevelandlewis/Documents/Roots/Roots/build/Roots.build/Release/Roots.build/DerivedSources-normal/arm64 -Xcc -I/Users/clevelandlewis/Documents/Roots/Roots/build/Roots.build/Release/Roots.build/DerivedSources/arm64 -Xcc -I/Users/clevelandlewis/Documents/Roots/Roots/build/Roots.build/Release/Roots.build/DerivedSources -no-auto-bridging-header-chaining -module-name Roots -frontend-parseable-output -disable-clang-spi -target-sdk-version 26.1 -target-sdk-name macosx26.1 -clang-target arm64-apple-macos26.1 -in-process-plugin-server-path /Applications/Xcode.app/Contents/Developer/Toolchains/XcodeDefault.xctoolchain/usr/lib/swift/host/libSwiftInProcPluginServer.dylib -enable-default-cmo -num-threads 8 -output-filelist /Users/clevelandlewis/Documents/Roots/Roots/build/Roots.build/Release/Roots.build/Objects-normal/arm64/outputs-1 -index-unit-output-path-filelist /Users/clevelandlewis/Documents/Roots/Roots/build/Roots.build/Release/Roots.build/Objects-normal/arm64/index-unit-outputs-2
