Command line invocation:
    /Applications/Xcode.app/Contents/Developer/usr/bin/xcodebuild -scheme Roots -project Roots.xcodeproj -configuration Debug build

ComputePackagePrebuildTargetDependencyGraph

Prepare packages

CreateBuildRequest

SendProjectDescription

CreateBuildOperation

ComputeTargetDependencyGraph
note: Building targets in dependency order
note: Target dependency graph (1 target)
    Target 'Roots' in project 'Roots' (no dependencies)

GatherProvisioningInputs

CreateBuildDescription

ExecuteExternalTool /Applications/Xcode.app/Contents/Developer/Toolchains/XcodeDefault.xctoolchain/usr/bin/clang -v -E -dM -isysroot /Applications/Xcode.app/Contents/Developer/Platforms/MacOSX.platform/Developer/SDKs/MacOSX26.1.sdk -x c -c /dev/null

ExecuteExternalTool /Applications/Xcode.app/Contents/Developer/usr/bin/actool --version --output-format xml1

ExecuteExternalTool /Applications/Xcode.app/Contents/Developer/Toolchains/XcodeDefault.xctoolchain/usr/bin/swiftc --version

ExecuteExternalTool /Applications/Xcode.app/Contents/Developer/Toolchains/XcodeDefault.xctoolchain/usr/bin/ld -version_details

Build description signature: c7bfd462f816e1459a7068a948bdd50e
Build description path: /Users/clevelandlewis/Library/Developer/Xcode/DerivedData/Roots-gevhpbduqwkhrjccazmpeopgipgn/Build/Intermediates.noindex/XCBuildData/c7bfd462f816e1459a7068a948bdd50e.xcbuilddata
ClangStatCache /Applications/Xcode.app/Contents/Developer/Toolchains/XcodeDefault.xctoolchain/usr/bin/clang-stat-cache /Applications/Xcode.app/Contents/Developer/Platforms/MacOSX.platform/Developer/SDKs/MacOSX26.1.sdk /Users/clevelandlewis/Library/Developer/Xcode/DerivedData/SDKStatCaches.noindex/macosx26.1-25B74-3885c01c3e6b6a337905948deab2002e3ae1261907bdadc328169391a47051a6.sdkstatcache
    cd /Users/clevelandlewis/Desktop/Roots/Roots/Roots.xcodeproj
    /Applications/Xcode.app/Contents/Developer/Toolchains/XcodeDefault.xctoolchain/usr/bin/clang-stat-cache /Applications/Xcode.app/Contents/Developer/Platforms/MacOSX.platform/Developer/SDKs/MacOSX26.1.sdk -o /Users/clevelandlewis/Library/Developer/Xcode/DerivedData/SDKStatCaches.noindex/macosx26.1-25B74-3885c01c3e6b6a337905948deab2002e3ae1261907bdadc328169391a47051a6.sdkstatcache

SwiftDriver Roots normal arm64 com.apple.xcode.tools.swift.compiler (in target 'Roots' from project 'Roots')
    cd /Users/clevelandlewis/Desktop/Roots/Roots
    builtin-SwiftDriver -- /Applications/Xcode.app/Contents/Developer/Toolchains/XcodeDefault.xctoolchain/usr/bin/swiftc -module-name Roots -Onone -enforce-exclusivity\=checked @/Users/clevelandlewis/Library/Developer/Xcode/DerivedData/Roots-gevhpbduqwkhrjccazmpeopgipgn/Build/Intermediates.noindex/Roots.build/Debug/Roots.build/Objects-normal/arm64/Roots.SwiftFileList -DDEBUG -default-isolation\=MainActor -enable-bare-slash-regex -enable-upcoming-feature DisableOutwardActorInference -enable-upcoming-feature InferSendableFromCaptures -enable-upcoming-feature GlobalActorIsolatedTypesUsability -enable-upcoming-feature MemberImportVisibility -enable-upcoming-feature InferIsolatedConformances -enable-upcoming-feature NonisolatedNonsendingByDefault -enable-experimental-feature DebugDescriptionMacro -sdk /Applications/Xcode.app/Contents/Developer/Platforms/MacOSX.platform/Developer/SDKs/MacOSX26.1.sdk -target arm64-apple-macos26.1 -g -module-cache-path /Users/clevelandlewis/Library/Developer/Xcode/DerivedData/ModuleCache.noindex -Xfrontend -serialize-debugging-options -profile-coverage-mapping -profile-generate -enable-testing -index-store-path /Users/clevelandlewis/Library/Developer/Xcode/DerivedData/Roots-gevhpbduqwkhrjccazmpeopgipgn/Index.noindex/DataStore -Xcc -D_LIBCPP_HARDENING_MODE\=_LIBCPP_HARDENING_MODE_DEBUG -swift-version 5 -I /Users/clevelandlewis/Library/Developer/Xcode/DerivedData/Roots-gevhpbduqwkhrjccazmpeopgipgn/Build/Products/Debug -F /Users/clevelandlewis/Library/Developer/Xcode/DerivedData/Roots-gevhpbduqwkhrjccazmpeopgipgn/Build/Products/Debug -emit-localized-strings -emit-localized-strings-path /Users/clevelandlewis/Library/Developer/Xcode/DerivedData/Roots-gevhpbduqwkhrjccazmpeopgipgn/Build/Intermediates.noindex/Roots.build/Debug/Roots.build/Objects-normal/arm64 -c -j8 -enable-batch-mode -incremental -Xcc -ivfsstatcache -Xcc /Users/clevelandlewis/Library/Developer/Xcode/DerivedData/SDKStatCaches.noindex/macosx26.1-25B74-3885c01c3e6b6a337905948deab2002e3ae1261907bdadc328169391a47051a6.sdkstatcache -output-file-map /Users/clevelandlewis/Library/Developer/Xcode/DerivedData/Roots-gevhpbduqwkhrjccazmpeopgipgn/Build/Intermediates.noindex/Roots.build/Debug/Roots.build/Objects-normal/arm64/Roots-OutputFileMap.json -use-frontend-parseable-output -save-temps -no-color-diagnostics -explicit-module-build -module-cache-path /Users/clevelandlewis/Library/Developer/Xcode/DerivedData/Roots-gevhpbduqwkhrjccazmpeopgipgn/Build/Intermediates.noindex/SwiftExplicitPrecompiledModules -clang-scanner-module-cache-path /Users/clevelandlewis/Library/Developer/Xcode/DerivedData/ModuleCache.noindex -sdk-module-cache-path /Users/clevelandlewis/Library/Developer/Xcode/DerivedData/ModuleCache.noindex -serialize-diagnostics -emit-dependencies -emit-module -emit-module-path /Users/clevelandlewis/Library/Developer/Xcode/DerivedData/Roots-gevhpbduqwkhrjccazmpeopgipgn/Build/Intermediates.noindex/Roots.build/Debug/Roots.build/Objects-normal/arm64/Roots.swiftmodule -validate-clang-modules-once -clang-build-session-file /Users/clevelandlewis/Library/Developer/Xcode/DerivedData/ModuleCache.noindex/Session.modulevalidation -Xcc -I/Users/clevelandlewis/Library/Developer/Xcode/DerivedData/Roots-gevhpbduqwkhrjccazmpeopgipgn/Build/Intermediates.noindex/Roots.build/Debug/Roots.build/swift-overrides.hmap -emit-const-values -Xfrontend -const-gather-protocols-file -Xfrontend /Users/clevelandlewis/Library/Developer/Xcode/DerivedData/Roots-gevhpbduqwkhrjccazmpeopgipgn/Build/Intermediates.noindex/Roots.build/Debug/Roots.build/Objects-normal/arm64/Roots_const_extract_protocols.json -Xcc -iquote -Xcc /Users/clevelandlewis/Library/Developer/Xcode/DerivedData/Roots-gevhpbduqwkhrjccazmpeopgipgn/Build/Intermediates.noindex/Roots.build/Debug/Roots.build/Roots-generated-files.hmap -Xcc -I/Users/clevelandlewis/Library/Developer/Xcode/DerivedData/Roots-gevhpbduqwkhrjccazmpeopgipgn/Build/Intermediates.noindex/Roots.build/Debug/Roots.build/Roots-own-target-headers.hmap -Xcc -I/Users/clevelandlewis/Library/Developer/Xcode/DerivedData/Roots-gevhpbduqwkhrjccazmpeopgipgn/Build/Intermediates.noindex/Roots.build/Debug/Roots.build/Roots-all-target-headers.hmap -Xcc -iquote -Xcc /Users/clevelandlewis/Library/Developer/Xcode/DerivedData/Roots-gevhpbduqwkhrjccazmpeopgipgn/Build/Intermediates.noindex/Roots.build/Debug/Roots.build/Roots-project-headers.hmap -Xcc -I/Users/clevelandlewis/Library/Developer/Xcode/DerivedData/Roots-gevhpbduqwkhrjccazmpeopgipgn/Build/Products/Debug/include -Xcc -I/Users/clevelandlewis/Library/Developer/Xcode/DerivedData/Roots-gevhpbduqwkhrjccazmpeopgipgn/Build/Intermediates.noindex/Roots.build/Debug/Roots.build/DerivedSources-normal/arm64 -Xcc -I/Users/clevelandlewis/Library/Developer/Xcode/DerivedData/Roots-gevhpbduqwkhrjccazmpeopgipgn/Build/Intermediates.noindex/Roots.build/Debug/Roots.build/DerivedSources/arm64 -Xcc -I/Users/clevelandlewis/Library/Developer/Xcode/DerivedData/Roots-gevhpbduqwkhrjccazmpeopgipgn/Build/Intermediates.noindex/Roots.build/Debug/Roots.build/DerivedSources -Xcc -DDEBUG\=1 -emit-objc-header -emit-objc-header-path /Users/clevelandlewis/Library/Developer/Xcode/DerivedData/Roots-gevhpbduqwkhrjccazmpeopgipgn/Build/Intermediates.noindex/Roots.build/Debug/Roots.build/Objects-normal/arm64/Roots-Swift.h -working-directory /Users/clevelandlewis/Desktop/Roots/Roots -experimental-emit-module-separately -disable-cmo
/Users/clevelandlewis/Desktop/Roots/Roots/Roots/ChartViewVerticalStacked.swift:149:2: error: Extraneous whitespace between '#' and macro name is not permitted
# run a brief build
 ^
  (in target 'Roots' from project 'Roots')
/Users/clevelandlewis/Desktop/Roots/Roots/Roots/ChartViewVerticalStacked.swift:149:6: error: Consecutive statements on a line must be separated by ';'
# run a brief build
     ^
     ; (in target 'Roots' from project 'Roots')
/Users/clevelandlewis/Desktop/Roots/Roots/Roots/ChartViewVerticalStacked.swift:149:7: error: Expressions are not allowed at the top level
# run a brief build
      ^ (in target 'Roots' from project 'Roots')
/Users/clevelandlewis/Desktop/Roots/Roots/Roots/ChartViewVerticalStacked.swift:149:8: error: Consecutive statements on a line must be separated by ';'
# run a brief build
       ^
       ; (in target 'Roots' from project 'Roots')
/Users/clevelandlewis/Desktop/Roots/Roots/Roots/ChartViewVerticalStacked.swift:149:9: error: Expressions are not allowed at the top level
# run a brief build
        ^ (in target 'Roots' from project 'Roots')
/Users/clevelandlewis/Desktop/Roots/Roots/Roots/ChartViewVerticalStacked.swift:149:14: error: Consecutive statements on a line must be separated by ';'
# run a brief build
             ^
             ; (in target 'Roots' from project 'Roots')
/Users/clevelandlewis/Desktop/Roots/Roots/Roots/ChartViewVerticalStacked.swift:149:15: error: Expressions are not allowed at the top level
# run a brief build
              ^ (in target 'Roots' from project 'Roots')
/Users/clevelandlewis/Desktop/Roots/Roots/Roots/ChartViewVerticalStacked.swift:150:1: error: Expressions are not allowed at the top level
xcodebuild -scheme Roots -project Roots.xcodeproj -configuration Debug -quiet
^ (in target 'Roots' from project 'Roots')
/Users/clevelandlewis/Desktop/Roots/Roots/Roots/ChartViewVerticalStacked.swift:150:11: error: Consecutive statements on a line must be separated by ';'
xcodebuild -scheme Roots -project Roots.xcodeproj -configuration Debug -quiet
          ^
          ; (in target 'Roots' from project 'Roots')
/Users/clevelandlewis/Desktop/Roots/Roots/Roots/ChartViewVerticalStacked.swift:150:12: error: Expressions are not allowed at the top level
xcodebuild -scheme Roots -project Roots.xcodeproj -configuration Debug -quiet
           ^ (in target 'Roots' from project 'Roots')
/Users/clevelandlewis/Desktop/Roots/Roots/Roots/ChartViewVerticalStacked.swift:150:19: error: Consecutive statements on a line must be separated by ';'
xcodebuild -scheme Roots -project Roots.xcodeproj -configuration Debug -quiet
                  ^
                  ; (in target 'Roots' from project 'Roots')
/Users/clevelandlewis/Desktop/Roots/Roots/Roots/ChartViewVerticalStacked.swift:150:20: error: Expressions are not allowed at the top level
xcodebuild -scheme Roots -project Roots.xcodeproj -configuration Debug -quiet
                   ^ (in target 'Roots' from project 'Roots')
/Users/clevelandlewis/Desktop/Roots/Roots/Roots/ChartViewVerticalStacked.swift:150:25: error: Consecutive statements on a line must be separated by ';'
xcodebuild -scheme Roots -project Roots.xcodeproj -configuration Debug -quiet
                        ^
                        ; (in target 'Roots' from project 'Roots')
/Users/clevelandlewis/Desktop/Roots/Roots/Roots/ChartViewVerticalStacked.swift:150:26: error: Expressions are not allowed at the top level
xcodebuild -scheme Roots -project Roots.xcodeproj -configuration Debug -quiet
                         ^ (in target 'Roots' from project 'Roots')
/Users/clevelandlewis/Desktop/Roots/Roots/Roots/ChartViewVerticalStacked.swift:150:34: error: Consecutive statements on a line must be separated by ';'
xcodebuild -scheme Roots -project Roots.xcodeproj -configuration Debug -quiet
                                 ^
                                 ; (in target 'Roots' from project 'Roots')
/Users/clevelandlewis/Desktop/Roots/Roots/Roots/ChartViewVerticalStacked.swift:150:35: error: Expressions are not allowed at the top level
xcodebuild -scheme Roots -project Roots.xcodeproj -configuration Debug -quiet
                                  ^ (in target 'Roots' from project 'Roots')
/Users/clevelandlewis/Desktop/Roots/Roots/Roots/ChartViewVerticalStacked.swift:150:50: error: Consecutive statements on a line must be separated by ';'
xcodebuild -scheme Roots -project Roots.xcodeproj -configuration Debug -quiet
                                                 ^
                                                 ; (in target 'Roots' from project 'Roots')
/Users/clevelandlewis/Desktop/Roots/Roots/Roots/ChartViewVerticalStacked.swift:150:51: error: Expressions are not allowed at the top level
xcodebuild -scheme Roots -project Roots.xcodeproj -configuration Debug -quiet
                                                  ^ (in target 'Roots' from project 'Roots')
/Users/clevelandlewis/Desktop/Roots/Roots/Roots/ChartViewVerticalStacked.swift:150:65: error: Consecutive statements on a line must be separated by ';'
xcodebuild -scheme Roots -project Roots.xcodeproj -configuration Debug -quiet
                                                                ^
                                                                ; (in target 'Roots' from project 'Roots')
/Users/clevelandlewis/Desktop/Roots/Roots/Roots/ChartViewVerticalStacked.swift:150:66: error: Expressions are not allowed at the top level
xcodebuild -scheme Roots -project Roots.xcodeproj -configuration Debug -quiet
                                                                 ^ (in target 'Roots' from project 'Roots')
/Users/clevelandlewis/Desktop/Roots/Roots/Roots/ChartViewVerticalStacked.swift:150:71: error: Consecutive statements on a line must be separated by ';'
xcodebuild -scheme Roots -project Roots.xcodeproj -configuration Debug -quiet
                                                                      ^
                                                                      ; (in target 'Roots' from project 'Roots')
/Users/clevelandlewis/Desktop/Roots/Roots/Roots/ChartViewVerticalStacked.swift:150:72: error: Expressions are not allowed at the top level
xcodebuild -scheme Roots -project Roots.xcodeproj -configuration Debug -quiet
                                                                       ^ (in target 'Roots' from project 'Roots')

ProcessInfoPlistFile /Users/clevelandlewis/Library/Developer/Xcode/DerivedData/Roots-gevhpbduqwkhrjccazmpeopgipgn/Build/Products/Debug/Roots.app/Contents/Info.plist /Users/clevelandlewis/Library/Developer/Xcode/DerivedData/Roots-gevhpbduqwkhrjccazmpeopgipgn/Build/Intermediates.noindex/Roots.build/Debug/Roots.build/empty-Roots.plist (in target 'Roots' from project 'Roots')
    cd /Users/clevelandlewis/Desktop/Roots/Roots
    builtin-infoPlistUtility /Users/clevelandlewis/Library/Developer/Xcode/DerivedData/Roots-gevhpbduqwkhrjccazmpeopgipgn/Build/Intermediates.noindex/Roots.build/Debug/Roots.build/empty-Roots.plist -producttype com.apple.product-type.application -genpkginfo /Users/clevelandlewis/Library/Developer/Xcode/DerivedData/Roots-gevhpbduqwkhrjccazmpeopgipgn/Build/Products/Debug/Roots.app/Contents/PkgInfo -expandbuildsettings -platform macosx -additionalcontentfile /Users/clevelandlewis/Library/Developer/Xcode/DerivedData/Roots-gevhpbduqwkhrjccazmpeopgipgn/Build/Intermediates.noindex/Roots.build/Debug/Roots.build/assetcatalog_generated_info.plist -o /Users/clevelandlewis/Library/Developer/Xcode/DerivedData/Roots-gevhpbduqwkhrjccazmpeopgipgn/Build/Products/Debug/Roots.app/Contents/Info.plist

